CRITICAL - 2024-08-07 02:45:38 --> ErrorException: Undefined array key "Token"
[Method: GET, Route: admin/value/detail]
in APPPATH\Controllers\Core\AuthController.php on line 26.
 1 APPPATH\Controllers\Core\AuthController.php(26): CodeIgniter\Debug\Exceptions->errorHandler(2, 'Undefined array key "Token"', 'C:\\wamp64\\www\\coba-coba-wir\\app\\Controllers\\Core\\AuthController.php', 26)
 2 APPPATH\Controllers\Admin\Value.php(33): App\Controllers\Core\AuthController->before([...])
 3 SYSTEMPATH\CodeIgniter.php(933): App\Controllers\Admin\Value->detail()
 4 SYSTEMPATH\CodeIgniter.php(509): CodeIgniter\CodeIgniter->runController(Object(App\Controllers\Admin\Value))
 5 SYSTEMPATH\CodeIgniter.php(355): CodeIgniter\CodeIgniter->handleRequest(null, Object(Config\Cache), false)
 6 SYSTEMPATH\Boot.php(325): CodeIgniter\CodeIgniter->run()
 7 SYSTEMPATH\Boot.php(67): CodeIgniter\Boot::runCodeIgniter(Object(CodeIgniter\CodeIgniter))
 8 FCPATH\index.php(56): CodeIgniter\Boot::bootWeb(Object(Config\Paths))
CRITICAL - 2024-08-07 02:47:58 --> ErrorException: Undefined array key "id"
[Method: GET, Route: admin/value/detail]
in APPPATH\Controllers\Admin\Value.php on line 39.
 1 APPPATH\Controllers\Admin\Value.php(39): CodeIgniter\Debug\Exceptions->errorHandler(2, 'Undefined array key "id"', 'C:\\wamp64\\www\\coba-coba-wir\\app\\Controllers\\Admin\\Value.php', 39)
 2 SYSTEMPATH\CodeIgniter.php(933): App\Controllers\Admin\Value->detail()
 3 SYSTEMPATH\CodeIgniter.php(509): CodeIgniter\CodeIgniter->runController(Object(App\Controllers\Admin\Value))
 4 SYSTEMPATH\CodeIgniter.php(355): CodeIgniter\CodeIgniter->handleRequest(null, Object(Config\Cache), false)
 5 SYSTEMPATH\Boot.php(325): CodeIgniter\CodeIgniter->run()
 6 SYSTEMPATH\Boot.php(67): CodeIgniter\Boot::runCodeIgniter(Object(CodeIgniter\CodeIgniter))
 7 FCPATH\index.php(56): CodeIgniter\Boot::bootWeb(Object(Config\Paths))
CRITICAL - 2024-08-07 02:48:40 --> ErrorException: Undefined array key "id"
[Method: GET, Route: admin/value/detail]
in APPPATH\Controllers\Admin\Value.php on line 39.
 1 APPPATH\Controllers\Admin\Value.php(39): CodeIgniter\Debug\Exceptions->errorHandler(2, 'Undefined array key "id"', 'C:\\wamp64\\www\\coba-coba-wir\\app\\Controllers\\Admin\\Value.php', 39)
 2 SYSTEMPATH\CodeIgniter.php(933): App\Controllers\Admin\Value->detail()
 3 SYSTEMPATH\CodeIgniter.php(509): CodeIgniter\CodeIgniter->runController(Object(App\Controllers\Admin\Value))
 4 SYSTEMPATH\CodeIgniter.php(355): CodeIgniter\CodeIgniter->handleRequest(null, Object(Config\Cache), false)
 5 SYSTEMPATH\Boot.php(325): CodeIgniter\CodeIgniter->run()
 6 SYSTEMPATH\Boot.php(67): CodeIgniter\Boot::runCodeIgniter(Object(CodeIgniter\CodeIgniter))
 7 FCPATH\index.php(56): CodeIgniter\Boot::bootWeb(Object(Config\Paths))
CRITICAL - 2024-08-07 02:48:40 --> ErrorException: Undefined array key "id"
[Method: GET, Route: admin/value/detail]
in APPPATH\Controllers\Admin\Value.php on line 39.
 1 APPPATH\Controllers\Admin\Value.php(39): CodeIgniter\Debug\Exceptions->errorHandler(2, 'Undefined array key "id"', 'C:\\wamp64\\www\\coba-coba-wir\\app\\Controllers\\Admin\\Value.php', 39)
 2 SYSTEMPATH\CodeIgniter.php(933): App\Controllers\Admin\Value->detail()
 3 SYSTEMPATH\CodeIgniter.php(509): CodeIgniter\CodeIgniter->runController(Object(App\Controllers\Admin\Value))
 4 SYSTEMPATH\CodeIgniter.php(355): CodeIgniter\CodeIgniter->handleRequest(null, Object(Config\Cache), false)
 5 SYSTEMPATH\Boot.php(325): CodeIgniter\CodeIgniter->run()
 6 SYSTEMPATH\Boot.php(67): CodeIgniter\Boot::runCodeIgniter(Object(CodeIgniter\CodeIgniter))
 7 FCPATH\index.php(56): CodeIgniter\Boot::bootWeb(Object(Config\Paths))
CRITICAL - 2024-08-07 02:48:41 --> ErrorException: Undefined array key "id"
[Method: GET, Route: admin/value/detail]
in APPPATH\Controllers\Admin\Value.php on line 39.
 1 APPPATH\Controllers\Admin\Value.php(39): CodeIgniter\Debug\Exceptions->errorHandler(2, 'Undefined array key "id"', 'C:\\wamp64\\www\\coba-coba-wir\\app\\Controllers\\Admin\\Value.php', 39)
 2 SYSTEMPATH\CodeIgniter.php(933): App\Controllers\Admin\Value->detail()
 3 SYSTEMPATH\CodeIgniter.php(509): CodeIgniter\CodeIgniter->runController(Object(App\Controllers\Admin\Value))
 4 SYSTEMPATH\CodeIgniter.php(355): CodeIgniter\CodeIgniter->handleRequest(null, Object(Config\Cache), false)
 5 SYSTEMPATH\Boot.php(325): CodeIgniter\CodeIgniter->run()
 6 SYSTEMPATH\Boot.php(67): CodeIgniter\Boot::runCodeIgniter(Object(CodeIgniter\CodeIgniter))
 7 FCPATH\index.php(56): CodeIgniter\Boot::bootWeb(Object(Config\Paths))
CRITICAL - 2024-08-07 02:48:41 --> ErrorException: Undefined array key "id"
[Method: GET, Route: admin/value/detail]
in APPPATH\Controllers\Admin\Value.php on line 39.
 1 APPPATH\Controllers\Admin\Value.php(39): CodeIgniter\Debug\Exceptions->errorHandler(2, 'Undefined array key "id"', 'C:\\wamp64\\www\\coba-coba-wir\\app\\Controllers\\Admin\\Value.php', 39)
 2 SYSTEMPATH\CodeIgniter.php(933): App\Controllers\Admin\Value->detail()
 3 SYSTEMPATH\CodeIgniter.php(509): CodeIgniter\CodeIgniter->runController(Object(App\Controllers\Admin\Value))
 4 SYSTEMPATH\CodeIgniter.php(355): CodeIgniter\CodeIgniter->handleRequest(null, Object(Config\Cache), false)
 5 SYSTEMPATH\Boot.php(325): CodeIgniter\CodeIgniter->run()
 6 SYSTEMPATH\Boot.php(67): CodeIgniter\Boot::runCodeIgniter(Object(CodeIgniter\CodeIgniter))
 7 FCPATH\index.php(56): CodeIgniter\Boot::bootWeb(Object(Config\Paths))
CRITICAL - 2024-08-07 02:48:41 --> ErrorException: Undefined array key "id"
[Method: GET, Route: admin/value/detail]
in APPPATH\Controllers\Admin\Value.php on line 39.
 1 APPPATH\Controllers\Admin\Value.php(39): CodeIgniter\Debug\Exceptions->errorHandler(2, 'Undefined array key "id"', 'C:\\wamp64\\www\\coba-coba-wir\\app\\Controllers\\Admin\\Value.php', 39)
 2 SYSTEMPATH\CodeIgniter.php(933): App\Controllers\Admin\Value->detail()
 3 SYSTEMPATH\CodeIgniter.php(509): CodeIgniter\CodeIgniter->runController(Object(App\Controllers\Admin\Value))
 4 SYSTEMPATH\CodeIgniter.php(355): CodeIgniter\CodeIgniter->handleRequest(null, Object(Config\Cache), false)
 5 SYSTEMPATH\Boot.php(325): CodeIgniter\CodeIgniter->run()
 6 SYSTEMPATH\Boot.php(67): CodeIgniter\Boot::runCodeIgniter(Object(CodeIgniter\CodeIgniter))
 7 FCPATH\index.php(56): CodeIgniter\Boot::bootWeb(Object(Config\Paths))
CRITICAL - 2024-08-07 02:49:04 --> ErrorException: Undefined array key "id"
[Method: GET, Route: admin/value/detail]
in APPPATH\Controllers\Admin\Value.php on line 39.
 1 APPPATH\Controllers\Admin\Value.php(39): CodeIgniter\Debug\Exceptions->errorHandler(2, 'Undefined array key "id"', 'C:\\wamp64\\www\\coba-coba-wir\\app\\Controllers\\Admin\\Value.php', 39)
 2 SYSTEMPATH\CodeIgniter.php(933): App\Controllers\Admin\Value->detail()
 3 SYSTEMPATH\CodeIgniter.php(509): CodeIgniter\CodeIgniter->runController(Object(App\Controllers\Admin\Value))
 4 SYSTEMPATH\CodeIgniter.php(355): CodeIgniter\CodeIgniter->handleRequest(null, Object(Config\Cache), false)
 5 SYSTEMPATH\Boot.php(325): CodeIgniter\CodeIgniter->run()
 6 SYSTEMPATH\Boot.php(67): CodeIgniter\Boot::runCodeIgniter(Object(CodeIgniter\CodeIgniter))
 7 FCPATH\index.php(56): CodeIgniter\Boot::bootWeb(Object(Config\Paths))
CRITICAL - 2024-08-07 02:49:05 --> ErrorException: Undefined array key "id"
[Method: GET, Route: admin/value/detail]
in APPPATH\Controllers\Admin\Value.php on line 39.
 1 APPPATH\Controllers\Admin\Value.php(39): CodeIgniter\Debug\Exceptions->errorHandler(2, 'Undefined array key "id"', 'C:\\wamp64\\www\\coba-coba-wir\\app\\Controllers\\Admin\\Value.php', 39)
 2 SYSTEMPATH\CodeIgniter.php(933): App\Controllers\Admin\Value->detail()
 3 SYSTEMPATH\CodeIgniter.php(509): CodeIgniter\CodeIgniter->runController(Object(App\Controllers\Admin\Value))
 4 SYSTEMPATH\CodeIgniter.php(355): CodeIgniter\CodeIgniter->handleRequest(null, Object(Config\Cache), false)
 5 SYSTEMPATH\Boot.php(325): CodeIgniter\CodeIgniter->run()
 6 SYSTEMPATH\Boot.php(67): CodeIgniter\Boot::runCodeIgniter(Object(CodeIgniter\CodeIgniter))
 7 FCPATH\index.php(56): CodeIgniter\Boot::bootWeb(Object(Config\Paths))
CRITICAL - 2024-08-07 02:49:05 --> ErrorException: Undefined array key "id"
[Method: GET, Route: admin/value/detail]
in APPPATH\Controllers\Admin\Value.php on line 39.
 1 APPPATH\Controllers\Admin\Value.php(39): CodeIgniter\Debug\Exceptions->errorHandler(2, 'Undefined array key "id"', 'C:\\wamp64\\www\\coba-coba-wir\\app\\Controllers\\Admin\\Value.php', 39)
 2 SYSTEMPATH\CodeIgniter.php(933): App\Controllers\Admin\Value->detail()
 3 SYSTEMPATH\CodeIgniter.php(509): CodeIgniter\CodeIgniter->runController(Object(App\Controllers\Admin\Value))
 4 SYSTEMPATH\CodeIgniter.php(355): CodeIgniter\CodeIgniter->handleRequest(null, Object(Config\Cache), false)
 5 SYSTEMPATH\Boot.php(325): CodeIgniter\CodeIgniter->run()
 6 SYSTEMPATH\Boot.php(67): CodeIgniter\Boot::runCodeIgniter(Object(CodeIgniter\CodeIgniter))
 7 FCPATH\index.php(56): CodeIgniter\Boot::bootWeb(Object(Config\Paths))
CRITICAL - 2024-08-07 02:50:44 --> ErrorException: Undefined array key "id"
[Method: GET, Route: admin/value/detail]
in APPPATH\Controllers\Admin\Value.php on line 39.
 1 APPPATH\Controllers\Admin\Value.php(39): CodeIgniter\Debug\Exceptions->errorHandler(2, 'Undefined array key "id"', 'C:\\wamp64\\www\\coba-coba-wir\\app\\Controllers\\Admin\\Value.php', 39)
 2 SYSTEMPATH\CodeIgniter.php(933): App\Controllers\Admin\Value->detail()
 3 SYSTEMPATH\CodeIgniter.php(509): CodeIgniter\CodeIgniter->runController(Object(App\Controllers\Admin\Value))
 4 SYSTEMPATH\CodeIgniter.php(355): CodeIgniter\CodeIgniter->handleRequest(null, Object(Config\Cache), false)
 5 SYSTEMPATH\Boot.php(325): CodeIgniter\CodeIgniter->run()
 6 SYSTEMPATH\Boot.php(67): CodeIgniter\Boot::runCodeIgniter(Object(CodeIgniter\CodeIgniter))
 7 FCPATH\index.php(56): CodeIgniter\Boot::bootWeb(Object(Config\Paths))
CRITICAL - 2024-08-07 07:05:46 --> Error: Call to a member function getResultArray() on bool
[Method: POST, Route: admin/variant/insert]
in APPPATH\Controllers\Admin\Variant.php on line 24.
 1 SYSTEMPATH\CodeIgniter.php(933): App\Controllers\Admin\Variant->insert()
 2 SYSTEMPATH\CodeIgniter.php(509): CodeIgniter\CodeIgniter->runController(Object(App\Controllers\Admin\Variant))
 3 SYSTEMPATH\CodeIgniter.php(355): CodeIgniter\CodeIgniter->handleRequest(null, Object(Config\Cache), false)
 4 SYSTEMPATH\Boot.php(325): CodeIgniter\CodeIgniter->run()
 5 SYSTEMPATH\Boot.php(67): CodeIgniter\Boot::runCodeIgniter(Object(CodeIgniter\CodeIgniter))
 6 FCPATH\index.php(56): CodeIgniter\Boot::bootWeb(Object(Config\Paths))
CRITICAL - 2024-08-07 07:06:24 --> Error: Call to a member function getResultRow() on bool
[Method: POST, Route: admin/variant/insert]
in APPPATH\Controllers\Admin\Variant.php on line 24.
 1 SYSTEMPATH\CodeIgniter.php(933): App\Controllers\Admin\Variant->insert()
 2 SYSTEMPATH\CodeIgniter.php(509): CodeIgniter\CodeIgniter->runController(Object(App\Controllers\Admin\Variant))
 3 SYSTEMPATH\CodeIgniter.php(355): CodeIgniter\CodeIgniter->handleRequest(null, Object(Config\Cache), false)
 4 SYSTEMPATH\Boot.php(325): CodeIgniter\CodeIgniter->run()
 5 SYSTEMPATH\Boot.php(67): CodeIgniter\Boot::runCodeIgniter(Object(CodeIgniter\CodeIgniter))
 6 FCPATH\index.php(56): CodeIgniter\Boot::bootWeb(Object(Config\Paths))
