CRITICAL - 2024-11-21 03:33:46 --> TypeError: Cannot access offset of type string on string
[Method: POST, Route: transaction/select]
in APPPATH\Controllers\Transaction.php on line 209.
 1 SYSTEMPATH\CodeIgniter.php(933): App\Controllers\Transaction->select()
 2 SYSTEMPATH\CodeIgniter.php(509): CodeIgniter\CodeIgniter->runController(Object(App\Controllers\Transaction))
 3 SYSTEMPATH\CodeIgniter.php(355): CodeIgniter\CodeIgniter->handleRequest(null, Object(Config\Cache), false)
 4 SYSTEMPATH\Boot.php(325): CodeIgniter\CodeIgniter->run()
 5 SYSTEMPATH\Boot.php(67): CodeIgniter\Boot::runCodeIgniter(Object(CodeIgniter\CodeIgniter))
 6 FCPATH\index.php(56): CodeIgniter\Boot::bootWeb(Object(Config\Paths))
CRITICAL - 2024-11-21 03:34:58 --> TypeError: Cannot access offset of type string on string
[Method: POST, Route: transaction/select]
in APPPATH\Controllers\Transaction.php on line 209.
 1 SYSTEMPATH\CodeIgniter.php(933): App\Controllers\Transaction->select()
 2 SYSTEMPATH\CodeIgniter.php(509): CodeIgniter\CodeIgniter->runController(Object(App\Controllers\Transaction))
 3 SYSTEMPATH\CodeIgniter.php(355): CodeIgniter\CodeIgniter->handleRequest(null, Object(Config\Cache), false)
 4 SYSTEMPATH\Boot.php(325): CodeIgniter\CodeIgniter->run()
 5 SYSTEMPATH\Boot.php(67): CodeIgniter\Boot::runCodeIgniter(Object(CodeIgniter\CodeIgniter))
 6 FCPATH\index.php(56): CodeIgniter\Boot::bootWeb(Object(Config\Paths))
CRITICAL - 2024-11-21 07:18:33 --> TypeError: Cannot access offset of type string on string
[Method: POST, Route: transaction/select]
in APPPATH\Controllers\Transaction.php on line 135.
 1 SYSTEMPATH\CodeIgniter.php(933): App\Controllers\Transaction->select()
 2 SYSTEMPATH\CodeIgniter.php(509): CodeIgniter\CodeIgniter->runController(Object(App\Controllers\Transaction))
 3 SYSTEMPATH\CodeIgniter.php(355): CodeIgniter\CodeIgniter->handleRequest(null, Object(Config\Cache), false)
 4 SYSTEMPATH\Boot.php(325): CodeIgniter\CodeIgniter->run()
 5 SYSTEMPATH\Boot.php(67): CodeIgniter\Boot::runCodeIgniter(Object(CodeIgniter\CodeIgniter))
 6 FCPATH\index.php(56): CodeIgniter\Boot::bootWeb(Object(Config\Paths))
CRITICAL - 2024-11-21 07:31:03 --> TypeError: Cannot access offset of type string on string
[Method: POST, Route: transaction/select]
in APPPATH\Controllers\Transaction.php on line 135.
 1 SYSTEMPATH\CodeIgniter.php(933): App\Controllers\Transaction->select()
 2 SYSTEMPATH\CodeIgniter.php(509): CodeIgniter\CodeIgniter->runController(Object(App\Controllers\Transaction))
 3 SYSTEMPATH\CodeIgniter.php(355): CodeIgniter\CodeIgniter->handleRequest(null, Object(Config\Cache), false)
 4 SYSTEMPATH\Boot.php(325): CodeIgniter\CodeIgniter->run()
 5 SYSTEMPATH\Boot.php(67): CodeIgniter\Boot::runCodeIgniter(Object(CodeIgniter\CodeIgniter))
 6 FCPATH\index.php(56): CodeIgniter\Boot::bootWeb(Object(Config\Paths))
CRITICAL - 2024-11-21 07:33:38 --> TypeError: Cannot access offset of type string on string
[Method: POST, Route: transaction/select]
in APPPATH\Controllers\Transaction.php on line 135.
 1 SYSTEMPATH\CodeIgniter.php(933): App\Controllers\Transaction->select()
 2 SYSTEMPATH\CodeIgniter.php(509): CodeIgniter\CodeIgniter->runController(Object(App\Controllers\Transaction))
 3 SYSTEMPATH\CodeIgniter.php(355): CodeIgniter\CodeIgniter->handleRequest(null, Object(Config\Cache), false)
 4 SYSTEMPATH\Boot.php(325): CodeIgniter\CodeIgniter->run()
 5 SYSTEMPATH\Boot.php(67): CodeIgniter\Boot::runCodeIgniter(Object(CodeIgniter\CodeIgniter))
 6 FCPATH\index.php(56): CodeIgniter\Boot::bootWeb(Object(Config\Paths))
CRITICAL - 2024-11-21 07:56:28 --> TypeError: Cannot access offset of type string on string
[Method: POST, Route: transaction/select]
in APPPATH\Controllers\Transaction.php on line 135.
 1 SYSTEMPATH\CodeIgniter.php(933): App\Controllers\Transaction->select()
 2 SYSTEMPATH\CodeIgniter.php(509): CodeIgniter\CodeIgniter->runController(Object(App\Controllers\Transaction))
 3 SYSTEMPATH\CodeIgniter.php(355): CodeIgniter\CodeIgniter->handleRequest(null, Object(Config\Cache), false)
 4 SYSTEMPATH\Boot.php(325): CodeIgniter\CodeIgniter->run()
 5 SYSTEMPATH\Boot.php(67): CodeIgniter\Boot::runCodeIgniter(Object(CodeIgniter\CodeIgniter))
 6 FCPATH\index.php(56): CodeIgniter\Boot::bootWeb(Object(Config\Paths))
CRITICAL - 2024-11-21 09:01:34 --> TypeError: Cannot access offset of type string on string
[Method: POST, Route: transaction/select]
in APPPATH\Controllers\Transaction.php on line 209.
 1 SYSTEMPATH\CodeIgniter.php(933): App\Controllers\Transaction->select()
 2 SYSTEMPATH\CodeIgniter.php(509): CodeIgniter\CodeIgniter->runController(Object(App\Controllers\Transaction))
 3 SYSTEMPATH\CodeIgniter.php(355): CodeIgniter\CodeIgniter->handleRequest(null, Object(Config\Cache), false)
 4 SYSTEMPATH\Boot.php(325): CodeIgniter\CodeIgniter->run()
 5 SYSTEMPATH\Boot.php(67): CodeIgniter\Boot::runCodeIgniter(Object(CodeIgniter\CodeIgniter))
 6 FCPATH\index.php(56): CodeIgniter\Boot::bootWeb(Object(Config\Paths))
ERROR - 2024-11-21 16:14:17 --> mysqli_sql_exception: Incorrect table name '' in C:\wamp64\www\e-commerce\system\Database\MySQLi\Connection.php:310
Stack trace:
#0 C:\wamp64\www\e-commerce\system\Database\MySQLi\Connection.php(310): mysqli->query('SELECT bank_id ...', 0)
#1 C:\wamp64\www\e-commerce\system\Database\BaseConnection.php(732): CodeIgniter\Database\MySQLi\Connection->execute('SELECT bank_id ...')
#2 C:\wamp64\www\e-commerce\system\Database\BaseConnection.php(646): CodeIgniter\Database\BaseConnection->simpleQuery('SELECT bank_id ...')
#3 C:\wamp64\www\e-commerce\app\Helpers\query_helper.php(175): CodeIgniter\Database\BaseConnection->query('SELECT bank_id ...')
#4 C:\wamp64\www\e-commerce\app\Controllers\ListPublic.php(101): generateListData(Array, Array, Object(CodeIgniter\Database\MySQLi\Connection))
#5 C:\wamp64\www\e-commerce\system\CodeIgniter.php(933): App\Controllers\ListPublic->bank()
#6 C:\wamp64\www\e-commerce\system\CodeIgniter.php(509): CodeIgniter\CodeIgniter->runController(Object(App\Controllers\ListPublic))
#7 C:\wamp64\www\e-commerce\system\CodeIgniter.php(355): CodeIgniter\CodeIgniter->handleRequest(NULL, Object(Config\Cache), false)
#8 C:\wamp64\www\e-commerce\system\Boot.php(325): CodeIgniter\CodeIgniter->run()
#9 C:\wamp64\www\e-commerce\system\Boot.php(67): CodeIgniter\Boot::runCodeIgniter(Object(CodeIgniter\CodeIgniter))
#10 C:\wamp64\www\e-commerce\public\index.php(56): CodeIgniter\Boot::bootWeb(Object(Config\Paths))
#11 {main}
CRITICAL - 2024-11-21 16:14:17 --> CodeIgniter\Database\Exceptions\DatabaseException: Incorrect table name ''
[Method: GET, Route: listpublic/bank]
in SYSTEMPATH\Database\BaseConnection.php on line 686.
 1 APPPATH\Helpers\query_helper.php(175): CodeIgniter\Database\BaseConnection->query('SELECT bank_id AS id, bank_name AS name, bank_account_name AS account_name, bank_account_number AS account_number, bank_code AS code FROM ``')
 2 APPPATH\Controllers\ListPublic.php(101): generateListData([], [...], Object(CodeIgniter\Database\MySQLi\Connection))
 3 SYSTEMPATH\CodeIgniter.php(933): App\Controllers\ListPublic->bank()
 4 SYSTEMPATH\CodeIgniter.php(509): CodeIgniter\CodeIgniter->runController(Object(App\Controllers\ListPublic))
 5 SYSTEMPATH\CodeIgniter.php(355): CodeIgniter\CodeIgniter->handleRequest(null, Object(Config\Cache), false)
 6 SYSTEMPATH\Boot.php(325): CodeIgniter\CodeIgniter->run()
 7 SYSTEMPATH\Boot.php(67): CodeIgniter\Boot::runCodeIgniter(Object(CodeIgniter\CodeIgniter))
 8 FCPATH\index.php(56): CodeIgniter\Boot::bootWeb(Object(Config\Paths))
CRITICAL - 2024-11-21 16:14:17 --> [Caused by] CodeIgniter\Database\Exceptions\DatabaseException: Incorrect table name ''
in SYSTEMPATH\Database\MySQLi\Connection.php on line 315.
 1 SYSTEMPATH\Database\BaseConnection.php(732): CodeIgniter\Database\MySQLi\Connection->execute('SELECT bank_id AS id, bank_name AS name, bank_account_name AS account_name, bank_account_number AS account_number, bank_code AS code FROM ``')
 2 SYSTEMPATH\Database\BaseConnection.php(646): CodeIgniter\Database\BaseConnection->simpleQuery('SELECT bank_id AS id, bank_name AS name, bank_account_name AS account_name, bank_account_number AS account_number, bank_code AS code FROM ``')
 3 APPPATH\Helpers\query_helper.php(175): CodeIgniter\Database\BaseConnection->query('SELECT bank_id AS id, bank_name AS name, bank_account_name AS account_name, bank_account_number AS account_number, bank_code AS code FROM ``')
 4 APPPATH\Controllers\ListPublic.php(101): generateListData([], [...], Object(CodeIgniter\Database\MySQLi\Connection))
 5 SYSTEMPATH\CodeIgniter.php(933): App\Controllers\ListPublic->bank()
 6 SYSTEMPATH\CodeIgniter.php(509): CodeIgniter\CodeIgniter->runController(Object(App\Controllers\ListPublic))
 7 SYSTEMPATH\CodeIgniter.php(355): CodeIgniter\CodeIgniter->handleRequest(null, Object(Config\Cache), false)
 8 SYSTEMPATH\Boot.php(325): CodeIgniter\CodeIgniter->run()
 9 SYSTEMPATH\Boot.php(67): CodeIgniter\Boot::runCodeIgniter(Object(CodeIgniter\CodeIgniter))
10 FCPATH\index.php(56): CodeIgniter\Boot::bootWeb(Object(Config\Paths))
CRITICAL - 2024-11-21 16:14:17 --> [Caused by] mysqli_sql_exception: Incorrect table name ''
in SYSTEMPATH\Database\MySQLi\Connection.php on line 310.
 1 SYSTEMPATH\Database\MySQLi\Connection.php(310): mysqli->query('SELECT bank_id AS id, bank_name AS name, bank_account_name AS account_name, bank_account_number AS account_number, bank_code AS code FROM ``', 0)
 2 SYSTEMPATH\Database\BaseConnection.php(732): CodeIgniter\Database\MySQLi\Connection->execute('SELECT bank_id AS id, bank_name AS name, bank_account_name AS account_name, bank_account_number AS account_number, bank_code AS code FROM ``')
 3 SYSTEMPATH\Database\BaseConnection.php(646): CodeIgniter\Database\BaseConnection->simpleQuery('SELECT bank_id AS id, bank_name AS name, bank_account_name AS account_name, bank_account_number AS account_number, bank_code AS code FROM ``')
 4 APPPATH\Helpers\query_helper.php(175): CodeIgniter\Database\BaseConnection->query('SELECT bank_id AS id, bank_name AS name, bank_account_name AS account_name, bank_account_number AS account_number, bank_code AS code FROM ``')
 5 APPPATH\Controllers\ListPublic.php(101): generateListData([], [...], Object(CodeIgniter\Database\MySQLi\Connection))
 6 SYSTEMPATH\CodeIgniter.php(933): App\Controllers\ListPublic->bank()
 7 SYSTEMPATH\CodeIgniter.php(509): CodeIgniter\CodeIgniter->runController(Object(App\Controllers\ListPublic))
 8 SYSTEMPATH\CodeIgniter.php(355): CodeIgniter\CodeIgniter->handleRequest(null, Object(Config\Cache), false)
 9 SYSTEMPATH\Boot.php(325): CodeIgniter\CodeIgniter->run()
10 SYSTEMPATH\Boot.php(67): CodeIgniter\Boot::runCodeIgniter(Object(CodeIgniter\CodeIgniter))
11 FCPATH\index.php(56): CodeIgniter\Boot::bootWeb(Object(Config\Paths))
ERROR - 2024-11-21 16:14:18 --> mysqli_sql_exception: Incorrect table name '' in C:\wamp64\www\e-commerce\system\Database\MySQLi\Connection.php:310
Stack trace:
#0 C:\wamp64\www\e-commerce\system\Database\MySQLi\Connection.php(310): mysqli->query('SELECT bank_id ...', 0)
#1 C:\wamp64\www\e-commerce\system\Database\BaseConnection.php(732): CodeIgniter\Database\MySQLi\Connection->execute('SELECT bank_id ...')
#2 C:\wamp64\www\e-commerce\system\Database\BaseConnection.php(646): CodeIgniter\Database\BaseConnection->simpleQuery('SELECT bank_id ...')
#3 C:\wamp64\www\e-commerce\app\Helpers\query_helper.php(175): CodeIgniter\Database\BaseConnection->query('SELECT bank_id ...')
#4 C:\wamp64\www\e-commerce\app\Controllers\ListPublic.php(101): generateListData(Array, Array, Object(CodeIgniter\Database\MySQLi\Connection))
#5 C:\wamp64\www\e-commerce\system\CodeIgniter.php(933): App\Controllers\ListPublic->bank()
#6 C:\wamp64\www\e-commerce\system\CodeIgniter.php(509): CodeIgniter\CodeIgniter->runController(Object(App\Controllers\ListPublic))
#7 C:\wamp64\www\e-commerce\system\CodeIgniter.php(355): CodeIgniter\CodeIgniter->handleRequest(NULL, Object(Config\Cache), false)
#8 C:\wamp64\www\e-commerce\system\Boot.php(325): CodeIgniter\CodeIgniter->run()
#9 C:\wamp64\www\e-commerce\system\Boot.php(67): CodeIgniter\Boot::runCodeIgniter(Object(CodeIgniter\CodeIgniter))
#10 C:\wamp64\www\e-commerce\public\index.php(56): CodeIgniter\Boot::bootWeb(Object(Config\Paths))
#11 {main}
CRITICAL - 2024-11-21 16:14:18 --> CodeIgniter\Database\Exceptions\DatabaseException: Incorrect table name ''
[Method: GET, Route: listpublic/bank]
in SYSTEMPATH\Database\BaseConnection.php on line 686.
 1 APPPATH\Helpers\query_helper.php(175): CodeIgniter\Database\BaseConnection->query('SELECT bank_id AS id, bank_name AS name, bank_account_name AS account_name, bank_account_number AS account_number, bank_code AS code FROM ``')
 2 APPPATH\Controllers\ListPublic.php(101): generateListData([], [...], Object(CodeIgniter\Database\MySQLi\Connection))
 3 SYSTEMPATH\CodeIgniter.php(933): App\Controllers\ListPublic->bank()
 4 SYSTEMPATH\CodeIgniter.php(509): CodeIgniter\CodeIgniter->runController(Object(App\Controllers\ListPublic))
 5 SYSTEMPATH\CodeIgniter.php(355): CodeIgniter\CodeIgniter->handleRequest(null, Object(Config\Cache), false)
 6 SYSTEMPATH\Boot.php(325): CodeIgniter\CodeIgniter->run()
 7 SYSTEMPATH\Boot.php(67): CodeIgniter\Boot::runCodeIgniter(Object(CodeIgniter\CodeIgniter))
 8 FCPATH\index.php(56): CodeIgniter\Boot::bootWeb(Object(Config\Paths))
CRITICAL - 2024-11-21 16:14:18 --> [Caused by] CodeIgniter\Database\Exceptions\DatabaseException: Incorrect table name ''
in SYSTEMPATH\Database\MySQLi\Connection.php on line 315.
 1 SYSTEMPATH\Database\BaseConnection.php(732): CodeIgniter\Database\MySQLi\Connection->execute('SELECT bank_id AS id, bank_name AS name, bank_account_name AS account_name, bank_account_number AS account_number, bank_code AS code FROM ``')
 2 SYSTEMPATH\Database\BaseConnection.php(646): CodeIgniter\Database\BaseConnection->simpleQuery('SELECT bank_id AS id, bank_name AS name, bank_account_name AS account_name, bank_account_number AS account_number, bank_code AS code FROM ``')
 3 APPPATH\Helpers\query_helper.php(175): CodeIgniter\Database\BaseConnection->query('SELECT bank_id AS id, bank_name AS name, bank_account_name AS account_name, bank_account_number AS account_number, bank_code AS code FROM ``')
 4 APPPATH\Controllers\ListPublic.php(101): generateListData([], [...], Object(CodeIgniter\Database\MySQLi\Connection))
 5 SYSTEMPATH\CodeIgniter.php(933): App\Controllers\ListPublic->bank()
 6 SYSTEMPATH\CodeIgniter.php(509): CodeIgniter\CodeIgniter->runController(Object(App\Controllers\ListPublic))
 7 SYSTEMPATH\CodeIgniter.php(355): CodeIgniter\CodeIgniter->handleRequest(null, Object(Config\Cache), false)
 8 SYSTEMPATH\Boot.php(325): CodeIgniter\CodeIgniter->run()
 9 SYSTEMPATH\Boot.php(67): CodeIgniter\Boot::runCodeIgniter(Object(CodeIgniter\CodeIgniter))
10 FCPATH\index.php(56): CodeIgniter\Boot::bootWeb(Object(Config\Paths))
CRITICAL - 2024-11-21 16:14:18 --> [Caused by] mysqli_sql_exception: Incorrect table name ''
in SYSTEMPATH\Database\MySQLi\Connection.php on line 310.
 1 SYSTEMPATH\Database\MySQLi\Connection.php(310): mysqli->query('SELECT bank_id AS id, bank_name AS name, bank_account_name AS account_name, bank_account_number AS account_number, bank_code AS code FROM ``', 0)
 2 SYSTEMPATH\Database\BaseConnection.php(732): CodeIgniter\Database\MySQLi\Connection->execute('SELECT bank_id AS id, bank_name AS name, bank_account_name AS account_name, bank_account_number AS account_number, bank_code AS code FROM ``')
 3 SYSTEMPATH\Database\BaseConnection.php(646): CodeIgniter\Database\BaseConnection->simpleQuery('SELECT bank_id AS id, bank_name AS name, bank_account_name AS account_name, bank_account_number AS account_number, bank_code AS code FROM ``')
 4 APPPATH\Helpers\query_helper.php(175): CodeIgniter\Database\BaseConnection->query('SELECT bank_id AS id, bank_name AS name, bank_account_name AS account_name, bank_account_number AS account_number, bank_code AS code FROM ``')
 5 APPPATH\Controllers\ListPublic.php(101): generateListData([], [...], Object(CodeIgniter\Database\MySQLi\Connection))
 6 SYSTEMPATH\CodeIgniter.php(933): App\Controllers\ListPublic->bank()
 7 SYSTEMPATH\CodeIgniter.php(509): CodeIgniter\CodeIgniter->runController(Object(App\Controllers\ListPublic))
 8 SYSTEMPATH\CodeIgniter.php(355): CodeIgniter\CodeIgniter->handleRequest(null, Object(Config\Cache), false)
 9 SYSTEMPATH\Boot.php(325): CodeIgniter\CodeIgniter->run()
10 SYSTEMPATH\Boot.php(67): CodeIgniter\Boot::runCodeIgniter(Object(CodeIgniter\CodeIgniter))
11 FCPATH\index.php(56): CodeIgniter\Boot::bootWeb(Object(Config\Paths))
ERROR - 2024-11-21 16:14:20 --> mysqli_sql_exception: Incorrect table name '' in C:\wamp64\www\e-commerce\system\Database\MySQLi\Connection.php:310
Stack trace:
#0 C:\wamp64\www\e-commerce\system\Database\MySQLi\Connection.php(310): mysqli->query('SELECT bank_id ...', 0)
#1 C:\wamp64\www\e-commerce\system\Database\BaseConnection.php(732): CodeIgniter\Database\MySQLi\Connection->execute('SELECT bank_id ...')
#2 C:\wamp64\www\e-commerce\system\Database\BaseConnection.php(646): CodeIgniter\Database\BaseConnection->simpleQuery('SELECT bank_id ...')
#3 C:\wamp64\www\e-commerce\app\Helpers\query_helper.php(175): CodeIgniter\Database\BaseConnection->query('SELECT bank_id ...')
#4 C:\wamp64\www\e-commerce\app\Controllers\ListPublic.php(101): generateListData(Array, Array, Object(CodeIgniter\Database\MySQLi\Connection))
#5 C:\wamp64\www\e-commerce\system\CodeIgniter.php(933): App\Controllers\ListPublic->bank()
#6 C:\wamp64\www\e-commerce\system\CodeIgniter.php(509): CodeIgniter\CodeIgniter->runController(Object(App\Controllers\ListPublic))
#7 C:\wamp64\www\e-commerce\system\CodeIgniter.php(355): CodeIgniter\CodeIgniter->handleRequest(NULL, Object(Config\Cache), false)
#8 C:\wamp64\www\e-commerce\system\Boot.php(325): CodeIgniter\CodeIgniter->run()
#9 C:\wamp64\www\e-commerce\system\Boot.php(67): CodeIgniter\Boot::runCodeIgniter(Object(CodeIgniter\CodeIgniter))
#10 C:\wamp64\www\e-commerce\public\index.php(56): CodeIgniter\Boot::bootWeb(Object(Config\Paths))
#11 {main}
CRITICAL - 2024-11-21 16:14:20 --> CodeIgniter\Database\Exceptions\DatabaseException: Incorrect table name ''
[Method: GET, Route: listpublic/bank]
in SYSTEMPATH\Database\BaseConnection.php on line 686.
 1 APPPATH\Helpers\query_helper.php(175): CodeIgniter\Database\BaseConnection->query('SELECT bank_id AS id, bank_name AS name, bank_account_name AS account_name, bank_account_number AS account_number, bank_code AS code FROM ``')
 2 APPPATH\Controllers\ListPublic.php(101): generateListData([], [...], Object(CodeIgniter\Database\MySQLi\Connection))
 3 SYSTEMPATH\CodeIgniter.php(933): App\Controllers\ListPublic->bank()
 4 SYSTEMPATH\CodeIgniter.php(509): CodeIgniter\CodeIgniter->runController(Object(App\Controllers\ListPublic))
 5 SYSTEMPATH\CodeIgniter.php(355): CodeIgniter\CodeIgniter->handleRequest(null, Object(Config\Cache), false)
 6 SYSTEMPATH\Boot.php(325): CodeIgniter\CodeIgniter->run()
 7 SYSTEMPATH\Boot.php(67): CodeIgniter\Boot::runCodeIgniter(Object(CodeIgniter\CodeIgniter))
 8 FCPATH\index.php(56): CodeIgniter\Boot::bootWeb(Object(Config\Paths))
CRITICAL - 2024-11-21 16:14:20 --> [Caused by] CodeIgniter\Database\Exceptions\DatabaseException: Incorrect table name ''
in SYSTEMPATH\Database\MySQLi\Connection.php on line 315.
 1 SYSTEMPATH\Database\BaseConnection.php(732): CodeIgniter\Database\MySQLi\Connection->execute('SELECT bank_id AS id, bank_name AS name, bank_account_name AS account_name, bank_account_number AS account_number, bank_code AS code FROM ``')
 2 SYSTEMPATH\Database\BaseConnection.php(646): CodeIgniter\Database\BaseConnection->simpleQuery('SELECT bank_id AS id, bank_name AS name, bank_account_name AS account_name, bank_account_number AS account_number, bank_code AS code FROM ``')
 3 APPPATH\Helpers\query_helper.php(175): CodeIgniter\Database\BaseConnection->query('SELECT bank_id AS id, bank_name AS name, bank_account_name AS account_name, bank_account_number AS account_number, bank_code AS code FROM ``')
 4 APPPATH\Controllers\ListPublic.php(101): generateListData([], [...], Object(CodeIgniter\Database\MySQLi\Connection))
 5 SYSTEMPATH\CodeIgniter.php(933): App\Controllers\ListPublic->bank()
 6 SYSTEMPATH\CodeIgniter.php(509): CodeIgniter\CodeIgniter->runController(Object(App\Controllers\ListPublic))
 7 SYSTEMPATH\CodeIgniter.php(355): CodeIgniter\CodeIgniter->handleRequest(null, Object(Config\Cache), false)
 8 SYSTEMPATH\Boot.php(325): CodeIgniter\CodeIgniter->run()
 9 SYSTEMPATH\Boot.php(67): CodeIgniter\Boot::runCodeIgniter(Object(CodeIgniter\CodeIgniter))
10 FCPATH\index.php(56): CodeIgniter\Boot::bootWeb(Object(Config\Paths))
CRITICAL - 2024-11-21 16:14:20 --> [Caused by] mysqli_sql_exception: Incorrect table name ''
in SYSTEMPATH\Database\MySQLi\Connection.php on line 310.
 1 SYSTEMPATH\Database\MySQLi\Connection.php(310): mysqli->query('SELECT bank_id AS id, bank_name AS name, bank_account_name AS account_name, bank_account_number AS account_number, bank_code AS code FROM ``', 0)
 2 SYSTEMPATH\Database\BaseConnection.php(732): CodeIgniter\Database\MySQLi\Connection->execute('SELECT bank_id AS id, bank_name AS name, bank_account_name AS account_name, bank_account_number AS account_number, bank_code AS code FROM ``')
 3 SYSTEMPATH\Database\BaseConnection.php(646): CodeIgniter\Database\BaseConnection->simpleQuery('SELECT bank_id AS id, bank_name AS name, bank_account_name AS account_name, bank_account_number AS account_number, bank_code AS code FROM ``')
 4 APPPATH\Helpers\query_helper.php(175): CodeIgniter\Database\BaseConnection->query('SELECT bank_id AS id, bank_name AS name, bank_account_name AS account_name, bank_account_number AS account_number, bank_code AS code FROM ``')
 5 APPPATH\Controllers\ListPublic.php(101): generateListData([], [...], Object(CodeIgniter\Database\MySQLi\Connection))
 6 SYSTEMPATH\CodeIgniter.php(933): App\Controllers\ListPublic->bank()
 7 SYSTEMPATH\CodeIgniter.php(509): CodeIgniter\CodeIgniter->runController(Object(App\Controllers\ListPublic))
 8 SYSTEMPATH\CodeIgniter.php(355): CodeIgniter\CodeIgniter->handleRequest(null, Object(Config\Cache), false)
 9 SYSTEMPATH\Boot.php(325): CodeIgniter\CodeIgniter->run()
10 SYSTEMPATH\Boot.php(67): CodeIgniter\Boot::runCodeIgniter(Object(CodeIgniter\CodeIgniter))
11 FCPATH\index.php(56): CodeIgniter\Boot::bootWeb(Object(Config\Paths))
ERROR - 2024-11-21 16:14:50 --> mysqli_sql_exception: Unknown column 'bank_code_name' in 'field list' in C:\wamp64\www\e-commerce\system\Database\MySQLi\Connection.php:310
Stack trace:
#0 C:\wamp64\www\e-commerce\system\Database\MySQLi\Connection.php(310): mysqli->query('SELECT bank_id ...', 0)
#1 C:\wamp64\www\e-commerce\system\Database\BaseConnection.php(732): CodeIgniter\Database\MySQLi\Connection->execute('SELECT bank_id ...')
#2 C:\wamp64\www\e-commerce\system\Database\BaseConnection.php(646): CodeIgniter\Database\BaseConnection->simpleQuery('SELECT bank_id ...')
#3 C:\wamp64\www\e-commerce\app\Helpers\query_helper.php(175): CodeIgniter\Database\BaseConnection->query('SELECT bank_id ...')
#4 C:\wamp64\www\e-commerce\app\Controllers\ListPublic.php(101): generateListData(Array, Array, Object(CodeIgniter\Database\MySQLi\Connection))
#5 C:\wamp64\www\e-commerce\system\CodeIgniter.php(933): App\Controllers\ListPublic->bank()
#6 C:\wamp64\www\e-commerce\system\CodeIgniter.php(509): CodeIgniter\CodeIgniter->runController(Object(App\Controllers\ListPublic))
#7 C:\wamp64\www\e-commerce\system\CodeIgniter.php(355): CodeIgniter\CodeIgniter->handleRequest(NULL, Object(Config\Cache), false)
#8 C:\wamp64\www\e-commerce\system\Boot.php(325): CodeIgniter\CodeIgniter->run()
#9 C:\wamp64\www\e-commerce\system\Boot.php(67): CodeIgniter\Boot::runCodeIgniter(Object(CodeIgniter\CodeIgniter))
#10 C:\wamp64\www\e-commerce\public\index.php(56): CodeIgniter\Boot::bootWeb(Object(Config\Paths))
#11 {main}
CRITICAL - 2024-11-21 16:14:50 --> CodeIgniter\Database\Exceptions\DatabaseException: Unknown column 'bank_code_name' in 'field list'
[Method: GET, Route: listpublic/bank]
in SYSTEMPATH\Database\BaseConnection.php on line 686.
 1 APPPATH\Helpers\query_helper.php(175): CodeIgniter\Database\BaseConnection->query('SELECT bank_id AS id, bank_name AS name, bank_account_name AS account_name, bank_account_number AS account_number, bank_code_name AS code FROM `bank`')
 2 APPPATH\Controllers\ListPublic.php(101): generateListData([], [...], Object(CodeIgniter\Database\MySQLi\Connection))
 3 SYSTEMPATH\CodeIgniter.php(933): App\Controllers\ListPublic->bank()
 4 SYSTEMPATH\CodeIgniter.php(509): CodeIgniter\CodeIgniter->runController(Object(App\Controllers\ListPublic))
 5 SYSTEMPATH\CodeIgniter.php(355): CodeIgniter\CodeIgniter->handleRequest(null, Object(Config\Cache), false)
 6 SYSTEMPATH\Boot.php(325): CodeIgniter\CodeIgniter->run()
 7 SYSTEMPATH\Boot.php(67): CodeIgniter\Boot::runCodeIgniter(Object(CodeIgniter\CodeIgniter))
 8 FCPATH\index.php(56): CodeIgniter\Boot::bootWeb(Object(Config\Paths))
CRITICAL - 2024-11-21 16:14:50 --> [Caused by] CodeIgniter\Database\Exceptions\DatabaseException: Unknown column 'bank_code_name' in 'field list'
in SYSTEMPATH\Database\MySQLi\Connection.php on line 315.
 1 SYSTEMPATH\Database\BaseConnection.php(732): CodeIgniter\Database\MySQLi\Connection->execute('SELECT bank_id AS id, bank_name AS name, bank_account_name AS account_name, bank_account_number AS account_number, bank_code_name AS code FROM `bank`')
 2 SYSTEMPATH\Database\BaseConnection.php(646): CodeIgniter\Database\BaseConnection->simpleQuery('SELECT bank_id AS id, bank_name AS name, bank_account_name AS account_name, bank_account_number AS account_number, bank_code_name AS code FROM `bank`')
 3 APPPATH\Helpers\query_helper.php(175): CodeIgniter\Database\BaseConnection->query('SELECT bank_id AS id, bank_name AS name, bank_account_name AS account_name, bank_account_number AS account_number, bank_code_name AS code FROM `bank`')
 4 APPPATH\Controllers\ListPublic.php(101): generateListData([], [...], Object(CodeIgniter\Database\MySQLi\Connection))
 5 SYSTEMPATH\CodeIgniter.php(933): App\Controllers\ListPublic->bank()
 6 SYSTEMPATH\CodeIgniter.php(509): CodeIgniter\CodeIgniter->runController(Object(App\Controllers\ListPublic))
 7 SYSTEMPATH\CodeIgniter.php(355): CodeIgniter\CodeIgniter->handleRequest(null, Object(Config\Cache), false)
 8 SYSTEMPATH\Boot.php(325): CodeIgniter\CodeIgniter->run()
 9 SYSTEMPATH\Boot.php(67): CodeIgniter\Boot::runCodeIgniter(Object(CodeIgniter\CodeIgniter))
10 FCPATH\index.php(56): CodeIgniter\Boot::bootWeb(Object(Config\Paths))
CRITICAL - 2024-11-21 16:14:50 --> [Caused by] mysqli_sql_exception: Unknown column 'bank_code_name' in 'field list'
in SYSTEMPATH\Database\MySQLi\Connection.php on line 310.
 1 SYSTEMPATH\Database\MySQLi\Connection.php(310): mysqli->query('SELECT bank_id AS id, bank_name AS name, bank_account_name AS account_name, bank_account_number AS account_number, bank_code_name AS code FROM `bank`', 0)
 2 SYSTEMPATH\Database\BaseConnection.php(732): CodeIgniter\Database\MySQLi\Connection->execute('SELECT bank_id AS id, bank_name AS name, bank_account_name AS account_name, bank_account_number AS account_number, bank_code_name AS code FROM `bank`')
 3 SYSTEMPATH\Database\BaseConnection.php(646): CodeIgniter\Database\BaseConnection->simpleQuery('SELECT bank_id AS id, bank_name AS name, bank_account_name AS account_name, bank_account_number AS account_number, bank_code_name AS code FROM `bank`')
 4 APPPATH\Helpers\query_helper.php(175): CodeIgniter\Database\BaseConnection->query('SELECT bank_id AS id, bank_name AS name, bank_account_name AS account_name, bank_account_number AS account_number, bank_code_name AS code FROM `bank`')
 5 APPPATH\Controllers\ListPublic.php(101): generateListData([], [...], Object(CodeIgniter\Database\MySQLi\Connection))
 6 SYSTEMPATH\CodeIgniter.php(933): App\Controllers\ListPublic->bank()
 7 SYSTEMPATH\CodeIgniter.php(509): CodeIgniter\CodeIgniter->runController(Object(App\Controllers\ListPublic))
 8 SYSTEMPATH\CodeIgniter.php(355): CodeIgniter\CodeIgniter->handleRequest(null, Object(Config\Cache), false)
 9 SYSTEMPATH\Boot.php(325): CodeIgniter\CodeIgniter->run()
10 SYSTEMPATH\Boot.php(67): CodeIgniter\Boot::runCodeIgniter(Object(CodeIgniter\CodeIgniter))
11 FCPATH\index.php(56): CodeIgniter\Boot::bootWeb(Object(Config\Paths))
ERROR - 2024-11-21 16:14:50 --> mysqli_sql_exception: Unknown column 'bank_code_name' in 'field list' in C:\wamp64\www\e-commerce\system\Database\MySQLi\Connection.php:310
Stack trace:
#0 C:\wamp64\www\e-commerce\system\Database\MySQLi\Connection.php(310): mysqli->query('SELECT bank_id ...', 0)
#1 C:\wamp64\www\e-commerce\system\Database\BaseConnection.php(732): CodeIgniter\Database\MySQLi\Connection->execute('SELECT bank_id ...')
#2 C:\wamp64\www\e-commerce\system\Database\BaseConnection.php(646): CodeIgniter\Database\BaseConnection->simpleQuery('SELECT bank_id ...')
#3 C:\wamp64\www\e-commerce\app\Helpers\query_helper.php(175): CodeIgniter\Database\BaseConnection->query('SELECT bank_id ...')
#4 C:\wamp64\www\e-commerce\app\Controllers\ListPublic.php(101): generateListData(Array, Array, Object(CodeIgniter\Database\MySQLi\Connection))
#5 C:\wamp64\www\e-commerce\system\CodeIgniter.php(933): App\Controllers\ListPublic->bank()
#6 C:\wamp64\www\e-commerce\system\CodeIgniter.php(509): CodeIgniter\CodeIgniter->runController(Object(App\Controllers\ListPublic))
#7 C:\wamp64\www\e-commerce\system\CodeIgniter.php(355): CodeIgniter\CodeIgniter->handleRequest(NULL, Object(Config\Cache), false)
#8 C:\wamp64\www\e-commerce\system\Boot.php(325): CodeIgniter\CodeIgniter->run()
#9 C:\wamp64\www\e-commerce\system\Boot.php(67): CodeIgniter\Boot::runCodeIgniter(Object(CodeIgniter\CodeIgniter))
#10 C:\wamp64\www\e-commerce\public\index.php(56): CodeIgniter\Boot::bootWeb(Object(Config\Paths))
#11 {main}
CRITICAL - 2024-11-21 16:14:50 --> CodeIgniter\Database\Exceptions\DatabaseException: Unknown column 'bank_code_name' in 'field list'
[Method: GET, Route: listpublic/bank]
in SYSTEMPATH\Database\BaseConnection.php on line 686.
 1 APPPATH\Helpers\query_helper.php(175): CodeIgniter\Database\BaseConnection->query('SELECT bank_id AS id, bank_name AS name, bank_account_name AS account_name, bank_account_number AS account_number, bank_code_name AS code FROM `bank`')
 2 APPPATH\Controllers\ListPublic.php(101): generateListData([], [...], Object(CodeIgniter\Database\MySQLi\Connection))
 3 SYSTEMPATH\CodeIgniter.php(933): App\Controllers\ListPublic->bank()
 4 SYSTEMPATH\CodeIgniter.php(509): CodeIgniter\CodeIgniter->runController(Object(App\Controllers\ListPublic))
 5 SYSTEMPATH\CodeIgniter.php(355): CodeIgniter\CodeIgniter->handleRequest(null, Object(Config\Cache), false)
 6 SYSTEMPATH\Boot.php(325): CodeIgniter\CodeIgniter->run()
 7 SYSTEMPATH\Boot.php(67): CodeIgniter\Boot::runCodeIgniter(Object(CodeIgniter\CodeIgniter))
 8 FCPATH\index.php(56): CodeIgniter\Boot::bootWeb(Object(Config\Paths))
CRITICAL - 2024-11-21 16:14:50 --> [Caused by] CodeIgniter\Database\Exceptions\DatabaseException: Unknown column 'bank_code_name' in 'field list'
in SYSTEMPATH\Database\MySQLi\Connection.php on line 315.
 1 SYSTEMPATH\Database\BaseConnection.php(732): CodeIgniter\Database\MySQLi\Connection->execute('SELECT bank_id AS id, bank_name AS name, bank_account_name AS account_name, bank_account_number AS account_number, bank_code_name AS code FROM `bank`')
 2 SYSTEMPATH\Database\BaseConnection.php(646): CodeIgniter\Database\BaseConnection->simpleQuery('SELECT bank_id AS id, bank_name AS name, bank_account_name AS account_name, bank_account_number AS account_number, bank_code_name AS code FROM `bank`')
 3 APPPATH\Helpers\query_helper.php(175): CodeIgniter\Database\BaseConnection->query('SELECT bank_id AS id, bank_name AS name, bank_account_name AS account_name, bank_account_number AS account_number, bank_code_name AS code FROM `bank`')
 4 APPPATH\Controllers\ListPublic.php(101): generateListData([], [...], Object(CodeIgniter\Database\MySQLi\Connection))
 5 SYSTEMPATH\CodeIgniter.php(933): App\Controllers\ListPublic->bank()
 6 SYSTEMPATH\CodeIgniter.php(509): CodeIgniter\CodeIgniter->runController(Object(App\Controllers\ListPublic))
 7 SYSTEMPATH\CodeIgniter.php(355): CodeIgniter\CodeIgniter->handleRequest(null, Object(Config\Cache), false)
 8 SYSTEMPATH\Boot.php(325): CodeIgniter\CodeIgniter->run()
 9 SYSTEMPATH\Boot.php(67): CodeIgniter\Boot::runCodeIgniter(Object(CodeIgniter\CodeIgniter))
10 FCPATH\index.php(56): CodeIgniter\Boot::bootWeb(Object(Config\Paths))
CRITICAL - 2024-11-21 16:14:50 --> [Caused by] mysqli_sql_exception: Unknown column 'bank_code_name' in 'field list'
in SYSTEMPATH\Database\MySQLi\Connection.php on line 310.
 1 SYSTEMPATH\Database\MySQLi\Connection.php(310): mysqli->query('SELECT bank_id AS id, bank_name AS name, bank_account_name AS account_name, bank_account_number AS account_number, bank_code_name AS code FROM `bank`', 0)
 2 SYSTEMPATH\Database\BaseConnection.php(732): CodeIgniter\Database\MySQLi\Connection->execute('SELECT bank_id AS id, bank_name AS name, bank_account_name AS account_name, bank_account_number AS account_number, bank_code_name AS code FROM `bank`')
 3 SYSTEMPATH\Database\BaseConnection.php(646): CodeIgniter\Database\BaseConnection->simpleQuery('SELECT bank_id AS id, bank_name AS name, bank_account_name AS account_name, bank_account_number AS account_number, bank_code_name AS code FROM `bank`')
 4 APPPATH\Helpers\query_helper.php(175): CodeIgniter\Database\BaseConnection->query('SELECT bank_id AS id, bank_name AS name, bank_account_name AS account_name, bank_account_number AS account_number, bank_code_name AS code FROM `bank`')
 5 APPPATH\Controllers\ListPublic.php(101): generateListData([], [...], Object(CodeIgniter\Database\MySQLi\Connection))
 6 SYSTEMPATH\CodeIgniter.php(933): App\Controllers\ListPublic->bank()
 7 SYSTEMPATH\CodeIgniter.php(509): CodeIgniter\CodeIgniter->runController(Object(App\Controllers\ListPublic))
 8 SYSTEMPATH\CodeIgniter.php(355): CodeIgniter\CodeIgniter->handleRequest(null, Object(Config\Cache), false)
 9 SYSTEMPATH\Boot.php(325): CodeIgniter\CodeIgniter->run()
10 SYSTEMPATH\Boot.php(67): CodeIgniter\Boot::runCodeIgniter(Object(CodeIgniter\CodeIgniter))
11 FCPATH\index.php(56): CodeIgniter\Boot::bootWeb(Object(Config\Paths))
ERROR - 2024-11-21 16:14:51 --> mysqli_sql_exception: Unknown column 'bank_code_name' in 'field list' in C:\wamp64\www\e-commerce\system\Database\MySQLi\Connection.php:310
Stack trace:
#0 C:\wamp64\www\e-commerce\system\Database\MySQLi\Connection.php(310): mysqli->query('SELECT bank_id ...', 0)
#1 C:\wamp64\www\e-commerce\system\Database\BaseConnection.php(732): CodeIgniter\Database\MySQLi\Connection->execute('SELECT bank_id ...')
#2 C:\wamp64\www\e-commerce\system\Database\BaseConnection.php(646): CodeIgniter\Database\BaseConnection->simpleQuery('SELECT bank_id ...')
#3 C:\wamp64\www\e-commerce\app\Helpers\query_helper.php(175): CodeIgniter\Database\BaseConnection->query('SELECT bank_id ...')
#4 C:\wamp64\www\e-commerce\app\Controllers\ListPublic.php(101): generateListData(Array, Array, Object(CodeIgniter\Database\MySQLi\Connection))
#5 C:\wamp64\www\e-commerce\system\CodeIgniter.php(933): App\Controllers\ListPublic->bank()
#6 C:\wamp64\www\e-commerce\system\CodeIgniter.php(509): CodeIgniter\CodeIgniter->runController(Object(App\Controllers\ListPublic))
#7 C:\wamp64\www\e-commerce\system\CodeIgniter.php(355): CodeIgniter\CodeIgniter->handleRequest(NULL, Object(Config\Cache), false)
#8 C:\wamp64\www\e-commerce\system\Boot.php(325): CodeIgniter\CodeIgniter->run()
#9 C:\wamp64\www\e-commerce\system\Boot.php(67): CodeIgniter\Boot::runCodeIgniter(Object(CodeIgniter\CodeIgniter))
#10 C:\wamp64\www\e-commerce\public\index.php(56): CodeIgniter\Boot::bootWeb(Object(Config\Paths))
#11 {main}
CRITICAL - 2024-11-21 16:14:51 --> CodeIgniter\Database\Exceptions\DatabaseException: Unknown column 'bank_code_name' in 'field list'
[Method: GET, Route: listpublic/bank]
in SYSTEMPATH\Database\BaseConnection.php on line 686.
 1 APPPATH\Helpers\query_helper.php(175): CodeIgniter\Database\BaseConnection->query('SELECT bank_id AS id, bank_name AS name, bank_account_name AS account_name, bank_account_number AS account_number, bank_code_name AS code FROM `bank`')
 2 APPPATH\Controllers\ListPublic.php(101): generateListData([], [...], Object(CodeIgniter\Database\MySQLi\Connection))
 3 SYSTEMPATH\CodeIgniter.php(933): App\Controllers\ListPublic->bank()
 4 SYSTEMPATH\CodeIgniter.php(509): CodeIgniter\CodeIgniter->runController(Object(App\Controllers\ListPublic))
 5 SYSTEMPATH\CodeIgniter.php(355): CodeIgniter\CodeIgniter->handleRequest(null, Object(Config\Cache), false)
 6 SYSTEMPATH\Boot.php(325): CodeIgniter\CodeIgniter->run()
 7 SYSTEMPATH\Boot.php(67): CodeIgniter\Boot::runCodeIgniter(Object(CodeIgniter\CodeIgniter))
 8 FCPATH\index.php(56): CodeIgniter\Boot::bootWeb(Object(Config\Paths))
CRITICAL - 2024-11-21 16:14:51 --> [Caused by] CodeIgniter\Database\Exceptions\DatabaseException: Unknown column 'bank_code_name' in 'field list'
in SYSTEMPATH\Database\MySQLi\Connection.php on line 315.
 1 SYSTEMPATH\Database\BaseConnection.php(732): CodeIgniter\Database\MySQLi\Connection->execute('SELECT bank_id AS id, bank_name AS name, bank_account_name AS account_name, bank_account_number AS account_number, bank_code_name AS code FROM `bank`')
 2 SYSTEMPATH\Database\BaseConnection.php(646): CodeIgniter\Database\BaseConnection->simpleQuery('SELECT bank_id AS id, bank_name AS name, bank_account_name AS account_name, bank_account_number AS account_number, bank_code_name AS code FROM `bank`')
 3 APPPATH\Helpers\query_helper.php(175): CodeIgniter\Database\BaseConnection->query('SELECT bank_id AS id, bank_name AS name, bank_account_name AS account_name, bank_account_number AS account_number, bank_code_name AS code FROM `bank`')
 4 APPPATH\Controllers\ListPublic.php(101): generateListData([], [...], Object(CodeIgniter\Database\MySQLi\Connection))
 5 SYSTEMPATH\CodeIgniter.php(933): App\Controllers\ListPublic->bank()
 6 SYSTEMPATH\CodeIgniter.php(509): CodeIgniter\CodeIgniter->runController(Object(App\Controllers\ListPublic))
 7 SYSTEMPATH\CodeIgniter.php(355): CodeIgniter\CodeIgniter->handleRequest(null, Object(Config\Cache), false)
 8 SYSTEMPATH\Boot.php(325): CodeIgniter\CodeIgniter->run()
 9 SYSTEMPATH\Boot.php(67): CodeIgniter\Boot::runCodeIgniter(Object(CodeIgniter\CodeIgniter))
10 FCPATH\index.php(56): CodeIgniter\Boot::bootWeb(Object(Config\Paths))
CRITICAL - 2024-11-21 16:14:51 --> [Caused by] mysqli_sql_exception: Unknown column 'bank_code_name' in 'field list'
in SYSTEMPATH\Database\MySQLi\Connection.php on line 310.
 1 SYSTEMPATH\Database\MySQLi\Connection.php(310): mysqli->query('SELECT bank_id AS id, bank_name AS name, bank_account_name AS account_name, bank_account_number AS account_number, bank_code_name AS code FROM `bank`', 0)
 2 SYSTEMPATH\Database\BaseConnection.php(732): CodeIgniter\Database\MySQLi\Connection->execute('SELECT bank_id AS id, bank_name AS name, bank_account_name AS account_name, bank_account_number AS account_number, bank_code_name AS code FROM `bank`')
 3 SYSTEMPATH\Database\BaseConnection.php(646): CodeIgniter\Database\BaseConnection->simpleQuery('SELECT bank_id AS id, bank_name AS name, bank_account_name AS account_name, bank_account_number AS account_number, bank_code_name AS code FROM `bank`')
 4 APPPATH\Helpers\query_helper.php(175): CodeIgniter\Database\BaseConnection->query('SELECT bank_id AS id, bank_name AS name, bank_account_name AS account_name, bank_account_number AS account_number, bank_code_name AS code FROM `bank`')
 5 APPPATH\Controllers\ListPublic.php(101): generateListData([], [...], Object(CodeIgniter\Database\MySQLi\Connection))
 6 SYSTEMPATH\CodeIgniter.php(933): App\Controllers\ListPublic->bank()
 7 SYSTEMPATH\CodeIgniter.php(509): CodeIgniter\CodeIgniter->runController(Object(App\Controllers\ListPublic))
 8 SYSTEMPATH\CodeIgniter.php(355): CodeIgniter\CodeIgniter->handleRequest(null, Object(Config\Cache), false)
 9 SYSTEMPATH\Boot.php(325): CodeIgniter\CodeIgniter->run()
10 SYSTEMPATH\Boot.php(67): CodeIgniter\Boot::runCodeIgniter(Object(CodeIgniter\CodeIgniter))
11 FCPATH\index.php(56): CodeIgniter\Boot::bootWeb(Object(Config\Paths))
ERROR - 2024-11-21 16:14:52 --> mysqli_sql_exception: Unknown column 'bank_code_name' in 'field list' in C:\wamp64\www\e-commerce\system\Database\MySQLi\Connection.php:310
Stack trace:
#0 C:\wamp64\www\e-commerce\system\Database\MySQLi\Connection.php(310): mysqli->query('SELECT bank_id ...', 0)
#1 C:\wamp64\www\e-commerce\system\Database\BaseConnection.php(732): CodeIgniter\Database\MySQLi\Connection->execute('SELECT bank_id ...')
#2 C:\wamp64\www\e-commerce\system\Database\BaseConnection.php(646): CodeIgniter\Database\BaseConnection->simpleQuery('SELECT bank_id ...')
#3 C:\wamp64\www\e-commerce\app\Helpers\query_helper.php(175): CodeIgniter\Database\BaseConnection->query('SELECT bank_id ...')
#4 C:\wamp64\www\e-commerce\app\Controllers\ListPublic.php(101): generateListData(Array, Array, Object(CodeIgniter\Database\MySQLi\Connection))
#5 C:\wamp64\www\e-commerce\system\CodeIgniter.php(933): App\Controllers\ListPublic->bank()
#6 C:\wamp64\www\e-commerce\system\CodeIgniter.php(509): CodeIgniter\CodeIgniter->runController(Object(App\Controllers\ListPublic))
#7 C:\wamp64\www\e-commerce\system\CodeIgniter.php(355): CodeIgniter\CodeIgniter->handleRequest(NULL, Object(Config\Cache), false)
#8 C:\wamp64\www\e-commerce\system\Boot.php(325): CodeIgniter\CodeIgniter->run()
#9 C:\wamp64\www\e-commerce\system\Boot.php(67): CodeIgniter\Boot::runCodeIgniter(Object(CodeIgniter\CodeIgniter))
#10 C:\wamp64\www\e-commerce\public\index.php(56): CodeIgniter\Boot::bootWeb(Object(Config\Paths))
#11 {main}
CRITICAL - 2024-11-21 16:14:52 --> CodeIgniter\Database\Exceptions\DatabaseException: Unknown column 'bank_code_name' in 'field list'
[Method: GET, Route: listpublic/bank]
in SYSTEMPATH\Database\BaseConnection.php on line 686.
 1 APPPATH\Helpers\query_helper.php(175): CodeIgniter\Database\BaseConnection->query('SELECT bank_id AS id, bank_name AS name, bank_account_name AS account_name, bank_account_number AS account_number, bank_code_name AS code FROM `bank`')
 2 APPPATH\Controllers\ListPublic.php(101): generateListData([], [...], Object(CodeIgniter\Database\MySQLi\Connection))
 3 SYSTEMPATH\CodeIgniter.php(933): App\Controllers\ListPublic->bank()
 4 SYSTEMPATH\CodeIgniter.php(509): CodeIgniter\CodeIgniter->runController(Object(App\Controllers\ListPublic))
 5 SYSTEMPATH\CodeIgniter.php(355): CodeIgniter\CodeIgniter->handleRequest(null, Object(Config\Cache), false)
 6 SYSTEMPATH\Boot.php(325): CodeIgniter\CodeIgniter->run()
 7 SYSTEMPATH\Boot.php(67): CodeIgniter\Boot::runCodeIgniter(Object(CodeIgniter\CodeIgniter))
 8 FCPATH\index.php(56): CodeIgniter\Boot::bootWeb(Object(Config\Paths))
CRITICAL - 2024-11-21 16:14:52 --> [Caused by] CodeIgniter\Database\Exceptions\DatabaseException: Unknown column 'bank_code_name' in 'field list'
in SYSTEMPATH\Database\MySQLi\Connection.php on line 315.
 1 SYSTEMPATH\Database\BaseConnection.php(732): CodeIgniter\Database\MySQLi\Connection->execute('SELECT bank_id AS id, bank_name AS name, bank_account_name AS account_name, bank_account_number AS account_number, bank_code_name AS code FROM `bank`')
 2 SYSTEMPATH\Database\BaseConnection.php(646): CodeIgniter\Database\BaseConnection->simpleQuery('SELECT bank_id AS id, bank_name AS name, bank_account_name AS account_name, bank_account_number AS account_number, bank_code_name AS code FROM `bank`')
 3 APPPATH\Helpers\query_helper.php(175): CodeIgniter\Database\BaseConnection->query('SELECT bank_id AS id, bank_name AS name, bank_account_name AS account_name, bank_account_number AS account_number, bank_code_name AS code FROM `bank`')
 4 APPPATH\Controllers\ListPublic.php(101): generateListData([], [...], Object(CodeIgniter\Database\MySQLi\Connection))
 5 SYSTEMPATH\CodeIgniter.php(933): App\Controllers\ListPublic->bank()
 6 SYSTEMPATH\CodeIgniter.php(509): CodeIgniter\CodeIgniter->runController(Object(App\Controllers\ListPublic))
 7 SYSTEMPATH\CodeIgniter.php(355): CodeIgniter\CodeIgniter->handleRequest(null, Object(Config\Cache), false)
 8 SYSTEMPATH\Boot.php(325): CodeIgniter\CodeIgniter->run()
 9 SYSTEMPATH\Boot.php(67): CodeIgniter\Boot::runCodeIgniter(Object(CodeIgniter\CodeIgniter))
10 FCPATH\index.php(56): CodeIgniter\Boot::bootWeb(Object(Config\Paths))
CRITICAL - 2024-11-21 16:14:52 --> [Caused by] mysqli_sql_exception: Unknown column 'bank_code_name' in 'field list'
in SYSTEMPATH\Database\MySQLi\Connection.php on line 310.
 1 SYSTEMPATH\Database\MySQLi\Connection.php(310): mysqli->query('SELECT bank_id AS id, bank_name AS name, bank_account_name AS account_name, bank_account_number AS account_number, bank_code_name AS code FROM `bank`', 0)
 2 SYSTEMPATH\Database\BaseConnection.php(732): CodeIgniter\Database\MySQLi\Connection->execute('SELECT bank_id AS id, bank_name AS name, bank_account_name AS account_name, bank_account_number AS account_number, bank_code_name AS code FROM `bank`')
 3 SYSTEMPATH\Database\BaseConnection.php(646): CodeIgniter\Database\BaseConnection->simpleQuery('SELECT bank_id AS id, bank_name AS name, bank_account_name AS account_name, bank_account_number AS account_number, bank_code_name AS code FROM `bank`')
 4 APPPATH\Helpers\query_helper.php(175): CodeIgniter\Database\BaseConnection->query('SELECT bank_id AS id, bank_name AS name, bank_account_name AS account_name, bank_account_number AS account_number, bank_code_name AS code FROM `bank`')
 5 APPPATH\Controllers\ListPublic.php(101): generateListData([], [...], Object(CodeIgniter\Database\MySQLi\Connection))
 6 SYSTEMPATH\CodeIgniter.php(933): App\Controllers\ListPublic->bank()
 7 SYSTEMPATH\CodeIgniter.php(509): CodeIgniter\CodeIgniter->runController(Object(App\Controllers\ListPublic))
 8 SYSTEMPATH\CodeIgniter.php(355): CodeIgniter\CodeIgniter->handleRequest(null, Object(Config\Cache), false)
 9 SYSTEMPATH\Boot.php(325): CodeIgniter\CodeIgniter->run()
10 SYSTEMPATH\Boot.php(67): CodeIgniter\Boot::runCodeIgniter(Object(CodeIgniter\CodeIgniter))
11 FCPATH\index.php(56): CodeIgniter\Boot::bootWeb(Object(Config\Paths))
ERROR - 2024-11-21 16:14:53 --> mysqli_sql_exception: Unknown column 'bank_code_name' in 'field list' in C:\wamp64\www\e-commerce\system\Database\MySQLi\Connection.php:310
Stack trace:
#0 C:\wamp64\www\e-commerce\system\Database\MySQLi\Connection.php(310): mysqli->query('SELECT bank_id ...', 0)
#1 C:\wamp64\www\e-commerce\system\Database\BaseConnection.php(732): CodeIgniter\Database\MySQLi\Connection->execute('SELECT bank_id ...')
#2 C:\wamp64\www\e-commerce\system\Database\BaseConnection.php(646): CodeIgniter\Database\BaseConnection->simpleQuery('SELECT bank_id ...')
#3 C:\wamp64\www\e-commerce\app\Helpers\query_helper.php(175): CodeIgniter\Database\BaseConnection->query('SELECT bank_id ...')
#4 C:\wamp64\www\e-commerce\app\Controllers\ListPublic.php(101): generateListData(Array, Array, Object(CodeIgniter\Database\MySQLi\Connection))
#5 C:\wamp64\www\e-commerce\system\CodeIgniter.php(933): App\Controllers\ListPublic->bank()
#6 C:\wamp64\www\e-commerce\system\CodeIgniter.php(509): CodeIgniter\CodeIgniter->runController(Object(App\Controllers\ListPublic))
#7 C:\wamp64\www\e-commerce\system\CodeIgniter.php(355): CodeIgniter\CodeIgniter->handleRequest(NULL, Object(Config\Cache), false)
#8 C:\wamp64\www\e-commerce\system\Boot.php(325): CodeIgniter\CodeIgniter->run()
#9 C:\wamp64\www\e-commerce\system\Boot.php(67): CodeIgniter\Boot::runCodeIgniter(Object(CodeIgniter\CodeIgniter))
#10 C:\wamp64\www\e-commerce\public\index.php(56): CodeIgniter\Boot::bootWeb(Object(Config\Paths))
#11 {main}
CRITICAL - 2024-11-21 16:14:53 --> CodeIgniter\Database\Exceptions\DatabaseException: Unknown column 'bank_code_name' in 'field list'
[Method: GET, Route: listpublic/bank]
in SYSTEMPATH\Database\BaseConnection.php on line 686.
 1 APPPATH\Helpers\query_helper.php(175): CodeIgniter\Database\BaseConnection->query('SELECT bank_id AS id, bank_name AS name, bank_account_name AS account_name, bank_account_number AS account_number, bank_code_name AS code FROM `bank`')
 2 APPPATH\Controllers\ListPublic.php(101): generateListData([], [...], Object(CodeIgniter\Database\MySQLi\Connection))
 3 SYSTEMPATH\CodeIgniter.php(933): App\Controllers\ListPublic->bank()
 4 SYSTEMPATH\CodeIgniter.php(509): CodeIgniter\CodeIgniter->runController(Object(App\Controllers\ListPublic))
 5 SYSTEMPATH\CodeIgniter.php(355): CodeIgniter\CodeIgniter->handleRequest(null, Object(Config\Cache), false)
 6 SYSTEMPATH\Boot.php(325): CodeIgniter\CodeIgniter->run()
 7 SYSTEMPATH\Boot.php(67): CodeIgniter\Boot::runCodeIgniter(Object(CodeIgniter\CodeIgniter))
 8 FCPATH\index.php(56): CodeIgniter\Boot::bootWeb(Object(Config\Paths))
CRITICAL - 2024-11-21 16:14:53 --> [Caused by] CodeIgniter\Database\Exceptions\DatabaseException: Unknown column 'bank_code_name' in 'field list'
in SYSTEMPATH\Database\MySQLi\Connection.php on line 315.
 1 SYSTEMPATH\Database\BaseConnection.php(732): CodeIgniter\Database\MySQLi\Connection->execute('SELECT bank_id AS id, bank_name AS name, bank_account_name AS account_name, bank_account_number AS account_number, bank_code_name AS code FROM `bank`')
 2 SYSTEMPATH\Database\BaseConnection.php(646): CodeIgniter\Database\BaseConnection->simpleQuery('SELECT bank_id AS id, bank_name AS name, bank_account_name AS account_name, bank_account_number AS account_number, bank_code_name AS code FROM `bank`')
 3 APPPATH\Helpers\query_helper.php(175): CodeIgniter\Database\BaseConnection->query('SELECT bank_id AS id, bank_name AS name, bank_account_name AS account_name, bank_account_number AS account_number, bank_code_name AS code FROM `bank`')
 4 APPPATH\Controllers\ListPublic.php(101): generateListData([], [...], Object(CodeIgniter\Database\MySQLi\Connection))
 5 SYSTEMPATH\CodeIgniter.php(933): App\Controllers\ListPublic->bank()
 6 SYSTEMPATH\CodeIgniter.php(509): CodeIgniter\CodeIgniter->runController(Object(App\Controllers\ListPublic))
 7 SYSTEMPATH\CodeIgniter.php(355): CodeIgniter\CodeIgniter->handleRequest(null, Object(Config\Cache), false)
 8 SYSTEMPATH\Boot.php(325): CodeIgniter\CodeIgniter->run()
 9 SYSTEMPATH\Boot.php(67): CodeIgniter\Boot::runCodeIgniter(Object(CodeIgniter\CodeIgniter))
10 FCPATH\index.php(56): CodeIgniter\Boot::bootWeb(Object(Config\Paths))
CRITICAL - 2024-11-21 16:14:53 --> [Caused by] mysqli_sql_exception: Unknown column 'bank_code_name' in 'field list'
in SYSTEMPATH\Database\MySQLi\Connection.php on line 310.
 1 SYSTEMPATH\Database\MySQLi\Connection.php(310): mysqli->query('SELECT bank_id AS id, bank_name AS name, bank_account_name AS account_name, bank_account_number AS account_number, bank_code_name AS code FROM `bank`', 0)
 2 SYSTEMPATH\Database\BaseConnection.php(732): CodeIgniter\Database\MySQLi\Connection->execute('SELECT bank_id AS id, bank_name AS name, bank_account_name AS account_name, bank_account_number AS account_number, bank_code_name AS code FROM `bank`')
 3 SYSTEMPATH\Database\BaseConnection.php(646): CodeIgniter\Database\BaseConnection->simpleQuery('SELECT bank_id AS id, bank_name AS name, bank_account_name AS account_name, bank_account_number AS account_number, bank_code_name AS code FROM `bank`')
 4 APPPATH\Helpers\query_helper.php(175): CodeIgniter\Database\BaseConnection->query('SELECT bank_id AS id, bank_name AS name, bank_account_name AS account_name, bank_account_number AS account_number, bank_code_name AS code FROM `bank`')
 5 APPPATH\Controllers\ListPublic.php(101): generateListData([], [...], Object(CodeIgniter\Database\MySQLi\Connection))
 6 SYSTEMPATH\CodeIgniter.php(933): App\Controllers\ListPublic->bank()
 7 SYSTEMPATH\CodeIgniter.php(509): CodeIgniter\CodeIgniter->runController(Object(App\Controllers\ListPublic))
 8 SYSTEMPATH\CodeIgniter.php(355): CodeIgniter\CodeIgniter->handleRequest(null, Object(Config\Cache), false)
 9 SYSTEMPATH\Boot.php(325): CodeIgniter\CodeIgniter->run()
10 SYSTEMPATH\Boot.php(67): CodeIgniter\Boot::runCodeIgniter(Object(CodeIgniter\CodeIgniter))
11 FCPATH\index.php(56): CodeIgniter\Boot::bootWeb(Object(Config\Paths))
ERROR - 2024-11-21 16:15:00 --> mysqli_sql_exception: Unknown column 'bank_code_number' in 'field list' in C:\wamp64\www\e-commerce\system\Database\MySQLi\Connection.php:310
Stack trace:
#0 C:\wamp64\www\e-commerce\system\Database\MySQLi\Connection.php(310): mysqli->query('SELECT bank_id ...', 0)
#1 C:\wamp64\www\e-commerce\system\Database\BaseConnection.php(732): CodeIgniter\Database\MySQLi\Connection->execute('SELECT bank_id ...')
#2 C:\wamp64\www\e-commerce\system\Database\BaseConnection.php(646): CodeIgniter\Database\BaseConnection->simpleQuery('SELECT bank_id ...')
#3 C:\wamp64\www\e-commerce\app\Helpers\query_helper.php(175): CodeIgniter\Database\BaseConnection->query('SELECT bank_id ...')
#4 C:\wamp64\www\e-commerce\app\Controllers\ListPublic.php(101): generateListData(Array, Array, Object(CodeIgniter\Database\MySQLi\Connection))
#5 C:\wamp64\www\e-commerce\system\CodeIgniter.php(933): App\Controllers\ListPublic->bank()
#6 C:\wamp64\www\e-commerce\system\CodeIgniter.php(509): CodeIgniter\CodeIgniter->runController(Object(App\Controllers\ListPublic))
#7 C:\wamp64\www\e-commerce\system\CodeIgniter.php(355): CodeIgniter\CodeIgniter->handleRequest(NULL, Object(Config\Cache), false)
#8 C:\wamp64\www\e-commerce\system\Boot.php(325): CodeIgniter\CodeIgniter->run()
#9 C:\wamp64\www\e-commerce\system\Boot.php(67): CodeIgniter\Boot::runCodeIgniter(Object(CodeIgniter\CodeIgniter))
#10 C:\wamp64\www\e-commerce\public\index.php(56): CodeIgniter\Boot::bootWeb(Object(Config\Paths))
#11 {main}
CRITICAL - 2024-11-21 16:15:00 --> CodeIgniter\Database\Exceptions\DatabaseException: Unknown column 'bank_code_number' in 'field list'
[Method: GET, Route: listpublic/bank]
in SYSTEMPATH\Database\BaseConnection.php on line 686.
 1 APPPATH\Helpers\query_helper.php(175): CodeIgniter\Database\BaseConnection->query('SELECT bank_id AS id, bank_name AS name, bank_account_name AS account_name, bank_account_number AS account_number, bank_code_number AS code FROM `bank`')
 2 APPPATH\Controllers\ListPublic.php(101): generateListData([], [...], Object(CodeIgniter\Database\MySQLi\Connection))
 3 SYSTEMPATH\CodeIgniter.php(933): App\Controllers\ListPublic->bank()
 4 SYSTEMPATH\CodeIgniter.php(509): CodeIgniter\CodeIgniter->runController(Object(App\Controllers\ListPublic))
 5 SYSTEMPATH\CodeIgniter.php(355): CodeIgniter\CodeIgniter->handleRequest(null, Object(Config\Cache), false)
 6 SYSTEMPATH\Boot.php(325): CodeIgniter\CodeIgniter->run()
 7 SYSTEMPATH\Boot.php(67): CodeIgniter\Boot::runCodeIgniter(Object(CodeIgniter\CodeIgniter))
 8 FCPATH\index.php(56): CodeIgniter\Boot::bootWeb(Object(Config\Paths))
CRITICAL - 2024-11-21 16:15:00 --> [Caused by] CodeIgniter\Database\Exceptions\DatabaseException: Unknown column 'bank_code_number' in 'field list'
in SYSTEMPATH\Database\MySQLi\Connection.php on line 315.
 1 SYSTEMPATH\Database\BaseConnection.php(732): CodeIgniter\Database\MySQLi\Connection->execute('SELECT bank_id AS id, bank_name AS name, bank_account_name AS account_name, bank_account_number AS account_number, bank_code_number AS code FROM `bank`')
 2 SYSTEMPATH\Database\BaseConnection.php(646): CodeIgniter\Database\BaseConnection->simpleQuery('SELECT bank_id AS id, bank_name AS name, bank_account_name AS account_name, bank_account_number AS account_number, bank_code_number AS code FROM `bank`')
 3 APPPATH\Helpers\query_helper.php(175): CodeIgniter\Database\BaseConnection->query('SELECT bank_id AS id, bank_name AS name, bank_account_name AS account_name, bank_account_number AS account_number, bank_code_number AS code FROM `bank`')
 4 APPPATH\Controllers\ListPublic.php(101): generateListData([], [...], Object(CodeIgniter\Database\MySQLi\Connection))
 5 SYSTEMPATH\CodeIgniter.php(933): App\Controllers\ListPublic->bank()
 6 SYSTEMPATH\CodeIgniter.php(509): CodeIgniter\CodeIgniter->runController(Object(App\Controllers\ListPublic))
 7 SYSTEMPATH\CodeIgniter.php(355): CodeIgniter\CodeIgniter->handleRequest(null, Object(Config\Cache), false)
 8 SYSTEMPATH\Boot.php(325): CodeIgniter\CodeIgniter->run()
 9 SYSTEMPATH\Boot.php(67): CodeIgniter\Boot::runCodeIgniter(Object(CodeIgniter\CodeIgniter))
10 FCPATH\index.php(56): CodeIgniter\Boot::bootWeb(Object(Config\Paths))
CRITICAL - 2024-11-21 16:15:00 --> [Caused by] mysqli_sql_exception: Unknown column 'bank_code_number' in 'field list'
in SYSTEMPATH\Database\MySQLi\Connection.php on line 310.
 1 SYSTEMPATH\Database\MySQLi\Connection.php(310): mysqli->query('SELECT bank_id AS id, bank_name AS name, bank_account_name AS account_name, bank_account_number AS account_number, bank_code_number AS code FROM `bank`', 0)
 2 SYSTEMPATH\Database\BaseConnection.php(732): CodeIgniter\Database\MySQLi\Connection->execute('SELECT bank_id AS id, bank_name AS name, bank_account_name AS account_name, bank_account_number AS account_number, bank_code_number AS code FROM `bank`')
 3 SYSTEMPATH\Database\BaseConnection.php(646): CodeIgniter\Database\BaseConnection->simpleQuery('SELECT bank_id AS id, bank_name AS name, bank_account_name AS account_name, bank_account_number AS account_number, bank_code_number AS code FROM `bank`')
 4 APPPATH\Helpers\query_helper.php(175): CodeIgniter\Database\BaseConnection->query('SELECT bank_id AS id, bank_name AS name, bank_account_name AS account_name, bank_account_number AS account_number, bank_code_number AS code FROM `bank`')
 5 APPPATH\Controllers\ListPublic.php(101): generateListData([], [...], Object(CodeIgniter\Database\MySQLi\Connection))
 6 SYSTEMPATH\CodeIgniter.php(933): App\Controllers\ListPublic->bank()
 7 SYSTEMPATH\CodeIgniter.php(509): CodeIgniter\CodeIgniter->runController(Object(App\Controllers\ListPublic))
 8 SYSTEMPATH\CodeIgniter.php(355): CodeIgniter\CodeIgniter->handleRequest(null, Object(Config\Cache), false)
 9 SYSTEMPATH\Boot.php(325): CodeIgniter\CodeIgniter->run()
10 SYSTEMPATH\Boot.php(67): CodeIgniter\Boot::runCodeIgniter(Object(CodeIgniter\CodeIgniter))
11 FCPATH\index.php(56): CodeIgniter\Boot::bootWeb(Object(Config\Paths))
ERROR - 2024-11-21 16:15:01 --> mysqli_sql_exception: Unknown column 'bank_code_number' in 'field list' in C:\wamp64\www\e-commerce\system\Database\MySQLi\Connection.php:310
Stack trace:
#0 C:\wamp64\www\e-commerce\system\Database\MySQLi\Connection.php(310): mysqli->query('SELECT bank_id ...', 0)
#1 C:\wamp64\www\e-commerce\system\Database\BaseConnection.php(732): CodeIgniter\Database\MySQLi\Connection->execute('SELECT bank_id ...')
#2 C:\wamp64\www\e-commerce\system\Database\BaseConnection.php(646): CodeIgniter\Database\BaseConnection->simpleQuery('SELECT bank_id ...')
#3 C:\wamp64\www\e-commerce\app\Helpers\query_helper.php(175): CodeIgniter\Database\BaseConnection->query('SELECT bank_id ...')
#4 C:\wamp64\www\e-commerce\app\Controllers\ListPublic.php(101): generateListData(Array, Array, Object(CodeIgniter\Database\MySQLi\Connection))
#5 C:\wamp64\www\e-commerce\system\CodeIgniter.php(933): App\Controllers\ListPublic->bank()
#6 C:\wamp64\www\e-commerce\system\CodeIgniter.php(509): CodeIgniter\CodeIgniter->runController(Object(App\Controllers\ListPublic))
#7 C:\wamp64\www\e-commerce\system\CodeIgniter.php(355): CodeIgniter\CodeIgniter->handleRequest(NULL, Object(Config\Cache), false)
#8 C:\wamp64\www\e-commerce\system\Boot.php(325): CodeIgniter\CodeIgniter->run()
#9 C:\wamp64\www\e-commerce\system\Boot.php(67): CodeIgniter\Boot::runCodeIgniter(Object(CodeIgniter\CodeIgniter))
#10 C:\wamp64\www\e-commerce\public\index.php(56): CodeIgniter\Boot::bootWeb(Object(Config\Paths))
#11 {main}
CRITICAL - 2024-11-21 16:15:01 --> CodeIgniter\Database\Exceptions\DatabaseException: Unknown column 'bank_code_number' in 'field list'
[Method: GET, Route: listpublic/bank]
in SYSTEMPATH\Database\BaseConnection.php on line 686.
 1 APPPATH\Helpers\query_helper.php(175): CodeIgniter\Database\BaseConnection->query('SELECT bank_id AS id, bank_name AS name, bank_account_name AS account_name, bank_account_number AS account_number, bank_code_number AS code FROM `bank`')
 2 APPPATH\Controllers\ListPublic.php(101): generateListData([], [...], Object(CodeIgniter\Database\MySQLi\Connection))
 3 SYSTEMPATH\CodeIgniter.php(933): App\Controllers\ListPublic->bank()
 4 SYSTEMPATH\CodeIgniter.php(509): CodeIgniter\CodeIgniter->runController(Object(App\Controllers\ListPublic))
 5 SYSTEMPATH\CodeIgniter.php(355): CodeIgniter\CodeIgniter->handleRequest(null, Object(Config\Cache), false)
 6 SYSTEMPATH\Boot.php(325): CodeIgniter\CodeIgniter->run()
 7 SYSTEMPATH\Boot.php(67): CodeIgniter\Boot::runCodeIgniter(Object(CodeIgniter\CodeIgniter))
 8 FCPATH\index.php(56): CodeIgniter\Boot::bootWeb(Object(Config\Paths))
CRITICAL - 2024-11-21 16:15:01 --> [Caused by] CodeIgniter\Database\Exceptions\DatabaseException: Unknown column 'bank_code_number' in 'field list'
in SYSTEMPATH\Database\MySQLi\Connection.php on line 315.
 1 SYSTEMPATH\Database\BaseConnection.php(732): CodeIgniter\Database\MySQLi\Connection->execute('SELECT bank_id AS id, bank_name AS name, bank_account_name AS account_name, bank_account_number AS account_number, bank_code_number AS code FROM `bank`')
 2 SYSTEMPATH\Database\BaseConnection.php(646): CodeIgniter\Database\BaseConnection->simpleQuery('SELECT bank_id AS id, bank_name AS name, bank_account_name AS account_name, bank_account_number AS account_number, bank_code_number AS code FROM `bank`')
 3 APPPATH\Helpers\query_helper.php(175): CodeIgniter\Database\BaseConnection->query('SELECT bank_id AS id, bank_name AS name, bank_account_name AS account_name, bank_account_number AS account_number, bank_code_number AS code FROM `bank`')
 4 APPPATH\Controllers\ListPublic.php(101): generateListData([], [...], Object(CodeIgniter\Database\MySQLi\Connection))
 5 SYSTEMPATH\CodeIgniter.php(933): App\Controllers\ListPublic->bank()
 6 SYSTEMPATH\CodeIgniter.php(509): CodeIgniter\CodeIgniter->runController(Object(App\Controllers\ListPublic))
 7 SYSTEMPATH\CodeIgniter.php(355): CodeIgniter\CodeIgniter->handleRequest(null, Object(Config\Cache), false)
 8 SYSTEMPATH\Boot.php(325): CodeIgniter\CodeIgniter->run()
 9 SYSTEMPATH\Boot.php(67): CodeIgniter\Boot::runCodeIgniter(Object(CodeIgniter\CodeIgniter))
10 FCPATH\index.php(56): CodeIgniter\Boot::bootWeb(Object(Config\Paths))
CRITICAL - 2024-11-21 16:15:01 --> [Caused by] mysqli_sql_exception: Unknown column 'bank_code_number' in 'field list'
in SYSTEMPATH\Database\MySQLi\Connection.php on line 310.
 1 SYSTEMPATH\Database\MySQLi\Connection.php(310): mysqli->query('SELECT bank_id AS id, bank_name AS name, bank_account_name AS account_name, bank_account_number AS account_number, bank_code_number AS code FROM `bank`', 0)
 2 SYSTEMPATH\Database\BaseConnection.php(732): CodeIgniter\Database\MySQLi\Connection->execute('SELECT bank_id AS id, bank_name AS name, bank_account_name AS account_name, bank_account_number AS account_number, bank_code_number AS code FROM `bank`')
 3 SYSTEMPATH\Database\BaseConnection.php(646): CodeIgniter\Database\BaseConnection->simpleQuery('SELECT bank_id AS id, bank_name AS name, bank_account_name AS account_name, bank_account_number AS account_number, bank_code_number AS code FROM `bank`')
 4 APPPATH\Helpers\query_helper.php(175): CodeIgniter\Database\BaseConnection->query('SELECT bank_id AS id, bank_name AS name, bank_account_name AS account_name, bank_account_number AS account_number, bank_code_number AS code FROM `bank`')
 5 APPPATH\Controllers\ListPublic.php(101): generateListData([], [...], Object(CodeIgniter\Database\MySQLi\Connection))
 6 SYSTEMPATH\CodeIgniter.php(933): App\Controllers\ListPublic->bank()
 7 SYSTEMPATH\CodeIgniter.php(509): CodeIgniter\CodeIgniter->runController(Object(App\Controllers\ListPublic))
 8 SYSTEMPATH\CodeIgniter.php(355): CodeIgniter\CodeIgniter->handleRequest(null, Object(Config\Cache), false)
 9 SYSTEMPATH\Boot.php(325): CodeIgniter\CodeIgniter->run()
10 SYSTEMPATH\Boot.php(67): CodeIgniter\Boot::runCodeIgniter(Object(CodeIgniter\CodeIgniter))
11 FCPATH\index.php(56): CodeIgniter\Boot::bootWeb(Object(Config\Paths))
