CRITICAL - 2024-06-20 03:37:52 --> ErrorException: Undefined array key "Token"
[Method: GET, Route: listpublic/admin]
in APPPATH\Controllers\Core\AuthController.php on line 27.
 1 APPPATH\Controllers\Core\AuthController.php(27): CodeIgniter\Debug\Exceptions->errorHandler(2, 'Undefined array key "Token"', 'C:\\xampp\\htdocs\\coba-coba-wir\\app\\Controllers\\Core\\AuthController.php', 27)
 2 APPPATH\Controllers\ListPublic.php(14): App\Controllers\Core\AuthController->before([...])
 3 SYSTEMPATH\CodeIgniter.php(933): App\Controllers\ListPublic->admin()
 4 SYSTEMPATH\CodeIgniter.php(509): CodeIgniter\CodeIgniter->runController(Object(App\Controllers\ListPublic))
 5 SYSTEMPATH\CodeIgniter.php(355): CodeIgniter\CodeIgniter->handleRequest(null, Object(Config\Cache), false)
 6 SYSTEMPATH\Boot.php(325): CodeIgniter\CodeIgniter->run()
 7 SYSTEMPATH\Boot.php(67): CodeIgniter\Boot::runCodeIgniter(Object(CodeIgniter\CodeIgniter))
 8 FCPATH\index.php(56): CodeIgniter\Boot::bootWeb(Object(Config\Paths))
 9 SYSTEMPATH\Commands\Server\rewrite.php(49): require_once('C:\\xampp\\htdocs\\coba-coba-wir\\public\\index.php')
CRITICAL - 2024-06-20 08:16:38 --> ErrorException: Undefined array key "Token"
[Method: GET, Route: listpublic/admin]
in APPPATH\Controllers\Core\AuthController.php on line 27.
 1 APPPATH\Controllers\Core\AuthController.php(27): CodeIgniter\Debug\Exceptions->errorHandler(2, 'Undefined array key "Token"', 'C:\\xampp\\htdocs\\coba-coba-wir\\app\\Controllers\\Core\\AuthController.php', 27)
 2 APPPATH\Controllers\ListPublic.php(13): App\Controllers\Core\AuthController->before([...])
 3 SYSTEMPATH\CodeIgniter.php(933): App\Controllers\ListPublic->admin()
 4 SYSTEMPATH\CodeIgniter.php(509): CodeIgniter\CodeIgniter->runController(Object(App\Controllers\ListPublic))
 5 SYSTEMPATH\CodeIgniter.php(355): CodeIgniter\CodeIgniter->handleRequest(null, Object(Config\Cache), false)
 6 SYSTEMPATH\Boot.php(325): CodeIgniter\CodeIgniter->run()
 7 SYSTEMPATH\Boot.php(67): CodeIgniter\Boot::runCodeIgniter(Object(CodeIgniter\CodeIgniter))
 8 FCPATH\index.php(56): CodeIgniter\Boot::bootWeb(Object(Config\Paths))
 9 SYSTEMPATH\Commands\Server\rewrite.php(49): require_once('C:\\xampp\\htdocs\\coba-coba-wir\\public\\index.php')
CRITICAL - 2024-06-20 08:16:39 --> ErrorException: Undefined array key "Token"
[Method: GET, Route: listpublic/admin]
in APPPATH\Controllers\Core\AuthController.php on line 27.
 1 APPPATH\Controllers\Core\AuthController.php(27): CodeIgniter\Debug\Exceptions->errorHandler(2, 'Undefined array key "Token"', 'C:\\xampp\\htdocs\\coba-coba-wir\\app\\Controllers\\Core\\AuthController.php', 27)
 2 APPPATH\Controllers\ListPublic.php(13): App\Controllers\Core\AuthController->before([...])
 3 SYSTEMPATH\CodeIgniter.php(933): App\Controllers\ListPublic->admin()
 4 SYSTEMPATH\CodeIgniter.php(509): CodeIgniter\CodeIgniter->runController(Object(App\Controllers\ListPublic))
 5 SYSTEMPATH\CodeIgniter.php(355): CodeIgniter\CodeIgniter->handleRequest(null, Object(Config\Cache), false)
 6 SYSTEMPATH\Boot.php(325): CodeIgniter\CodeIgniter->run()
 7 SYSTEMPATH\Boot.php(67): CodeIgniter\Boot::runCodeIgniter(Object(CodeIgniter\CodeIgniter))
 8 FCPATH\index.php(56): CodeIgniter\Boot::bootWeb(Object(Config\Paths))
 9 SYSTEMPATH\Commands\Server\rewrite.php(49): require_once('C:\\xampp\\htdocs\\coba-coba-wir\\public\\index.php')
CRITICAL - 2024-06-20 08:17:02 --> ErrorException: Undefined array key "Token"
[Method: GET, Route: listpublic/product]
in APPPATH\Controllers\Core\AuthController.php on line 27.
 1 APPPATH\Controllers\Core\AuthController.php(27): CodeIgniter\Debug\Exceptions->errorHandler(2, 'Undefined array key "Token"', 'C:\\xampp\\htdocs\\coba-coba-wir\\app\\Controllers\\Core\\AuthController.php', 27)
 2 APPPATH\Controllers\ListPublic.php(42): App\Controllers\Core\AuthController->before([...])
 3 SYSTEMPATH\CodeIgniter.php(933): App\Controllers\ListPublic->product()
 4 SYSTEMPATH\CodeIgniter.php(509): CodeIgniter\CodeIgniter->runController(Object(App\Controllers\ListPublic))
 5 SYSTEMPATH\CodeIgniter.php(355): CodeIgniter\CodeIgniter->handleRequest(null, Object(Config\Cache), false)
 6 SYSTEMPATH\Boot.php(325): CodeIgniter\CodeIgniter->run()
 7 SYSTEMPATH\Boot.php(67): CodeIgniter\Boot::runCodeIgniter(Object(CodeIgniter\CodeIgniter))
 8 FCPATH\index.php(56): CodeIgniter\Boot::bootWeb(Object(Config\Paths))
 9 SYSTEMPATH\Commands\Server\rewrite.php(49): require_once('C:\\xampp\\htdocs\\coba-coba-wir\\public\\index.php')
CRITICAL - 2024-06-20 08:17:23 --> ErrorException: Undefined array key "Token"
[Method: GET, Route: listpublic/product]
in APPPATH\Controllers\Core\AuthController.php on line 27.
 1 APPPATH\Controllers\Core\AuthController.php(27): CodeIgniter\Debug\Exceptions->errorHandler(2, 'Undefined array key "Token"', 'C:\\xampp\\htdocs\\coba-coba-wir\\app\\Controllers\\Core\\AuthController.php', 27)
 2 APPPATH\Controllers\ListPublic.php(42): App\Controllers\Core\AuthController->before([...])
 3 SYSTEMPATH\CodeIgniter.php(933): App\Controllers\ListPublic->product()
 4 SYSTEMPATH\CodeIgniter.php(509): CodeIgniter\CodeIgniter->runController(Object(App\Controllers\ListPublic))
 5 SYSTEMPATH\CodeIgniter.php(355): CodeIgniter\CodeIgniter->handleRequest(null, Object(Config\Cache), false)
 6 SYSTEMPATH\Boot.php(325): CodeIgniter\CodeIgniter->run()
 7 SYSTEMPATH\Boot.php(67): CodeIgniter\Boot::runCodeIgniter(Object(CodeIgniter\CodeIgniter))
 8 FCPATH\index.php(56): CodeIgniter\Boot::bootWeb(Object(Config\Paths))
 9 SYSTEMPATH\Commands\Server\rewrite.php(49): require_once('C:\\xampp\\htdocs\\coba-coba-wir\\public\\index.php')
