ERROR - 2024-08-14 07:20:58 --> mysqli_sql_exception: You have an error in your SQL syntax; check the manual that corresponds to your MySQL server version for the right syntax to use near '' at line 1 in C:\wamp64\www\pitek_coba\system\Database\MySQLi\Connection.php:310
Stack trace:
#0 C:\wamp64\www\pitek_coba\system\Database\MySQLi\Connection.php(310): mysqli->query('SELECT product_...', 0)
#1 C:\wamp64\www\pitek_coba\system\Database\BaseConnection.php(732): CodeIgniter\Database\MySQLi\Connection->execute('SELECT product_...')
#2 C:\wamp64\www\pitek_coba\system\Database\BaseConnection.php(646): CodeIgniter\Database\BaseConnection->simpleQuery('SELECT product_...')
#3 C:\wamp64\www\pitek_coba\app\Helpers\query_helper.php(50): CodeIgniter\Database\BaseConnection->query('SELECT product_...')
#4 C:\wamp64\www\pitek_coba\app\Controllers\Admin\Product.php(70): generateDetailData(Array, Array, Object(CodeIgniter\Database\MySQLi\Connection))
#5 C:\wamp64\www\pitek_coba\system\CodeIgniter.php(933): App\Controllers\Admin\Product->detail()
#6 C:\wamp64\www\pitek_coba\system\CodeIgniter.php(509): CodeIgniter\CodeIgniter->runController(Object(App\Controllers\Admin\Product))
#7 C:\wamp64\www\pitek_coba\system\CodeIgniter.php(355): CodeIgniter\CodeIgniter->handleRequest(NULL, Object(Config\Cache), false)
#8 C:\wamp64\www\pitek_coba\system\Boot.php(325): CodeIgniter\CodeIgniter->run()
#9 C:\wamp64\www\pitek_coba\system\Boot.php(67): CodeIgniter\Boot::runCodeIgniter(Object(CodeIgniter\CodeIgniter))
#10 C:\wamp64\www\pitek_coba\public\index.php(56): CodeIgniter\Boot::bootWeb(Object(Config\Paths))
#11 {main}
CRITICAL - 2024-08-14 07:20:58 --> CodeIgniter\Database\Exceptions\DatabaseException: You have an error in your SQL syntax; check the manual that corresponds to your MySQL server version for the right syntax to use near '' at line 1
[Method: GET, Route: admin/product/detail]
in SYSTEMPATH\Database\BaseConnection.php on line 686.
 1 APPPATH\Helpers\query_helper.php(50): CodeIgniter\Database\BaseConnection->query('SELECT product_id AS id, product_name AS name, product_price AS price, product_variant_id AS variant_id, product_variant_name AS variant_name, product_category_id AS category_id, product_category_name AS category_name, product_box_id AS box_id, product_box_value AS box_value, product_created_at AS created_at, product_updated_at AS updated_at, product_stock.product_stock_stock AS stock, product_stock.product_stock_in AS stock_in, product_stock.product_stock_out AS stock_out FROM `product` JOIN product_stock ON product.product_id = product_stock.product_stock_product_id WHERE product_id = ')
 2 APPPATH\Controllers\Admin\Product.php(70): generateDetailData([...], [...], Object(CodeIgniter\Database\MySQLi\Connection))
 3 SYSTEMPATH\CodeIgniter.php(933): App\Controllers\Admin\Product->detail()
 4 SYSTEMPATH\CodeIgniter.php(509): CodeIgniter\CodeIgniter->runController(Object(App\Controllers\Admin\Product))
 5 SYSTEMPATH\CodeIgniter.php(355): CodeIgniter\CodeIgniter->handleRequest(null, Object(Config\Cache), false)
 6 SYSTEMPATH\Boot.php(325): CodeIgniter\CodeIgniter->run()
 7 SYSTEMPATH\Boot.php(67): CodeIgniter\Boot::runCodeIgniter(Object(CodeIgniter\CodeIgniter))
 8 FCPATH\index.php(56): CodeIgniter\Boot::bootWeb(Object(Config\Paths))
CRITICAL - 2024-08-14 07:20:58 --> [Caused by] CodeIgniter\Database\Exceptions\DatabaseException: You have an error in your SQL syntax; check the manual that corresponds to your MySQL server version for the right syntax to use near '' at line 1
in SYSTEMPATH\Database\MySQLi\Connection.php on line 315.
 1 SYSTEMPATH\Database\BaseConnection.php(732): CodeIgniter\Database\MySQLi\Connection->execute('SELECT product_id AS id, product_name AS name, product_price AS price, product_variant_id AS variant_id, product_variant_name AS variant_name, product_category_id AS category_id, product_category_name AS category_name, product_box_id AS box_id, product_box_value AS box_value, product_created_at AS created_at, product_updated_at AS updated_at, product_stock.product_stock_stock AS stock, product_stock.product_stock_in AS stock_in, product_stock.product_stock_out AS stock_out FROM `product` JOIN product_stock ON product.product_id = product_stock.product_stock_product_id WHERE product_id = ')
 2 SYSTEMPATH\Database\BaseConnection.php(646): CodeIgniter\Database\BaseConnection->simpleQuery('SELECT product_id AS id, product_name AS name, product_price AS price, product_variant_id AS variant_id, product_variant_name AS variant_name, product_category_id AS category_id, product_category_name AS category_name, product_box_id AS box_id, product_box_value AS box_value, product_created_at AS created_at, product_updated_at AS updated_at, product_stock.product_stock_stock AS stock, product_stock.product_stock_in AS stock_in, product_stock.product_stock_out AS stock_out FROM `product` JOIN product_stock ON product.product_id = product_stock.product_stock_product_id WHERE product_id = ')
 3 APPPATH\Helpers\query_helper.php(50): CodeIgniter\Database\BaseConnection->query('SELECT product_id AS id, product_name AS name, product_price AS price, product_variant_id AS variant_id, product_variant_name AS variant_name, product_category_id AS category_id, product_category_name AS category_name, product_box_id AS box_id, product_box_value AS box_value, product_created_at AS created_at, product_updated_at AS updated_at, product_stock.product_stock_stock AS stock, product_stock.product_stock_in AS stock_in, product_stock.product_stock_out AS stock_out FROM `product` JOIN product_stock ON product.product_id = product_stock.product_stock_product_id WHERE product_id = ')
 4 APPPATH\Controllers\Admin\Product.php(70): generateDetailData([...], [...], Object(CodeIgniter\Database\MySQLi\Connection))
 5 SYSTEMPATH\CodeIgniter.php(933): App\Controllers\Admin\Product->detail()
 6 SYSTEMPATH\CodeIgniter.php(509): CodeIgniter\CodeIgniter->runController(Object(App\Controllers\Admin\Product))
 7 SYSTEMPATH\CodeIgniter.php(355): CodeIgniter\CodeIgniter->handleRequest(null, Object(Config\Cache), false)
 8 SYSTEMPATH\Boot.php(325): CodeIgniter\CodeIgniter->run()
 9 SYSTEMPATH\Boot.php(67): CodeIgniter\Boot::runCodeIgniter(Object(CodeIgniter\CodeIgniter))
10 FCPATH\index.php(56): CodeIgniter\Boot::bootWeb(Object(Config\Paths))
CRITICAL - 2024-08-14 07:20:58 --> [Caused by] mysqli_sql_exception: You have an error in your SQL syntax; check the manual that corresponds to your MySQL server version for the right syntax to use near '' at line 1
in SYSTEMPATH\Database\MySQLi\Connection.php on line 310.
 1 SYSTEMPATH\Database\MySQLi\Connection.php(310): mysqli->query('SELECT product_id AS id, product_name AS name, product_price AS price, product_variant_id AS variant_id, product_variant_name AS variant_name, product_category_id AS category_id, product_category_name AS category_name, product_box_id AS box_id, product_box_value AS box_value, product_created_at AS created_at, product_updated_at AS updated_at, product_stock.product_stock_stock AS stock, product_stock.product_stock_in AS stock_in, product_stock.product_stock_out AS stock_out FROM `product` JOIN product_stock ON product.product_id = product_stock.product_stock_product_id WHERE product_id = ', 0)
 2 SYSTEMPATH\Database\BaseConnection.php(732): CodeIgniter\Database\MySQLi\Connection->execute('SELECT product_id AS id, product_name AS name, product_price AS price, product_variant_id AS variant_id, product_variant_name AS variant_name, product_category_id AS category_id, product_category_name AS category_name, product_box_id AS box_id, product_box_value AS box_value, product_created_at AS created_at, product_updated_at AS updated_at, product_stock.product_stock_stock AS stock, product_stock.product_stock_in AS stock_in, product_stock.product_stock_out AS stock_out FROM `product` JOIN product_stock ON product.product_id = product_stock.product_stock_product_id WHERE product_id = ')
 3 SYSTEMPATH\Database\BaseConnection.php(646): CodeIgniter\Database\BaseConnection->simpleQuery('SELECT product_id AS id, product_name AS name, product_price AS price, product_variant_id AS variant_id, product_variant_name AS variant_name, product_category_id AS category_id, product_category_name AS category_name, product_box_id AS box_id, product_box_value AS box_value, product_created_at AS created_at, product_updated_at AS updated_at, product_stock.product_stock_stock AS stock, product_stock.product_stock_in AS stock_in, product_stock.product_stock_out AS stock_out FROM `product` JOIN product_stock ON product.product_id = product_stock.product_stock_product_id WHERE product_id = ')
 4 APPPATH\Helpers\query_helper.php(50): CodeIgniter\Database\BaseConnection->query('SELECT product_id AS id, product_name AS name, product_price AS price, product_variant_id AS variant_id, product_variant_name AS variant_name, product_category_id AS category_id, product_category_name AS category_name, product_box_id AS box_id, product_box_value AS box_value, product_created_at AS created_at, product_updated_at AS updated_at, product_stock.product_stock_stock AS stock, product_stock.product_stock_in AS stock_in, product_stock.product_stock_out AS stock_out FROM `product` JOIN product_stock ON product.product_id = product_stock.product_stock_product_id WHERE product_id = ')
 5 APPPATH\Controllers\Admin\Product.php(70): generateDetailData([...], [...], Object(CodeIgniter\Database\MySQLi\Connection))
 6 SYSTEMPATH\CodeIgniter.php(933): App\Controllers\Admin\Product->detail()
 7 SYSTEMPATH\CodeIgniter.php(509): CodeIgniter\CodeIgniter->runController(Object(App\Controllers\Admin\Product))
 8 SYSTEMPATH\CodeIgniter.php(355): CodeIgniter\CodeIgniter->handleRequest(null, Object(Config\Cache), false)
 9 SYSTEMPATH\Boot.php(325): CodeIgniter\CodeIgniter->run()
10 SYSTEMPATH\Boot.php(67): CodeIgniter\Boot::runCodeIgniter(Object(CodeIgniter\CodeIgniter))
11 FCPATH\index.php(56): CodeIgniter\Boot::bootWeb(Object(Config\Paths))
ERROR - 2024-08-14 07:20:58 --> mysqli_sql_exception: You have an error in your SQL syntax; check the manual that corresponds to your MySQL server version for the right syntax to use near '' at line 1 in C:\wamp64\www\pitek_coba\system\Database\MySQLi\Connection.php:310
Stack trace:
#0 C:\wamp64\www\pitek_coba\system\Database\MySQLi\Connection.php(310): mysqli->query('SELECT product_...', 0)
#1 C:\wamp64\www\pitek_coba\system\Database\BaseConnection.php(732): CodeIgniter\Database\MySQLi\Connection->execute('SELECT product_...')
#2 C:\wamp64\www\pitek_coba\system\Database\BaseConnection.php(646): CodeIgniter\Database\BaseConnection->simpleQuery('SELECT product_...')
#3 C:\wamp64\www\pitek_coba\app\Helpers\query_helper.php(50): CodeIgniter\Database\BaseConnection->query('SELECT product_...')
#4 C:\wamp64\www\pitek_coba\app\Controllers\Admin\Selected.php(39): generateDetailData(Array, Array, Object(CodeIgniter\Database\MySQLi\Connection))
#5 C:\wamp64\www\pitek_coba\system\CodeIgniter.php(933): App\Controllers\Admin\Selected->category_selected()
#6 C:\wamp64\www\pitek_coba\system\CodeIgniter.php(509): CodeIgniter\CodeIgniter->runController(Object(App\Controllers\Admin\Selected))
#7 C:\wamp64\www\pitek_coba\system\CodeIgniter.php(355): CodeIgniter\CodeIgniter->handleRequest(NULL, Object(Config\Cache), false)
#8 C:\wamp64\www\pitek_coba\system\Boot.php(325): CodeIgniter\CodeIgniter->run()
#9 C:\wamp64\www\pitek_coba\system\Boot.php(67): CodeIgniter\Boot::runCodeIgniter(Object(CodeIgniter\CodeIgniter))
#10 C:\wamp64\www\pitek_coba\public\index.php(56): CodeIgniter\Boot::bootWeb(Object(Config\Paths))
#11 {main}
CRITICAL - 2024-08-14 07:20:58 --> CodeIgniter\Database\Exceptions\DatabaseException: You have an error in your SQL syntax; check the manual that corresponds to your MySQL server version for the right syntax to use near '' at line 1
[Method: GET, Route: admin/selected/category-selected]
in SYSTEMPATH\Database\BaseConnection.php on line 686.
 1 APPPATH\Helpers\query_helper.php(50): CodeIgniter\Database\BaseConnection->query('SELECT product_id AS id, product_name AS name, product_price AS price, product_variant_id AS variant_id, product_variant_name AS variant_name, product_category_id AS category_id, product_category_name AS category_name, product_box_id AS box_id, product_box_value AS box_value, product_created_at AS created_at, product_updated_at AS updated_at FROM `product` WHERE product_id = ')
 2 APPPATH\Controllers\Admin\Selected.php(39): generateDetailData([...], [...], Object(CodeIgniter\Database\MySQLi\Connection))
 3 SYSTEMPATH\CodeIgniter.php(933): App\Controllers\Admin\Selected->category_selected()
 4 SYSTEMPATH\CodeIgniter.php(509): CodeIgniter\CodeIgniter->runController(Object(App\Controllers\Admin\Selected))
 5 SYSTEMPATH\CodeIgniter.php(355): CodeIgniter\CodeIgniter->handleRequest(null, Object(Config\Cache), false)
 6 SYSTEMPATH\Boot.php(325): CodeIgniter\CodeIgniter->run()
 7 SYSTEMPATH\Boot.php(67): CodeIgniter\Boot::runCodeIgniter(Object(CodeIgniter\CodeIgniter))
 8 FCPATH\index.php(56): CodeIgniter\Boot::bootWeb(Object(Config\Paths))
CRITICAL - 2024-08-14 07:20:58 --> [Caused by] CodeIgniter\Database\Exceptions\DatabaseException: You have an error in your SQL syntax; check the manual that corresponds to your MySQL server version for the right syntax to use near '' at line 1
in SYSTEMPATH\Database\MySQLi\Connection.php on line 315.
 1 SYSTEMPATH\Database\BaseConnection.php(732): CodeIgniter\Database\MySQLi\Connection->execute('SELECT product_id AS id, product_name AS name, product_price AS price, product_variant_id AS variant_id, product_variant_name AS variant_name, product_category_id AS category_id, product_category_name AS category_name, product_box_id AS box_id, product_box_value AS box_value, product_created_at AS created_at, product_updated_at AS updated_at FROM `product` WHERE product_id = ')
 2 SYSTEMPATH\Database\BaseConnection.php(646): CodeIgniter\Database\BaseConnection->simpleQuery('SELECT product_id AS id, product_name AS name, product_price AS price, product_variant_id AS variant_id, product_variant_name AS variant_name, product_category_id AS category_id, product_category_name AS category_name, product_box_id AS box_id, product_box_value AS box_value, product_created_at AS created_at, product_updated_at AS updated_at FROM `product` WHERE product_id = ')
 3 APPPATH\Helpers\query_helper.php(50): CodeIgniter\Database\BaseConnection->query('SELECT product_id AS id, product_name AS name, product_price AS price, product_variant_id AS variant_id, product_variant_name AS variant_name, product_category_id AS category_id, product_category_name AS category_name, product_box_id AS box_id, product_box_value AS box_value, product_created_at AS created_at, product_updated_at AS updated_at FROM `product` WHERE product_id = ')
 4 APPPATH\Controllers\Admin\Selected.php(39): generateDetailData([...], [...], Object(CodeIgniter\Database\MySQLi\Connection))
 5 SYSTEMPATH\CodeIgniter.php(933): App\Controllers\Admin\Selected->category_selected()
 6 SYSTEMPATH\CodeIgniter.php(509): CodeIgniter\CodeIgniter->runController(Object(App\Controllers\Admin\Selected))
 7 SYSTEMPATH\CodeIgniter.php(355): CodeIgniter\CodeIgniter->handleRequest(null, Object(Config\Cache), false)
 8 SYSTEMPATH\Boot.php(325): CodeIgniter\CodeIgniter->run()
 9 SYSTEMPATH\Boot.php(67): CodeIgniter\Boot::runCodeIgniter(Object(CodeIgniter\CodeIgniter))
10 FCPATH\index.php(56): CodeIgniter\Boot::bootWeb(Object(Config\Paths))
CRITICAL - 2024-08-14 07:20:58 --> [Caused by] mysqli_sql_exception: You have an error in your SQL syntax; check the manual that corresponds to your MySQL server version for the right syntax to use near '' at line 1
in SYSTEMPATH\Database\MySQLi\Connection.php on line 310.
 1 SYSTEMPATH\Database\MySQLi\Connection.php(310): mysqli->query('SELECT product_id AS id, product_name AS name, product_price AS price, product_variant_id AS variant_id, product_variant_name AS variant_name, product_category_id AS category_id, product_category_name AS category_name, product_box_id AS box_id, product_box_value AS box_value, product_created_at AS created_at, product_updated_at AS updated_at FROM `product` WHERE product_id = ', 0)
 2 SYSTEMPATH\Database\BaseConnection.php(732): CodeIgniter\Database\MySQLi\Connection->execute('SELECT product_id AS id, product_name AS name, product_price AS price, product_variant_id AS variant_id, product_variant_name AS variant_name, product_category_id AS category_id, product_category_name AS category_name, product_box_id AS box_id, product_box_value AS box_value, product_created_at AS created_at, product_updated_at AS updated_at FROM `product` WHERE product_id = ')
 3 SYSTEMPATH\Database\BaseConnection.php(646): CodeIgniter\Database\BaseConnection->simpleQuery('SELECT product_id AS id, product_name AS name, product_price AS price, product_variant_id AS variant_id, product_variant_name AS variant_name, product_category_id AS category_id, product_category_name AS category_name, product_box_id AS box_id, product_box_value AS box_value, product_created_at AS created_at, product_updated_at AS updated_at FROM `product` WHERE product_id = ')
 4 APPPATH\Helpers\query_helper.php(50): CodeIgniter\Database\BaseConnection->query('SELECT product_id AS id, product_name AS name, product_price AS price, product_variant_id AS variant_id, product_variant_name AS variant_name, product_category_id AS category_id, product_category_name AS category_name, product_box_id AS box_id, product_box_value AS box_value, product_created_at AS created_at, product_updated_at AS updated_at FROM `product` WHERE product_id = ')
 5 APPPATH\Controllers\Admin\Selected.php(39): generateDetailData([...], [...], Object(CodeIgniter\Database\MySQLi\Connection))
 6 SYSTEMPATH\CodeIgniter.php(933): App\Controllers\Admin\Selected->category_selected()
 7 SYSTEMPATH\CodeIgniter.php(509): CodeIgniter\CodeIgniter->runController(Object(App\Controllers\Admin\Selected))
 8 SYSTEMPATH\CodeIgniter.php(355): CodeIgniter\CodeIgniter->handleRequest(null, Object(Config\Cache), false)
 9 SYSTEMPATH\Boot.php(325): CodeIgniter\CodeIgniter->run()
10 SYSTEMPATH\Boot.php(67): CodeIgniter\Boot::runCodeIgniter(Object(CodeIgniter\CodeIgniter))
11 FCPATH\index.php(56): CodeIgniter\Boot::bootWeb(Object(Config\Paths))
ERROR - 2024-08-14 07:20:58 --> mysqli_sql_exception: You have an error in your SQL syntax; check the manual that corresponds to your MySQL server version for the right syntax to use near '' at line 1 in C:\wamp64\www\pitek_coba\system\Database\MySQLi\Connection.php:310
Stack trace:
#0 C:\wamp64\www\pitek_coba\system\Database\MySQLi\Connection.php(310): mysqli->query('SELECT product_...', 0)
#1 C:\wamp64\www\pitek_coba\system\Database\BaseConnection.php(732): CodeIgniter\Database\MySQLi\Connection->execute('SELECT product_...')
#2 C:\wamp64\www\pitek_coba\system\Database\BaseConnection.php(646): CodeIgniter\Database\BaseConnection->simpleQuery('SELECT product_...')
#3 C:\wamp64\www\pitek_coba\app\Helpers\query_helper.php(50): CodeIgniter\Database\BaseConnection->query('SELECT product_...')
#4 C:\wamp64\www\pitek_coba\app\Controllers\Admin\Selected.php(92): generateDetailData(Array, Array, Object(CodeIgniter\Database\MySQLi\Connection))
#5 C:\wamp64\www\pitek_coba\system\CodeIgniter.php(933): App\Controllers\Admin\Selected->variant_selected()
#6 C:\wamp64\www\pitek_coba\system\CodeIgniter.php(509): CodeIgniter\CodeIgniter->runController(Object(App\Controllers\Admin\Selected))
#7 C:\wamp64\www\pitek_coba\system\CodeIgniter.php(355): CodeIgniter\CodeIgniter->handleRequest(NULL, Object(Config\Cache), false)
#8 C:\wamp64\www\pitek_coba\system\Boot.php(325): CodeIgniter\CodeIgniter->run()
#9 C:\wamp64\www\pitek_coba\system\Boot.php(67): CodeIgniter\Boot::runCodeIgniter(Object(CodeIgniter\CodeIgniter))
#10 C:\wamp64\www\pitek_coba\public\index.php(56): CodeIgniter\Boot::bootWeb(Object(Config\Paths))
#11 {main}
CRITICAL - 2024-08-14 07:20:58 --> CodeIgniter\Database\Exceptions\DatabaseException: You have an error in your SQL syntax; check the manual that corresponds to your MySQL server version for the right syntax to use near '' at line 1
[Method: GET, Route: admin/selected/variant-selected]
in SYSTEMPATH\Database\BaseConnection.php on line 686.
 1 APPPATH\Helpers\query_helper.php(50): CodeIgniter\Database\BaseConnection->query('SELECT product_id AS id, product_name AS name, product_price AS price, product_variant_id AS variant_id, product_variant_name AS variant_name, product_category_id AS category_id, product_category_name AS category_name, product_box_id AS box_id, product_box_value AS box_value, product_created_at AS created_at, product_updated_at AS updated_at FROM `product` WHERE product_id = ')
 2 APPPATH\Controllers\Admin\Selected.php(92): generateDetailData([...], [...], Object(CodeIgniter\Database\MySQLi\Connection))
 3 SYSTEMPATH\CodeIgniter.php(933): App\Controllers\Admin\Selected->variant_selected()
 4 SYSTEMPATH\CodeIgniter.php(509): CodeIgniter\CodeIgniter->runController(Object(App\Controllers\Admin\Selected))
 5 SYSTEMPATH\CodeIgniter.php(355): CodeIgniter\CodeIgniter->handleRequest(null, Object(Config\Cache), false)
 6 SYSTEMPATH\Boot.php(325): CodeIgniter\CodeIgniter->run()
 7 SYSTEMPATH\Boot.php(67): CodeIgniter\Boot::runCodeIgniter(Object(CodeIgniter\CodeIgniter))
 8 FCPATH\index.php(56): CodeIgniter\Boot::bootWeb(Object(Config\Paths))
CRITICAL - 2024-08-14 07:20:58 --> [Caused by] CodeIgniter\Database\Exceptions\DatabaseException: You have an error in your SQL syntax; check the manual that corresponds to your MySQL server version for the right syntax to use near '' at line 1
in SYSTEMPATH\Database\MySQLi\Connection.php on line 315.
 1 SYSTEMPATH\Database\BaseConnection.php(732): CodeIgniter\Database\MySQLi\Connection->execute('SELECT product_id AS id, product_name AS name, product_price AS price, product_variant_id AS variant_id, product_variant_name AS variant_name, product_category_id AS category_id, product_category_name AS category_name, product_box_id AS box_id, product_box_value AS box_value, product_created_at AS created_at, product_updated_at AS updated_at FROM `product` WHERE product_id = ')
 2 SYSTEMPATH\Database\BaseConnection.php(646): CodeIgniter\Database\BaseConnection->simpleQuery('SELECT product_id AS id, product_name AS name, product_price AS price, product_variant_id AS variant_id, product_variant_name AS variant_name, product_category_id AS category_id, product_category_name AS category_name, product_box_id AS box_id, product_box_value AS box_value, product_created_at AS created_at, product_updated_at AS updated_at FROM `product` WHERE product_id = ')
 3 APPPATH\Helpers\query_helper.php(50): CodeIgniter\Database\BaseConnection->query('SELECT product_id AS id, product_name AS name, product_price AS price, product_variant_id AS variant_id, product_variant_name AS variant_name, product_category_id AS category_id, product_category_name AS category_name, product_box_id AS box_id, product_box_value AS box_value, product_created_at AS created_at, product_updated_at AS updated_at FROM `product` WHERE product_id = ')
 4 APPPATH\Controllers\Admin\Selected.php(92): generateDetailData([...], [...], Object(CodeIgniter\Database\MySQLi\Connection))
 5 SYSTEMPATH\CodeIgniter.php(933): App\Controllers\Admin\Selected->variant_selected()
 6 SYSTEMPATH\CodeIgniter.php(509): CodeIgniter\CodeIgniter->runController(Object(App\Controllers\Admin\Selected))
 7 SYSTEMPATH\CodeIgniter.php(355): CodeIgniter\CodeIgniter->handleRequest(null, Object(Config\Cache), false)
 8 SYSTEMPATH\Boot.php(325): CodeIgniter\CodeIgniter->run()
 9 SYSTEMPATH\Boot.php(67): CodeIgniter\Boot::runCodeIgniter(Object(CodeIgniter\CodeIgniter))
10 FCPATH\index.php(56): CodeIgniter\Boot::bootWeb(Object(Config\Paths))
CRITICAL - 2024-08-14 07:20:58 --> [Caused by] mysqli_sql_exception: You have an error in your SQL syntax; check the manual that corresponds to your MySQL server version for the right syntax to use near '' at line 1
in SYSTEMPATH\Database\MySQLi\Connection.php on line 310.
 1 SYSTEMPATH\Database\MySQLi\Connection.php(310): mysqli->query('SELECT product_id AS id, product_name AS name, product_price AS price, product_variant_id AS variant_id, product_variant_name AS variant_name, product_category_id AS category_id, product_category_name AS category_name, product_box_id AS box_id, product_box_value AS box_value, product_created_at AS created_at, product_updated_at AS updated_at FROM `product` WHERE product_id = ', 0)
 2 SYSTEMPATH\Database\BaseConnection.php(732): CodeIgniter\Database\MySQLi\Connection->execute('SELECT product_id AS id, product_name AS name, product_price AS price, product_variant_id AS variant_id, product_variant_name AS variant_name, product_category_id AS category_id, product_category_name AS category_name, product_box_id AS box_id, product_box_value AS box_value, product_created_at AS created_at, product_updated_at AS updated_at FROM `product` WHERE product_id = ')
 3 SYSTEMPATH\Database\BaseConnection.php(646): CodeIgniter\Database\BaseConnection->simpleQuery('SELECT product_id AS id, product_name AS name, product_price AS price, product_variant_id AS variant_id, product_variant_name AS variant_name, product_category_id AS category_id, product_category_name AS category_name, product_box_id AS box_id, product_box_value AS box_value, product_created_at AS created_at, product_updated_at AS updated_at FROM `product` WHERE product_id = ')
 4 APPPATH\Helpers\query_helper.php(50): CodeIgniter\Database\BaseConnection->query('SELECT product_id AS id, product_name AS name, product_price AS price, product_variant_id AS variant_id, product_variant_name AS variant_name, product_category_id AS category_id, product_category_name AS category_name, product_box_id AS box_id, product_box_value AS box_value, product_created_at AS created_at, product_updated_at AS updated_at FROM `product` WHERE product_id = ')
 5 APPPATH\Controllers\Admin\Selected.php(92): generateDetailData([...], [...], Object(CodeIgniter\Database\MySQLi\Connection))
 6 SYSTEMPATH\CodeIgniter.php(933): App\Controllers\Admin\Selected->variant_selected()
 7 SYSTEMPATH\CodeIgniter.php(509): CodeIgniter\CodeIgniter->runController(Object(App\Controllers\Admin\Selected))
 8 SYSTEMPATH\CodeIgniter.php(355): CodeIgniter\CodeIgniter->handleRequest(null, Object(Config\Cache), false)
 9 SYSTEMPATH\Boot.php(325): CodeIgniter\CodeIgniter->run()
10 SYSTEMPATH\Boot.php(67): CodeIgniter\Boot::runCodeIgniter(Object(CodeIgniter\CodeIgniter))
11 FCPATH\index.php(56): CodeIgniter\Boot::bootWeb(Object(Config\Paths))
ERROR - 2024-08-14 07:20:58 --> mysqli_sql_exception: You have an error in your SQL syntax; check the manual that corresponds to your MySQL server version for the right syntax to use near '' at line 1 in C:\wamp64\www\pitek_coba\system\Database\MySQLi\Connection.php:310
Stack trace:
#0 C:\wamp64\www\pitek_coba\system\Database\MySQLi\Connection.php(310): mysqli->query('SELECT product_...', 0)
#1 C:\wamp64\www\pitek_coba\system\Database\BaseConnection.php(732): CodeIgniter\Database\MySQLi\Connection->execute('SELECT product_...')
#2 C:\wamp64\www\pitek_coba\system\Database\BaseConnection.php(646): CodeIgniter\Database\BaseConnection->simpleQuery('SELECT product_...')
#3 C:\wamp64\www\pitek_coba\app\Helpers\query_helper.php(50): CodeIgniter\Database\BaseConnection->query('SELECT product_...')
#4 C:\wamp64\www\pitek_coba\app\Controllers\Admin\Selected.php(144): generateDetailData(Array, Array, Object(CodeIgniter\Database\MySQLi\Connection))
#5 C:\wamp64\www\pitek_coba\system\CodeIgniter.php(933): App\Controllers\Admin\Selected->box_selected()
#6 C:\wamp64\www\pitek_coba\system\CodeIgniter.php(509): CodeIgniter\CodeIgniter->runController(Object(App\Controllers\Admin\Selected))
#7 C:\wamp64\www\pitek_coba\system\CodeIgniter.php(355): CodeIgniter\CodeIgniter->handleRequest(NULL, Object(Config\Cache), false)
#8 C:\wamp64\www\pitek_coba\system\Boot.php(325): CodeIgniter\CodeIgniter->run()
#9 C:\wamp64\www\pitek_coba\system\Boot.php(67): CodeIgniter\Boot::runCodeIgniter(Object(CodeIgniter\CodeIgniter))
#10 C:\wamp64\www\pitek_coba\public\index.php(56): CodeIgniter\Boot::bootWeb(Object(Config\Paths))
#11 {main}
CRITICAL - 2024-08-14 07:20:58 --> CodeIgniter\Database\Exceptions\DatabaseException: You have an error in your SQL syntax; check the manual that corresponds to your MySQL server version for the right syntax to use near '' at line 1
[Method: GET, Route: admin/selected/box-selected]
in SYSTEMPATH\Database\BaseConnection.php on line 686.
 1 APPPATH\Helpers\query_helper.php(50): CodeIgniter\Database\BaseConnection->query('SELECT product_id AS id, product_name AS name, product_price AS price, product_variant_id AS variant_id, product_variant_name AS variant_name, product_category_id AS category_id, product_category_name AS category_name, product_box_id AS box_id, product_box_value AS box_value, product_created_at AS created_at, product_updated_at AS updated_at FROM `product` WHERE product_id = ')
 2 APPPATH\Controllers\Admin\Selected.php(144): generateDetailData([...], [...], Object(CodeIgniter\Database\MySQLi\Connection))
 3 SYSTEMPATH\CodeIgniter.php(933): App\Controllers\Admin\Selected->box_selected()
 4 SYSTEMPATH\CodeIgniter.php(509): CodeIgniter\CodeIgniter->runController(Object(App\Controllers\Admin\Selected))
 5 SYSTEMPATH\CodeIgniter.php(355): CodeIgniter\CodeIgniter->handleRequest(null, Object(Config\Cache), false)
 6 SYSTEMPATH\Boot.php(325): CodeIgniter\CodeIgniter->run()
 7 SYSTEMPATH\Boot.php(67): CodeIgniter\Boot::runCodeIgniter(Object(CodeIgniter\CodeIgniter))
 8 FCPATH\index.php(56): CodeIgniter\Boot::bootWeb(Object(Config\Paths))
CRITICAL - 2024-08-14 07:20:58 --> [Caused by] CodeIgniter\Database\Exceptions\DatabaseException: You have an error in your SQL syntax; check the manual that corresponds to your MySQL server version for the right syntax to use near '' at line 1
in SYSTEMPATH\Database\MySQLi\Connection.php on line 315.
 1 SYSTEMPATH\Database\BaseConnection.php(732): CodeIgniter\Database\MySQLi\Connection->execute('SELECT product_id AS id, product_name AS name, product_price AS price, product_variant_id AS variant_id, product_variant_name AS variant_name, product_category_id AS category_id, product_category_name AS category_name, product_box_id AS box_id, product_box_value AS box_value, product_created_at AS created_at, product_updated_at AS updated_at FROM `product` WHERE product_id = ')
 2 SYSTEMPATH\Database\BaseConnection.php(646): CodeIgniter\Database\BaseConnection->simpleQuery('SELECT product_id AS id, product_name AS name, product_price AS price, product_variant_id AS variant_id, product_variant_name AS variant_name, product_category_id AS category_id, product_category_name AS category_name, product_box_id AS box_id, product_box_value AS box_value, product_created_at AS created_at, product_updated_at AS updated_at FROM `product` WHERE product_id = ')
 3 APPPATH\Helpers\query_helper.php(50): CodeIgniter\Database\BaseConnection->query('SELECT product_id AS id, product_name AS name, product_price AS price, product_variant_id AS variant_id, product_variant_name AS variant_name, product_category_id AS category_id, product_category_name AS category_name, product_box_id AS box_id, product_box_value AS box_value, product_created_at AS created_at, product_updated_at AS updated_at FROM `product` WHERE product_id = ')
 4 APPPATH\Controllers\Admin\Selected.php(144): generateDetailData([...], [...], Object(CodeIgniter\Database\MySQLi\Connection))
 5 SYSTEMPATH\CodeIgniter.php(933): App\Controllers\Admin\Selected->box_selected()
 6 SYSTEMPATH\CodeIgniter.php(509): CodeIgniter\CodeIgniter->runController(Object(App\Controllers\Admin\Selected))
 7 SYSTEMPATH\CodeIgniter.php(355): CodeIgniter\CodeIgniter->handleRequest(null, Object(Config\Cache), false)
 8 SYSTEMPATH\Boot.php(325): CodeIgniter\CodeIgniter->run()
 9 SYSTEMPATH\Boot.php(67): CodeIgniter\Boot::runCodeIgniter(Object(CodeIgniter\CodeIgniter))
10 FCPATH\index.php(56): CodeIgniter\Boot::bootWeb(Object(Config\Paths))
CRITICAL - 2024-08-14 07:20:58 --> [Caused by] mysqli_sql_exception: You have an error in your SQL syntax; check the manual that corresponds to your MySQL server version for the right syntax to use near '' at line 1
in SYSTEMPATH\Database\MySQLi\Connection.php on line 310.
 1 SYSTEMPATH\Database\MySQLi\Connection.php(310): mysqli->query('SELECT product_id AS id, product_name AS name, product_price AS price, product_variant_id AS variant_id, product_variant_name AS variant_name, product_category_id AS category_id, product_category_name AS category_name, product_box_id AS box_id, product_box_value AS box_value, product_created_at AS created_at, product_updated_at AS updated_at FROM `product` WHERE product_id = ', 0)
 2 SYSTEMPATH\Database\BaseConnection.php(732): CodeIgniter\Database\MySQLi\Connection->execute('SELECT product_id AS id, product_name AS name, product_price AS price, product_variant_id AS variant_id, product_variant_name AS variant_name, product_category_id AS category_id, product_category_name AS category_name, product_box_id AS box_id, product_box_value AS box_value, product_created_at AS created_at, product_updated_at AS updated_at FROM `product` WHERE product_id = ')
 3 SYSTEMPATH\Database\BaseConnection.php(646): CodeIgniter\Database\BaseConnection->simpleQuery('SELECT product_id AS id, product_name AS name, product_price AS price, product_variant_id AS variant_id, product_variant_name AS variant_name, product_category_id AS category_id, product_category_name AS category_name, product_box_id AS box_id, product_box_value AS box_value, product_created_at AS created_at, product_updated_at AS updated_at FROM `product` WHERE product_id = ')
 4 APPPATH\Helpers\query_helper.php(50): CodeIgniter\Database\BaseConnection->query('SELECT product_id AS id, product_name AS name, product_price AS price, product_variant_id AS variant_id, product_variant_name AS variant_name, product_category_id AS category_id, product_category_name AS category_name, product_box_id AS box_id, product_box_value AS box_value, product_created_at AS created_at, product_updated_at AS updated_at FROM `product` WHERE product_id = ')
 5 APPPATH\Controllers\Admin\Selected.php(144): generateDetailData([...], [...], Object(CodeIgniter\Database\MySQLi\Connection))
 6 SYSTEMPATH\CodeIgniter.php(933): App\Controllers\Admin\Selected->box_selected()
 7 SYSTEMPATH\CodeIgniter.php(509): CodeIgniter\CodeIgniter->runController(Object(App\Controllers\Admin\Selected))
 8 SYSTEMPATH\CodeIgniter.php(355): CodeIgniter\CodeIgniter->handleRequest(null, Object(Config\Cache), false)
 9 SYSTEMPATH\Boot.php(325): CodeIgniter\CodeIgniter->run()
10 SYSTEMPATH\Boot.php(67): CodeIgniter\Boot::runCodeIgniter(Object(CodeIgniter\CodeIgniter))
11 FCPATH\index.php(56): CodeIgniter\Boot::bootWeb(Object(Config\Paths))
ERROR - 2024-08-14 07:21:00 --> mysqli_sql_exception: You have an error in your SQL syntax; check the manual that corresponds to your MySQL server version for the right syntax to use near '' at line 1 in C:\wamp64\www\pitek_coba\system\Database\MySQLi\Connection.php:310
Stack trace:
#0 C:\wamp64\www\pitek_coba\system\Database\MySQLi\Connection.php(310): mysqli->query('SELECT product_...', 0)
#1 C:\wamp64\www\pitek_coba\system\Database\BaseConnection.php(732): CodeIgniter\Database\MySQLi\Connection->execute('SELECT product_...')
#2 C:\wamp64\www\pitek_coba\system\Database\BaseConnection.php(646): CodeIgniter\Database\BaseConnection->simpleQuery('SELECT product_...')
#3 C:\wamp64\www\pitek_coba\app\Helpers\query_helper.php(50): CodeIgniter\Database\BaseConnection->query('SELECT product_...')
#4 C:\wamp64\www\pitek_coba\app\Controllers\Admin\Product.php(70): generateDetailData(Array, Array, Object(CodeIgniter\Database\MySQLi\Connection))
#5 C:\wamp64\www\pitek_coba\system\CodeIgniter.php(933): App\Controllers\Admin\Product->detail()
#6 C:\wamp64\www\pitek_coba\system\CodeIgniter.php(509): CodeIgniter\CodeIgniter->runController(Object(App\Controllers\Admin\Product))
#7 C:\wamp64\www\pitek_coba\system\CodeIgniter.php(355): CodeIgniter\CodeIgniter->handleRequest(NULL, Object(Config\Cache), false)
#8 C:\wamp64\www\pitek_coba\system\Boot.php(325): CodeIgniter\CodeIgniter->run()
#9 C:\wamp64\www\pitek_coba\system\Boot.php(67): CodeIgniter\Boot::runCodeIgniter(Object(CodeIgniter\CodeIgniter))
#10 C:\wamp64\www\pitek_coba\public\index.php(56): CodeIgniter\Boot::bootWeb(Object(Config\Paths))
#11 {main}
CRITICAL - 2024-08-14 07:21:00 --> CodeIgniter\Database\Exceptions\DatabaseException: You have an error in your SQL syntax; check the manual that corresponds to your MySQL server version for the right syntax to use near '' at line 1
[Method: GET, Route: admin/product/detail]
in SYSTEMPATH\Database\BaseConnection.php on line 686.
 1 APPPATH\Helpers\query_helper.php(50): CodeIgniter\Database\BaseConnection->query('SELECT product_id AS id, product_name AS name, product_price AS price, product_variant_id AS variant_id, product_variant_name AS variant_name, product_category_id AS category_id, product_category_name AS category_name, product_box_id AS box_id, product_box_value AS box_value, product_created_at AS created_at, product_updated_at AS updated_at, product_stock.product_stock_stock AS stock, product_stock.product_stock_in AS stock_in, product_stock.product_stock_out AS stock_out FROM `product` JOIN product_stock ON product.product_id = product_stock.product_stock_product_id WHERE product_id = ')
 2 APPPATH\Controllers\Admin\Product.php(70): generateDetailData([...], [...], Object(CodeIgniter\Database\MySQLi\Connection))
 3 SYSTEMPATH\CodeIgniter.php(933): App\Controllers\Admin\Product->detail()
 4 SYSTEMPATH\CodeIgniter.php(509): CodeIgniter\CodeIgniter->runController(Object(App\Controllers\Admin\Product))
 5 SYSTEMPATH\CodeIgniter.php(355): CodeIgniter\CodeIgniter->handleRequest(null, Object(Config\Cache), false)
 6 SYSTEMPATH\Boot.php(325): CodeIgniter\CodeIgniter->run()
 7 SYSTEMPATH\Boot.php(67): CodeIgniter\Boot::runCodeIgniter(Object(CodeIgniter\CodeIgniter))
 8 FCPATH\index.php(56): CodeIgniter\Boot::bootWeb(Object(Config\Paths))
CRITICAL - 2024-08-14 07:21:00 --> [Caused by] CodeIgniter\Database\Exceptions\DatabaseException: You have an error in your SQL syntax; check the manual that corresponds to your MySQL server version for the right syntax to use near '' at line 1
in SYSTEMPATH\Database\MySQLi\Connection.php on line 315.
 1 SYSTEMPATH\Database\BaseConnection.php(732): CodeIgniter\Database\MySQLi\Connection->execute('SELECT product_id AS id, product_name AS name, product_price AS price, product_variant_id AS variant_id, product_variant_name AS variant_name, product_category_id AS category_id, product_category_name AS category_name, product_box_id AS box_id, product_box_value AS box_value, product_created_at AS created_at, product_updated_at AS updated_at, product_stock.product_stock_stock AS stock, product_stock.product_stock_in AS stock_in, product_stock.product_stock_out AS stock_out FROM `product` JOIN product_stock ON product.product_id = product_stock.product_stock_product_id WHERE product_id = ')
 2 SYSTEMPATH\Database\BaseConnection.php(646): CodeIgniter\Database\BaseConnection->simpleQuery('SELECT product_id AS id, product_name AS name, product_price AS price, product_variant_id AS variant_id, product_variant_name AS variant_name, product_category_id AS category_id, product_category_name AS category_name, product_box_id AS box_id, product_box_value AS box_value, product_created_at AS created_at, product_updated_at AS updated_at, product_stock.product_stock_stock AS stock, product_stock.product_stock_in AS stock_in, product_stock.product_stock_out AS stock_out FROM `product` JOIN product_stock ON product.product_id = product_stock.product_stock_product_id WHERE product_id = ')
 3 APPPATH\Helpers\query_helper.php(50): CodeIgniter\Database\BaseConnection->query('SELECT product_id AS id, product_name AS name, product_price AS price, product_variant_id AS variant_id, product_variant_name AS variant_name, product_category_id AS category_id, product_category_name AS category_name, product_box_id AS box_id, product_box_value AS box_value, product_created_at AS created_at, product_updated_at AS updated_at, product_stock.product_stock_stock AS stock, product_stock.product_stock_in AS stock_in, product_stock.product_stock_out AS stock_out FROM `product` JOIN product_stock ON product.product_id = product_stock.product_stock_product_id WHERE product_id = ')
 4 APPPATH\Controllers\Admin\Product.php(70): generateDetailData([...], [...], Object(CodeIgniter\Database\MySQLi\Connection))
 5 SYSTEMPATH\CodeIgniter.php(933): App\Controllers\Admin\Product->detail()
 6 SYSTEMPATH\CodeIgniter.php(509): CodeIgniter\CodeIgniter->runController(Object(App\Controllers\Admin\Product))
 7 SYSTEMPATH\CodeIgniter.php(355): CodeIgniter\CodeIgniter->handleRequest(null, Object(Config\Cache), false)
 8 SYSTEMPATH\Boot.php(325): CodeIgniter\CodeIgniter->run()
 9 SYSTEMPATH\Boot.php(67): CodeIgniter\Boot::runCodeIgniter(Object(CodeIgniter\CodeIgniter))
10 FCPATH\index.php(56): CodeIgniter\Boot::bootWeb(Object(Config\Paths))
CRITICAL - 2024-08-14 07:21:00 --> [Caused by] mysqli_sql_exception: You have an error in your SQL syntax; check the manual that corresponds to your MySQL server version for the right syntax to use near '' at line 1
in SYSTEMPATH\Database\MySQLi\Connection.php on line 310.
 1 SYSTEMPATH\Database\MySQLi\Connection.php(310): mysqli->query('SELECT product_id AS id, product_name AS name, product_price AS price, product_variant_id AS variant_id, product_variant_name AS variant_name, product_category_id AS category_id, product_category_name AS category_name, product_box_id AS box_id, product_box_value AS box_value, product_created_at AS created_at, product_updated_at AS updated_at, product_stock.product_stock_stock AS stock, product_stock.product_stock_in AS stock_in, product_stock.product_stock_out AS stock_out FROM `product` JOIN product_stock ON product.product_id = product_stock.product_stock_product_id WHERE product_id = ', 0)
 2 SYSTEMPATH\Database\BaseConnection.php(732): CodeIgniter\Database\MySQLi\Connection->execute('SELECT product_id AS id, product_name AS name, product_price AS price, product_variant_id AS variant_id, product_variant_name AS variant_name, product_category_id AS category_id, product_category_name AS category_name, product_box_id AS box_id, product_box_value AS box_value, product_created_at AS created_at, product_updated_at AS updated_at, product_stock.product_stock_stock AS stock, product_stock.product_stock_in AS stock_in, product_stock.product_stock_out AS stock_out FROM `product` JOIN product_stock ON product.product_id = product_stock.product_stock_product_id WHERE product_id = ')
 3 SYSTEMPATH\Database\BaseConnection.php(646): CodeIgniter\Database\BaseConnection->simpleQuery('SELECT product_id AS id, product_name AS name, product_price AS price, product_variant_id AS variant_id, product_variant_name AS variant_name, product_category_id AS category_id, product_category_name AS category_name, product_box_id AS box_id, product_box_value AS box_value, product_created_at AS created_at, product_updated_at AS updated_at, product_stock.product_stock_stock AS stock, product_stock.product_stock_in AS stock_in, product_stock.product_stock_out AS stock_out FROM `product` JOIN product_stock ON product.product_id = product_stock.product_stock_product_id WHERE product_id = ')
 4 APPPATH\Helpers\query_helper.php(50): CodeIgniter\Database\BaseConnection->query('SELECT product_id AS id, product_name AS name, product_price AS price, product_variant_id AS variant_id, product_variant_name AS variant_name, product_category_id AS category_id, product_category_name AS category_name, product_box_id AS box_id, product_box_value AS box_value, product_created_at AS created_at, product_updated_at AS updated_at, product_stock.product_stock_stock AS stock, product_stock.product_stock_in AS stock_in, product_stock.product_stock_out AS stock_out FROM `product` JOIN product_stock ON product.product_id = product_stock.product_stock_product_id WHERE product_id = ')
 5 APPPATH\Controllers\Admin\Product.php(70): generateDetailData([...], [...], Object(CodeIgniter\Database\MySQLi\Connection))
 6 SYSTEMPATH\CodeIgniter.php(933): App\Controllers\Admin\Product->detail()
 7 SYSTEMPATH\CodeIgniter.php(509): CodeIgniter\CodeIgniter->runController(Object(App\Controllers\Admin\Product))
 8 SYSTEMPATH\CodeIgniter.php(355): CodeIgniter\CodeIgniter->handleRequest(null, Object(Config\Cache), false)
 9 SYSTEMPATH\Boot.php(325): CodeIgniter\CodeIgniter->run()
10 SYSTEMPATH\Boot.php(67): CodeIgniter\Boot::runCodeIgniter(Object(CodeIgniter\CodeIgniter))
11 FCPATH\index.php(56): CodeIgniter\Boot::bootWeb(Object(Config\Paths))
ERROR - 2024-08-14 07:21:00 --> mysqli_sql_exception: You have an error in your SQL syntax; check the manual that corresponds to your MySQL server version for the right syntax to use near '' at line 1 in C:\wamp64\www\pitek_coba\system\Database\MySQLi\Connection.php:310
Stack trace:
#0 C:\wamp64\www\pitek_coba\system\Database\MySQLi\Connection.php(310): mysqli->query('SELECT product_...', 0)
#1 C:\wamp64\www\pitek_coba\system\Database\BaseConnection.php(732): CodeIgniter\Database\MySQLi\Connection->execute('SELECT product_...')
#2 C:\wamp64\www\pitek_coba\system\Database\BaseConnection.php(646): CodeIgniter\Database\BaseConnection->simpleQuery('SELECT product_...')
#3 C:\wamp64\www\pitek_coba\app\Helpers\query_helper.php(50): CodeIgniter\Database\BaseConnection->query('SELECT product_...')
#4 C:\wamp64\www\pitek_coba\app\Controllers\Admin\Selected.php(39): generateDetailData(Array, Array, Object(CodeIgniter\Database\MySQLi\Connection))
#5 C:\wamp64\www\pitek_coba\system\CodeIgniter.php(933): App\Controllers\Admin\Selected->category_selected()
#6 C:\wamp64\www\pitek_coba\system\CodeIgniter.php(509): CodeIgniter\CodeIgniter->runController(Object(App\Controllers\Admin\Selected))
#7 C:\wamp64\www\pitek_coba\system\CodeIgniter.php(355): CodeIgniter\CodeIgniter->handleRequest(NULL, Object(Config\Cache), false)
#8 C:\wamp64\www\pitek_coba\system\Boot.php(325): CodeIgniter\CodeIgniter->run()
#9 C:\wamp64\www\pitek_coba\system\Boot.php(67): CodeIgniter\Boot::runCodeIgniter(Object(CodeIgniter\CodeIgniter))
#10 C:\wamp64\www\pitek_coba\public\index.php(56): CodeIgniter\Boot::bootWeb(Object(Config\Paths))
#11 {main}
CRITICAL - 2024-08-14 07:21:00 --> CodeIgniter\Database\Exceptions\DatabaseException: You have an error in your SQL syntax; check the manual that corresponds to your MySQL server version for the right syntax to use near '' at line 1
[Method: GET, Route: admin/selected/category-selected]
in SYSTEMPATH\Database\BaseConnection.php on line 686.
 1 APPPATH\Helpers\query_helper.php(50): CodeIgniter\Database\BaseConnection->query('SELECT product_id AS id, product_name AS name, product_price AS price, product_variant_id AS variant_id, product_variant_name AS variant_name, product_category_id AS category_id, product_category_name AS category_name, product_box_id AS box_id, product_box_value AS box_value, product_created_at AS created_at, product_updated_at AS updated_at FROM `product` WHERE product_id = ')
 2 APPPATH\Controllers\Admin\Selected.php(39): generateDetailData([...], [...], Object(CodeIgniter\Database\MySQLi\Connection))
 3 SYSTEMPATH\CodeIgniter.php(933): App\Controllers\Admin\Selected->category_selected()
 4 SYSTEMPATH\CodeIgniter.php(509): CodeIgniter\CodeIgniter->runController(Object(App\Controllers\Admin\Selected))
 5 SYSTEMPATH\CodeIgniter.php(355): CodeIgniter\CodeIgniter->handleRequest(null, Object(Config\Cache), false)
 6 SYSTEMPATH\Boot.php(325): CodeIgniter\CodeIgniter->run()
 7 SYSTEMPATH\Boot.php(67): CodeIgniter\Boot::runCodeIgniter(Object(CodeIgniter\CodeIgniter))
 8 FCPATH\index.php(56): CodeIgniter\Boot::bootWeb(Object(Config\Paths))
CRITICAL - 2024-08-14 07:21:00 --> [Caused by] CodeIgniter\Database\Exceptions\DatabaseException: You have an error in your SQL syntax; check the manual that corresponds to your MySQL server version for the right syntax to use near '' at line 1
in SYSTEMPATH\Database\MySQLi\Connection.php on line 315.
 1 SYSTEMPATH\Database\BaseConnection.php(732): CodeIgniter\Database\MySQLi\Connection->execute('SELECT product_id AS id, product_name AS name, product_price AS price, product_variant_id AS variant_id, product_variant_name AS variant_name, product_category_id AS category_id, product_category_name AS category_name, product_box_id AS box_id, product_box_value AS box_value, product_created_at AS created_at, product_updated_at AS updated_at FROM `product` WHERE product_id = ')
 2 SYSTEMPATH\Database\BaseConnection.php(646): CodeIgniter\Database\BaseConnection->simpleQuery('SELECT product_id AS id, product_name AS name, product_price AS price, product_variant_id AS variant_id, product_variant_name AS variant_name, product_category_id AS category_id, product_category_name AS category_name, product_box_id AS box_id, product_box_value AS box_value, product_created_at AS created_at, product_updated_at AS updated_at FROM `product` WHERE product_id = ')
 3 APPPATH\Helpers\query_helper.php(50): CodeIgniter\Database\BaseConnection->query('SELECT product_id AS id, product_name AS name, product_price AS price, product_variant_id AS variant_id, product_variant_name AS variant_name, product_category_id AS category_id, product_category_name AS category_name, product_box_id AS box_id, product_box_value AS box_value, product_created_at AS created_at, product_updated_at AS updated_at FROM `product` WHERE product_id = ')
 4 APPPATH\Controllers\Admin\Selected.php(39): generateDetailData([...], [...], Object(CodeIgniter\Database\MySQLi\Connection))
 5 SYSTEMPATH\CodeIgniter.php(933): App\Controllers\Admin\Selected->category_selected()
 6 SYSTEMPATH\CodeIgniter.php(509): CodeIgniter\CodeIgniter->runController(Object(App\Controllers\Admin\Selected))
 7 SYSTEMPATH\CodeIgniter.php(355): CodeIgniter\CodeIgniter->handleRequest(null, Object(Config\Cache), false)
 8 SYSTEMPATH\Boot.php(325): CodeIgniter\CodeIgniter->run()
 9 SYSTEMPATH\Boot.php(67): CodeIgniter\Boot::runCodeIgniter(Object(CodeIgniter\CodeIgniter))
10 FCPATH\index.php(56): CodeIgniter\Boot::bootWeb(Object(Config\Paths))
CRITICAL - 2024-08-14 07:21:00 --> [Caused by] mysqli_sql_exception: You have an error in your SQL syntax; check the manual that corresponds to your MySQL server version for the right syntax to use near '' at line 1
in SYSTEMPATH\Database\MySQLi\Connection.php on line 310.
 1 SYSTEMPATH\Database\MySQLi\Connection.php(310): mysqli->query('SELECT product_id AS id, product_name AS name, product_price AS price, product_variant_id AS variant_id, product_variant_name AS variant_name, product_category_id AS category_id, product_category_name AS category_name, product_box_id AS box_id, product_box_value AS box_value, product_created_at AS created_at, product_updated_at AS updated_at FROM `product` WHERE product_id = ', 0)
 2 SYSTEMPATH\Database\BaseConnection.php(732): CodeIgniter\Database\MySQLi\Connection->execute('SELECT product_id AS id, product_name AS name, product_price AS price, product_variant_id AS variant_id, product_variant_name AS variant_name, product_category_id AS category_id, product_category_name AS category_name, product_box_id AS box_id, product_box_value AS box_value, product_created_at AS created_at, product_updated_at AS updated_at FROM `product` WHERE product_id = ')
 3 SYSTEMPATH\Database\BaseConnection.php(646): CodeIgniter\Database\BaseConnection->simpleQuery('SELECT product_id AS id, product_name AS name, product_price AS price, product_variant_id AS variant_id, product_variant_name AS variant_name, product_category_id AS category_id, product_category_name AS category_name, product_box_id AS box_id, product_box_value AS box_value, product_created_at AS created_at, product_updated_at AS updated_at FROM `product` WHERE product_id = ')
 4 APPPATH\Helpers\query_helper.php(50): CodeIgniter\Database\BaseConnection->query('SELECT product_id AS id, product_name AS name, product_price AS price, product_variant_id AS variant_id, product_variant_name AS variant_name, product_category_id AS category_id, product_category_name AS category_name, product_box_id AS box_id, product_box_value AS box_value, product_created_at AS created_at, product_updated_at AS updated_at FROM `product` WHERE product_id = ')
 5 APPPATH\Controllers\Admin\Selected.php(39): generateDetailData([...], [...], Object(CodeIgniter\Database\MySQLi\Connection))
 6 SYSTEMPATH\CodeIgniter.php(933): App\Controllers\Admin\Selected->category_selected()
 7 SYSTEMPATH\CodeIgniter.php(509): CodeIgniter\CodeIgniter->runController(Object(App\Controllers\Admin\Selected))
 8 SYSTEMPATH\CodeIgniter.php(355): CodeIgniter\CodeIgniter->handleRequest(null, Object(Config\Cache), false)
 9 SYSTEMPATH\Boot.php(325): CodeIgniter\CodeIgniter->run()
10 SYSTEMPATH\Boot.php(67): CodeIgniter\Boot::runCodeIgniter(Object(CodeIgniter\CodeIgniter))
11 FCPATH\index.php(56): CodeIgniter\Boot::bootWeb(Object(Config\Paths))
ERROR - 2024-08-14 07:21:00 --> mysqli_sql_exception: You have an error in your SQL syntax; check the manual that corresponds to your MySQL server version for the right syntax to use near '' at line 1 in C:\wamp64\www\pitek_coba\system\Database\MySQLi\Connection.php:310
Stack trace:
#0 C:\wamp64\www\pitek_coba\system\Database\MySQLi\Connection.php(310): mysqli->query('SELECT product_...', 0)
#1 C:\wamp64\www\pitek_coba\system\Database\BaseConnection.php(732): CodeIgniter\Database\MySQLi\Connection->execute('SELECT product_...')
#2 C:\wamp64\www\pitek_coba\system\Database\BaseConnection.php(646): CodeIgniter\Database\BaseConnection->simpleQuery('SELECT product_...')
#3 C:\wamp64\www\pitek_coba\app\Helpers\query_helper.php(50): CodeIgniter\Database\BaseConnection->query('SELECT product_...')
#4 C:\wamp64\www\pitek_coba\app\Controllers\Admin\Selected.php(92): generateDetailData(Array, Array, Object(CodeIgniter\Database\MySQLi\Connection))
#5 C:\wamp64\www\pitek_coba\system\CodeIgniter.php(933): App\Controllers\Admin\Selected->variant_selected()
#6 C:\wamp64\www\pitek_coba\system\CodeIgniter.php(509): CodeIgniter\CodeIgniter->runController(Object(App\Controllers\Admin\Selected))
#7 C:\wamp64\www\pitek_coba\system\CodeIgniter.php(355): CodeIgniter\CodeIgniter->handleRequest(NULL, Object(Config\Cache), false)
#8 C:\wamp64\www\pitek_coba\system\Boot.php(325): CodeIgniter\CodeIgniter->run()
#9 C:\wamp64\www\pitek_coba\system\Boot.php(67): CodeIgniter\Boot::runCodeIgniter(Object(CodeIgniter\CodeIgniter))
#10 C:\wamp64\www\pitek_coba\public\index.php(56): CodeIgniter\Boot::bootWeb(Object(Config\Paths))
#11 {main}
CRITICAL - 2024-08-14 07:21:00 --> CodeIgniter\Database\Exceptions\DatabaseException: You have an error in your SQL syntax; check the manual that corresponds to your MySQL server version for the right syntax to use near '' at line 1
[Method: GET, Route: admin/selected/variant-selected]
in SYSTEMPATH\Database\BaseConnection.php on line 686.
 1 APPPATH\Helpers\query_helper.php(50): CodeIgniter\Database\BaseConnection->query('SELECT product_id AS id, product_name AS name, product_price AS price, product_variant_id AS variant_id, product_variant_name AS variant_name, product_category_id AS category_id, product_category_name AS category_name, product_box_id AS box_id, product_box_value AS box_value, product_created_at AS created_at, product_updated_at AS updated_at FROM `product` WHERE product_id = ')
 2 APPPATH\Controllers\Admin\Selected.php(92): generateDetailData([...], [...], Object(CodeIgniter\Database\MySQLi\Connection))
 3 SYSTEMPATH\CodeIgniter.php(933): App\Controllers\Admin\Selected->variant_selected()
 4 SYSTEMPATH\CodeIgniter.php(509): CodeIgniter\CodeIgniter->runController(Object(App\Controllers\Admin\Selected))
 5 SYSTEMPATH\CodeIgniter.php(355): CodeIgniter\CodeIgniter->handleRequest(null, Object(Config\Cache), false)
 6 SYSTEMPATH\Boot.php(325): CodeIgniter\CodeIgniter->run()
 7 SYSTEMPATH\Boot.php(67): CodeIgniter\Boot::runCodeIgniter(Object(CodeIgniter\CodeIgniter))
 8 FCPATH\index.php(56): CodeIgniter\Boot::bootWeb(Object(Config\Paths))
CRITICAL - 2024-08-14 07:21:00 --> [Caused by] CodeIgniter\Database\Exceptions\DatabaseException: You have an error in your SQL syntax; check the manual that corresponds to your MySQL server version for the right syntax to use near '' at line 1
in SYSTEMPATH\Database\MySQLi\Connection.php on line 315.
 1 SYSTEMPATH\Database\BaseConnection.php(732): CodeIgniter\Database\MySQLi\Connection->execute('SELECT product_id AS id, product_name AS name, product_price AS price, product_variant_id AS variant_id, product_variant_name AS variant_name, product_category_id AS category_id, product_category_name AS category_name, product_box_id AS box_id, product_box_value AS box_value, product_created_at AS created_at, product_updated_at AS updated_at FROM `product` WHERE product_id = ')
 2 SYSTEMPATH\Database\BaseConnection.php(646): CodeIgniter\Database\BaseConnection->simpleQuery('SELECT product_id AS id, product_name AS name, product_price AS price, product_variant_id AS variant_id, product_variant_name AS variant_name, product_category_id AS category_id, product_category_name AS category_name, product_box_id AS box_id, product_box_value AS box_value, product_created_at AS created_at, product_updated_at AS updated_at FROM `product` WHERE product_id = ')
 3 APPPATH\Helpers\query_helper.php(50): CodeIgniter\Database\BaseConnection->query('SELECT product_id AS id, product_name AS name, product_price AS price, product_variant_id AS variant_id, product_variant_name AS variant_name, product_category_id AS category_id, product_category_name AS category_name, product_box_id AS box_id, product_box_value AS box_value, product_created_at AS created_at, product_updated_at AS updated_at FROM `product` WHERE product_id = ')
 4 APPPATH\Controllers\Admin\Selected.php(92): generateDetailData([...], [...], Object(CodeIgniter\Database\MySQLi\Connection))
 5 SYSTEMPATH\CodeIgniter.php(933): App\Controllers\Admin\Selected->variant_selected()
 6 SYSTEMPATH\CodeIgniter.php(509): CodeIgniter\CodeIgniter->runController(Object(App\Controllers\Admin\Selected))
 7 SYSTEMPATH\CodeIgniter.php(355): CodeIgniter\CodeIgniter->handleRequest(null, Object(Config\Cache), false)
 8 SYSTEMPATH\Boot.php(325): CodeIgniter\CodeIgniter->run()
 9 SYSTEMPATH\Boot.php(67): CodeIgniter\Boot::runCodeIgniter(Object(CodeIgniter\CodeIgniter))
10 FCPATH\index.php(56): CodeIgniter\Boot::bootWeb(Object(Config\Paths))
CRITICAL - 2024-08-14 07:21:00 --> [Caused by] mysqli_sql_exception: You have an error in your SQL syntax; check the manual that corresponds to your MySQL server version for the right syntax to use near '' at line 1
in SYSTEMPATH\Database\MySQLi\Connection.php on line 310.
 1 SYSTEMPATH\Database\MySQLi\Connection.php(310): mysqli->query('SELECT product_id AS id, product_name AS name, product_price AS price, product_variant_id AS variant_id, product_variant_name AS variant_name, product_category_id AS category_id, product_category_name AS category_name, product_box_id AS box_id, product_box_value AS box_value, product_created_at AS created_at, product_updated_at AS updated_at FROM `product` WHERE product_id = ', 0)
 2 SYSTEMPATH\Database\BaseConnection.php(732): CodeIgniter\Database\MySQLi\Connection->execute('SELECT product_id AS id, product_name AS name, product_price AS price, product_variant_id AS variant_id, product_variant_name AS variant_name, product_category_id AS category_id, product_category_name AS category_name, product_box_id AS box_id, product_box_value AS box_value, product_created_at AS created_at, product_updated_at AS updated_at FROM `product` WHERE product_id = ')
 3 SYSTEMPATH\Database\BaseConnection.php(646): CodeIgniter\Database\BaseConnection->simpleQuery('SELECT product_id AS id, product_name AS name, product_price AS price, product_variant_id AS variant_id, product_variant_name AS variant_name, product_category_id AS category_id, product_category_name AS category_name, product_box_id AS box_id, product_box_value AS box_value, product_created_at AS created_at, product_updated_at AS updated_at FROM `product` WHERE product_id = ')
 4 APPPATH\Helpers\query_helper.php(50): CodeIgniter\Database\BaseConnection->query('SELECT product_id AS id, product_name AS name, product_price AS price, product_variant_id AS variant_id, product_variant_name AS variant_name, product_category_id AS category_id, product_category_name AS category_name, product_box_id AS box_id, product_box_value AS box_value, product_created_at AS created_at, product_updated_at AS updated_at FROM `product` WHERE product_id = ')
 5 APPPATH\Controllers\Admin\Selected.php(92): generateDetailData([...], [...], Object(CodeIgniter\Database\MySQLi\Connection))
 6 SYSTEMPATH\CodeIgniter.php(933): App\Controllers\Admin\Selected->variant_selected()
 7 SYSTEMPATH\CodeIgniter.php(509): CodeIgniter\CodeIgniter->runController(Object(App\Controllers\Admin\Selected))
 8 SYSTEMPATH\CodeIgniter.php(355): CodeIgniter\CodeIgniter->handleRequest(null, Object(Config\Cache), false)
 9 SYSTEMPATH\Boot.php(325): CodeIgniter\CodeIgniter->run()
10 SYSTEMPATH\Boot.php(67): CodeIgniter\Boot::runCodeIgniter(Object(CodeIgniter\CodeIgniter))
11 FCPATH\index.php(56): CodeIgniter\Boot::bootWeb(Object(Config\Paths))
ERROR - 2024-08-14 07:21:00 --> mysqli_sql_exception: You have an error in your SQL syntax; check the manual that corresponds to your MySQL server version for the right syntax to use near '' at line 1 in C:\wamp64\www\pitek_coba\system\Database\MySQLi\Connection.php:310
Stack trace:
#0 C:\wamp64\www\pitek_coba\system\Database\MySQLi\Connection.php(310): mysqli->query('SELECT product_...', 0)
#1 C:\wamp64\www\pitek_coba\system\Database\BaseConnection.php(732): CodeIgniter\Database\MySQLi\Connection->execute('SELECT product_...')
#2 C:\wamp64\www\pitek_coba\system\Database\BaseConnection.php(646): CodeIgniter\Database\BaseConnection->simpleQuery('SELECT product_...')
#3 C:\wamp64\www\pitek_coba\app\Helpers\query_helper.php(50): CodeIgniter\Database\BaseConnection->query('SELECT product_...')
#4 C:\wamp64\www\pitek_coba\app\Controllers\Admin\Selected.php(144): generateDetailData(Array, Array, Object(CodeIgniter\Database\MySQLi\Connection))
#5 C:\wamp64\www\pitek_coba\system\CodeIgniter.php(933): App\Controllers\Admin\Selected->box_selected()
#6 C:\wamp64\www\pitek_coba\system\CodeIgniter.php(509): CodeIgniter\CodeIgniter->runController(Object(App\Controllers\Admin\Selected))
#7 C:\wamp64\www\pitek_coba\system\CodeIgniter.php(355): CodeIgniter\CodeIgniter->handleRequest(NULL, Object(Config\Cache), false)
#8 C:\wamp64\www\pitek_coba\system\Boot.php(325): CodeIgniter\CodeIgniter->run()
#9 C:\wamp64\www\pitek_coba\system\Boot.php(67): CodeIgniter\Boot::runCodeIgniter(Object(CodeIgniter\CodeIgniter))
#10 C:\wamp64\www\pitek_coba\public\index.php(56): CodeIgniter\Boot::bootWeb(Object(Config\Paths))
#11 {main}
CRITICAL - 2024-08-14 07:21:00 --> CodeIgniter\Database\Exceptions\DatabaseException: You have an error in your SQL syntax; check the manual that corresponds to your MySQL server version for the right syntax to use near '' at line 1
[Method: GET, Route: admin/selected/box-selected]
in SYSTEMPATH\Database\BaseConnection.php on line 686.
 1 APPPATH\Helpers\query_helper.php(50): CodeIgniter\Database\BaseConnection->query('SELECT product_id AS id, product_name AS name, product_price AS price, product_variant_id AS variant_id, product_variant_name AS variant_name, product_category_id AS category_id, product_category_name AS category_name, product_box_id AS box_id, product_box_value AS box_value, product_created_at AS created_at, product_updated_at AS updated_at FROM `product` WHERE product_id = ')
 2 APPPATH\Controllers\Admin\Selected.php(144): generateDetailData([...], [...], Object(CodeIgniter\Database\MySQLi\Connection))
 3 SYSTEMPATH\CodeIgniter.php(933): App\Controllers\Admin\Selected->box_selected()
 4 SYSTEMPATH\CodeIgniter.php(509): CodeIgniter\CodeIgniter->runController(Object(App\Controllers\Admin\Selected))
 5 SYSTEMPATH\CodeIgniter.php(355): CodeIgniter\CodeIgniter->handleRequest(null, Object(Config\Cache), false)
 6 SYSTEMPATH\Boot.php(325): CodeIgniter\CodeIgniter->run()
 7 SYSTEMPATH\Boot.php(67): CodeIgniter\Boot::runCodeIgniter(Object(CodeIgniter\CodeIgniter))
 8 FCPATH\index.php(56): CodeIgniter\Boot::bootWeb(Object(Config\Paths))
CRITICAL - 2024-08-14 07:21:00 --> [Caused by] CodeIgniter\Database\Exceptions\DatabaseException: You have an error in your SQL syntax; check the manual that corresponds to your MySQL server version for the right syntax to use near '' at line 1
in SYSTEMPATH\Database\MySQLi\Connection.php on line 315.
 1 SYSTEMPATH\Database\BaseConnection.php(732): CodeIgniter\Database\MySQLi\Connection->execute('SELECT product_id AS id, product_name AS name, product_price AS price, product_variant_id AS variant_id, product_variant_name AS variant_name, product_category_id AS category_id, product_category_name AS category_name, product_box_id AS box_id, product_box_value AS box_value, product_created_at AS created_at, product_updated_at AS updated_at FROM `product` WHERE product_id = ')
 2 SYSTEMPATH\Database\BaseConnection.php(646): CodeIgniter\Database\BaseConnection->simpleQuery('SELECT product_id AS id, product_name AS name, product_price AS price, product_variant_id AS variant_id, product_variant_name AS variant_name, product_category_id AS category_id, product_category_name AS category_name, product_box_id AS box_id, product_box_value AS box_value, product_created_at AS created_at, product_updated_at AS updated_at FROM `product` WHERE product_id = ')
 3 APPPATH\Helpers\query_helper.php(50): CodeIgniter\Database\BaseConnection->query('SELECT product_id AS id, product_name AS name, product_price AS price, product_variant_id AS variant_id, product_variant_name AS variant_name, product_category_id AS category_id, product_category_name AS category_name, product_box_id AS box_id, product_box_value AS box_value, product_created_at AS created_at, product_updated_at AS updated_at FROM `product` WHERE product_id = ')
 4 APPPATH\Controllers\Admin\Selected.php(144): generateDetailData([...], [...], Object(CodeIgniter\Database\MySQLi\Connection))
 5 SYSTEMPATH\CodeIgniter.php(933): App\Controllers\Admin\Selected->box_selected()
 6 SYSTEMPATH\CodeIgniter.php(509): CodeIgniter\CodeIgniter->runController(Object(App\Controllers\Admin\Selected))
 7 SYSTEMPATH\CodeIgniter.php(355): CodeIgniter\CodeIgniter->handleRequest(null, Object(Config\Cache), false)
 8 SYSTEMPATH\Boot.php(325): CodeIgniter\CodeIgniter->run()
 9 SYSTEMPATH\Boot.php(67): CodeIgniter\Boot::runCodeIgniter(Object(CodeIgniter\CodeIgniter))
10 FCPATH\index.php(56): CodeIgniter\Boot::bootWeb(Object(Config\Paths))
CRITICAL - 2024-08-14 07:21:00 --> [Caused by] mysqli_sql_exception: You have an error in your SQL syntax; check the manual that corresponds to your MySQL server version for the right syntax to use near '' at line 1
in SYSTEMPATH\Database\MySQLi\Connection.php on line 310.
 1 SYSTEMPATH\Database\MySQLi\Connection.php(310): mysqli->query('SELECT product_id AS id, product_name AS name, product_price AS price, product_variant_id AS variant_id, product_variant_name AS variant_name, product_category_id AS category_id, product_category_name AS category_name, product_box_id AS box_id, product_box_value AS box_value, product_created_at AS created_at, product_updated_at AS updated_at FROM `product` WHERE product_id = ', 0)
 2 SYSTEMPATH\Database\BaseConnection.php(732): CodeIgniter\Database\MySQLi\Connection->execute('SELECT product_id AS id, product_name AS name, product_price AS price, product_variant_id AS variant_id, product_variant_name AS variant_name, product_category_id AS category_id, product_category_name AS category_name, product_box_id AS box_id, product_box_value AS box_value, product_created_at AS created_at, product_updated_at AS updated_at FROM `product` WHERE product_id = ')
 3 SYSTEMPATH\Database\BaseConnection.php(646): CodeIgniter\Database\BaseConnection->simpleQuery('SELECT product_id AS id, product_name AS name, product_price AS price, product_variant_id AS variant_id, product_variant_name AS variant_name, product_category_id AS category_id, product_category_name AS category_name, product_box_id AS box_id, product_box_value AS box_value, product_created_at AS created_at, product_updated_at AS updated_at FROM `product` WHERE product_id = ')
 4 APPPATH\Helpers\query_helper.php(50): CodeIgniter\Database\BaseConnection->query('SELECT product_id AS id, product_name AS name, product_price AS price, product_variant_id AS variant_id, product_variant_name AS variant_name, product_category_id AS category_id, product_category_name AS category_name, product_box_id AS box_id, product_box_value AS box_value, product_created_at AS created_at, product_updated_at AS updated_at FROM `product` WHERE product_id = ')
 5 APPPATH\Controllers\Admin\Selected.php(144): generateDetailData([...], [...], Object(CodeIgniter\Database\MySQLi\Connection))
 6 SYSTEMPATH\CodeIgniter.php(933): App\Controllers\Admin\Selected->box_selected()
 7 SYSTEMPATH\CodeIgniter.php(509): CodeIgniter\CodeIgniter->runController(Object(App\Controllers\Admin\Selected))
 8 SYSTEMPATH\CodeIgniter.php(355): CodeIgniter\CodeIgniter->handleRequest(null, Object(Config\Cache), false)
 9 SYSTEMPATH\Boot.php(325): CodeIgniter\CodeIgniter->run()
10 SYSTEMPATH\Boot.php(67): CodeIgniter\Boot::runCodeIgniter(Object(CodeIgniter\CodeIgniter))
11 FCPATH\index.php(56): CodeIgniter\Boot::bootWeb(Object(Config\Paths))
CRITICAL - 2024-08-14 07:44:22 --> ErrorException: Undefined array key "Token"
[Method: GET, Route: admin/user/list-user]
in APPPATH\Controllers\Core\AuthController.php on line 26.
 1 APPPATH\Controllers\Core\AuthController.php(26): CodeIgniter\Debug\Exceptions->errorHandler(2, 'Undefined array key "Token"', 'C:\\wamp64\\www\\pitek_coba\\app\\Controllers\\Core\\AuthController.php', 26)
 2 APPPATH\Controllers\Admin\User.php(13): App\Controllers\Core\AuthController->before([...])
 3 SYSTEMPATH\CodeIgniter.php(933): App\Controllers\Admin\User->list_user()
 4 SYSTEMPATH\CodeIgniter.php(509): CodeIgniter\CodeIgniter->runController(Object(App\Controllers\Admin\User))
 5 SYSTEMPATH\CodeIgniter.php(355): CodeIgniter\CodeIgniter->handleRequest(null, Object(Config\Cache), false)
 6 SYSTEMPATH\Boot.php(325): CodeIgniter\CodeIgniter->run()
 7 SYSTEMPATH\Boot.php(67): CodeIgniter\Boot::runCodeIgniter(Object(CodeIgniter\CodeIgniter))
 8 FCPATH\index.php(56): CodeIgniter\Boot::bootWeb(Object(Config\Paths))
