CRITICAL - 2024-08-28 03:40:09 --> Error: Call to a member function getErrors() on null
[Method: POST, Route: admin/user/update]
in APPPATH\Controllers\Admin\User.php on line 296.
 1 SYSTEMPATH\CodeIgniter.php(933): App\Controllers\Admin\User->update()
 2 SYSTEMPATH\CodeIgniter.php(509): CodeIgniter\CodeIgniter->runController(Object(App\Controllers\Admin\User))
 3 SYSTEMPATH\CodeIgniter.php(355): CodeIgniter\CodeIgniter->handleRequest(null, Object(Config\Cache), false)
 4 SYSTEMPATH\Boot.php(325): CodeIgniter\CodeIgniter->run()
 5 SYSTEMPATH\Boot.php(67): CodeIgniter\Boot::runCodeIgniter(Object(CodeIgniter\CodeIgniter))
 6 FCPATH\index.php(56): CodeIgniter\Boot::bootWeb(Object(Config\Paths))
CRITICAL - 2024-08-28 03:40:11 --> Error: Call to a member function getErrors() on null
[Method: POST, Route: admin/user/update]
in APPPATH\Controllers\Admin\User.php on line 296.
 1 SYSTEMPATH\CodeIgniter.php(933): App\Controllers\Admin\User->update()
 2 SYSTEMPATH\CodeIgniter.php(509): CodeIgniter\CodeIgniter->runController(Object(App\Controllers\Admin\User))
 3 SYSTEMPATH\CodeIgniter.php(355): CodeIgniter\CodeIgniter->handleRequest(null, Object(Config\Cache), false)
 4 SYSTEMPATH\Boot.php(325): CodeIgniter\CodeIgniter->run()
 5 SYSTEMPATH\Boot.php(67): CodeIgniter\Boot::runCodeIgniter(Object(CodeIgniter\CodeIgniter))
 6 FCPATH\index.php(56): CodeIgniter\Boot::bootWeb(Object(Config\Paths))
CRITICAL - 2024-08-28 03:40:11 --> Error: Call to a member function getErrors() on null
[Method: POST, Route: admin/user/update]
in APPPATH\Controllers\Admin\User.php on line 296.
 1 SYSTEMPATH\CodeIgniter.php(933): App\Controllers\Admin\User->update()
 2 SYSTEMPATH\CodeIgniter.php(509): CodeIgniter\CodeIgniter->runController(Object(App\Controllers\Admin\User))
 3 SYSTEMPATH\CodeIgniter.php(355): CodeIgniter\CodeIgniter->handleRequest(null, Object(Config\Cache), false)
 4 SYSTEMPATH\Boot.php(325): CodeIgniter\CodeIgniter->run()
 5 SYSTEMPATH\Boot.php(67): CodeIgniter\Boot::runCodeIgniter(Object(CodeIgniter\CodeIgniter))
 6 FCPATH\index.php(56): CodeIgniter\Boot::bootWeb(Object(Config\Paths))
CRITICAL - 2024-08-28 03:43:37 --> ErrorException: Undefined array key "username"
[Method: POST, Route: admin/user/update]
in APPPATH\Controllers\Admin\User.php on line 259.
 1 APPPATH\Controllers\Admin\User.php(259): CodeIgniter\Debug\Exceptions->errorHandler(2, 'Undefined array key "username"', 'C:\\wamp64\\www\\e-commerce\\app\\Controllers\\Admin\\User.php', 259)
 2 SYSTEMPATH\CodeIgniter.php(933): App\Controllers\Admin\User->update()
 3 SYSTEMPATH\CodeIgniter.php(509): CodeIgniter\CodeIgniter->runController(Object(App\Controllers\Admin\User))
 4 SYSTEMPATH\CodeIgniter.php(355): CodeIgniter\CodeIgniter->handleRequest(null, Object(Config\Cache), false)
 5 SYSTEMPATH\Boot.php(325): CodeIgniter\CodeIgniter->run()
 6 SYSTEMPATH\Boot.php(67): CodeIgniter\Boot::runCodeIgniter(Object(CodeIgniter\CodeIgniter))
 7 FCPATH\index.php(56): CodeIgniter\Boot::bootWeb(Object(Config\Paths))
CRITICAL - 2024-08-28 03:48:20 --> CodeIgniter\Validation\Exceptions\ValidationException: "is_unique(user.user_username)" is not a valid rule.
[Method: POST, Route: admin/user/update]
in SYSTEMPATH\Validation\Validation.php on line 345.
 1 SYSTEMPATH\Validation\Validation.php(345): CodeIgniter\Validation\Exceptions\ValidationException::forRuleNotFound('is_unique(user.user_username)')
 2 SYSTEMPATH\Validation\Validation.php(201): CodeIgniter\Validation\Validation->processRules('username', 'username', 'bakpia1', [...], [...], 'username')
 3 SYSTEMPATH\Controller.php(137): CodeIgniter\Validation\Validation->run()
 4 APPPATH\Controllers\Admin\User.php(305): CodeIgniter\Controller->validate([...])
 5 SYSTEMPATH\CodeIgniter.php(933): App\Controllers\Admin\User->update()
 6 SYSTEMPATH\CodeIgniter.php(509): CodeIgniter\CodeIgniter->runController(Object(App\Controllers\Admin\User))
 7 SYSTEMPATH\CodeIgniter.php(355): CodeIgniter\CodeIgniter->handleRequest(null, Object(Config\Cache), false)
 8 SYSTEMPATH\Boot.php(325): CodeIgniter\CodeIgniter->run()
 9 SYSTEMPATH\Boot.php(67): CodeIgniter\Boot::runCodeIgniter(Object(CodeIgniter\CodeIgniter))
10 FCPATH\index.php(56): CodeIgniter\Boot::bootWeb(Object(Config\Paths))
CRITICAL - 2024-08-28 03:49:57 --> TypeError: CodeIgniter\Validation\Validation::getError(): Argument #1 ($field) must be of type ?string, array given, called in C:\wamp64\www\e-commerce\app\Controllers\Admin\User.php on line 305
[Method: POST, Route: admin/user/update]
in SYSTEMPATH\Validation\Validation.php on line 858.
 1 APPPATH\Controllers\Admin\User.php(305): CodeIgniter\Validation\Validation->getError([...])
 2 SYSTEMPATH\CodeIgniter.php(933): App\Controllers\Admin\User->update()
 3 SYSTEMPATH\CodeIgniter.php(509): CodeIgniter\CodeIgniter->runController(Object(App\Controllers\Admin\User))
 4 SYSTEMPATH\CodeIgniter.php(355): CodeIgniter\CodeIgniter->handleRequest(null, Object(Config\Cache), false)
 5 SYSTEMPATH\Boot.php(325): CodeIgniter\CodeIgniter->run()
 6 SYSTEMPATH\Boot.php(67): CodeIgniter\Boot::runCodeIgniter(Object(CodeIgniter\CodeIgniter))
 7 FCPATH\index.php(56): CodeIgniter\Boot::bootWeb(Object(Config\Paths))
CRITICAL - 2024-08-28 03:49:57 --> TypeError: CodeIgniter\Validation\Validation::getError(): Argument #1 ($field) must be of type ?string, array given, called in C:\wamp64\www\e-commerce\app\Controllers\Admin\User.php on line 305
[Method: POST, Route: admin/user/update]
in SYSTEMPATH\Validation\Validation.php on line 858.
 1 APPPATH\Controllers\Admin\User.php(305): CodeIgniter\Validation\Validation->getError([...])
 2 SYSTEMPATH\CodeIgniter.php(933): App\Controllers\Admin\User->update()
 3 SYSTEMPATH\CodeIgniter.php(509): CodeIgniter\CodeIgniter->runController(Object(App\Controllers\Admin\User))
 4 SYSTEMPATH\CodeIgniter.php(355): CodeIgniter\CodeIgniter->handleRequest(null, Object(Config\Cache), false)
 5 SYSTEMPATH\Boot.php(325): CodeIgniter\CodeIgniter->run()
 6 SYSTEMPATH\Boot.php(67): CodeIgniter\Boot::runCodeIgniter(Object(CodeIgniter\CodeIgniter))
 7 FCPATH\index.php(56): CodeIgniter\Boot::bootWeb(Object(Config\Paths))
CRITICAL - 2024-08-28 03:49:58 --> TypeError: CodeIgniter\Validation\Validation::getError(): Argument #1 ($field) must be of type ?string, array given, called in C:\wamp64\www\e-commerce\app\Controllers\Admin\User.php on line 305
[Method: POST, Route: admin/user/update]
in SYSTEMPATH\Validation\Validation.php on line 858.
 1 APPPATH\Controllers\Admin\User.php(305): CodeIgniter\Validation\Validation->getError([...])
 2 SYSTEMPATH\CodeIgniter.php(933): App\Controllers\Admin\User->update()
 3 SYSTEMPATH\CodeIgniter.php(509): CodeIgniter\CodeIgniter->runController(Object(App\Controllers\Admin\User))
 4 SYSTEMPATH\CodeIgniter.php(355): CodeIgniter\CodeIgniter->handleRequest(null, Object(Config\Cache), false)
 5 SYSTEMPATH\Boot.php(325): CodeIgniter\CodeIgniter->run()
 6 SYSTEMPATH\Boot.php(67): CodeIgniter\Boot::runCodeIgniter(Object(CodeIgniter\CodeIgniter))
 7 FCPATH\index.php(56): CodeIgniter\Boot::bootWeb(Object(Config\Paths))
CRITICAL - 2024-08-28 03:49:59 --> TypeError: CodeIgniter\Validation\Validation::getError(): Argument #1 ($field) must be of type ?string, array given, called in C:\wamp64\www\e-commerce\app\Controllers\Admin\User.php on line 305
[Method: POST, Route: admin/user/update]
in SYSTEMPATH\Validation\Validation.php on line 858.
 1 APPPATH\Controllers\Admin\User.php(305): CodeIgniter\Validation\Validation->getError([...])
 2 SYSTEMPATH\CodeIgniter.php(933): App\Controllers\Admin\User->update()
 3 SYSTEMPATH\CodeIgniter.php(509): CodeIgniter\CodeIgniter->runController(Object(App\Controllers\Admin\User))
 4 SYSTEMPATH\CodeIgniter.php(355): CodeIgniter\CodeIgniter->handleRequest(null, Object(Config\Cache), false)
 5 SYSTEMPATH\Boot.php(325): CodeIgniter\CodeIgniter->run()
 6 SYSTEMPATH\Boot.php(67): CodeIgniter\Boot::runCodeIgniter(Object(CodeIgniter\CodeIgniter))
 7 FCPATH\index.php(56): CodeIgniter\Boot::bootWeb(Object(Config\Paths))
CRITICAL - 2024-08-28 04:01:27 --> ErrorException: Undefined array key "username"
[Method: POST, Route: admin/user/update]
in APPPATH\Controllers\Admin\User.php on line 259.
 1 APPPATH\Controllers\Admin\User.php(259): CodeIgniter\Debug\Exceptions->errorHandler(2, 'Undefined array key "username"', 'C:\\wamp64\\www\\e-commerce\\app\\Controllers\\Admin\\User.php', 259)
 2 SYSTEMPATH\CodeIgniter.php(933): App\Controllers\Admin\User->update()
 3 SYSTEMPATH\CodeIgniter.php(509): CodeIgniter\CodeIgniter->runController(Object(App\Controllers\Admin\User))
 4 SYSTEMPATH\CodeIgniter.php(355): CodeIgniter\CodeIgniter->handleRequest(null, Object(Config\Cache), false)
 5 SYSTEMPATH\Boot.php(325): CodeIgniter\CodeIgniter->run()
 6 SYSTEMPATH\Boot.php(67): CodeIgniter\Boot::runCodeIgniter(Object(CodeIgniter\CodeIgniter))
 7 FCPATH\index.php(56): CodeIgniter\Boot::bootWeb(Object(Config\Paths))
CRITICAL - 2024-08-28 07:51:49 --> ErrorException: Undefined variable $data_check_username
[Method: POST, Route: admin/user/update]
in APPPATH\Controllers\Admin\User.php on line 315.
 1 APPPATH\Controllers\Admin\User.php(315): CodeIgniter\Debug\Exceptions->errorHandler(2, 'Undefined variable $data_check_username', 'C:\\wamp64\\www\\e-commerce\\app\\Controllers\\Admin\\User.php', 315)
 2 SYSTEMPATH\CodeIgniter.php(933): App\Controllers\Admin\User->update()
 3 SYSTEMPATH\CodeIgniter.php(509): CodeIgniter\CodeIgniter->runController(Object(App\Controllers\Admin\User))
 4 SYSTEMPATH\CodeIgniter.php(355): CodeIgniter\CodeIgniter->handleRequest(null, Object(Config\Cache), false)
 5 SYSTEMPATH\Boot.php(325): CodeIgniter\CodeIgniter->run()
 6 SYSTEMPATH\Boot.php(67): CodeIgniter\Boot::runCodeIgniter(Object(CodeIgniter\CodeIgniter))
 7 FCPATH\index.php(56): CodeIgniter\Boot::bootWeb(Object(Config\Paths))
CRITICAL - 2024-08-28 07:51:54 --> ErrorException: Undefined variable $data_check_username
[Method: POST, Route: admin/user/update]
in APPPATH\Controllers\Admin\User.php on line 315.
 1 APPPATH\Controllers\Admin\User.php(315): CodeIgniter\Debug\Exceptions->errorHandler(2, 'Undefined variable $data_check_username', 'C:\\wamp64\\www\\e-commerce\\app\\Controllers\\Admin\\User.php', 315)
 2 SYSTEMPATH\CodeIgniter.php(933): App\Controllers\Admin\User->update()
 3 SYSTEMPATH\CodeIgniter.php(509): CodeIgniter\CodeIgniter->runController(Object(App\Controllers\Admin\User))
 4 SYSTEMPATH\CodeIgniter.php(355): CodeIgniter\CodeIgniter->handleRequest(null, Object(Config\Cache), false)
 5 SYSTEMPATH\Boot.php(325): CodeIgniter\CodeIgniter->run()
 6 SYSTEMPATH\Boot.php(67): CodeIgniter\Boot::runCodeIgniter(Object(CodeIgniter\CodeIgniter))
 7 FCPATH\index.php(56): CodeIgniter\Boot::bootWeb(Object(Config\Paths))
CRITICAL - 2024-08-28 07:51:56 --> ErrorException: Undefined variable $data_check_username
[Method: POST, Route: admin/user/update]
in APPPATH\Controllers\Admin\User.php on line 315.
 1 APPPATH\Controllers\Admin\User.php(315): CodeIgniter\Debug\Exceptions->errorHandler(2, 'Undefined variable $data_check_username', 'C:\\wamp64\\www\\e-commerce\\app\\Controllers\\Admin\\User.php', 315)
 2 SYSTEMPATH\CodeIgniter.php(933): App\Controllers\Admin\User->update()
 3 SYSTEMPATH\CodeIgniter.php(509): CodeIgniter\CodeIgniter->runController(Object(App\Controllers\Admin\User))
 4 SYSTEMPATH\CodeIgniter.php(355): CodeIgniter\CodeIgniter->handleRequest(null, Object(Config\Cache), false)
 5 SYSTEMPATH\Boot.php(325): CodeIgniter\CodeIgniter->run()
 6 SYSTEMPATH\Boot.php(67): CodeIgniter\Boot::runCodeIgniter(Object(CodeIgniter\CodeIgniter))
 7 FCPATH\index.php(56): CodeIgniter\Boot::bootWeb(Object(Config\Paths))
CRITICAL - 2024-08-28 07:52:01 --> ErrorException: Undefined variable $data_check_username
[Method: POST, Route: admin/user/update]
in APPPATH\Controllers\Admin\User.php on line 315.
 1 APPPATH\Controllers\Admin\User.php(315): CodeIgniter\Debug\Exceptions->errorHandler(2, 'Undefined variable $data_check_username', 'C:\\wamp64\\www\\e-commerce\\app\\Controllers\\Admin\\User.php', 315)
 2 SYSTEMPATH\CodeIgniter.php(933): App\Controllers\Admin\User->update()
 3 SYSTEMPATH\CodeIgniter.php(509): CodeIgniter\CodeIgniter->runController(Object(App\Controllers\Admin\User))
 4 SYSTEMPATH\CodeIgniter.php(355): CodeIgniter\CodeIgniter->handleRequest(null, Object(Config\Cache), false)
 5 SYSTEMPATH\Boot.php(325): CodeIgniter\CodeIgniter->run()
 6 SYSTEMPATH\Boot.php(67): CodeIgniter\Boot::runCodeIgniter(Object(CodeIgniter\CodeIgniter))
 7 FCPATH\index.php(56): CodeIgniter\Boot::bootWeb(Object(Config\Paths))
CRITICAL - 2024-08-28 07:52:02 --> ErrorException: Undefined variable $data_check_username
[Method: POST, Route: admin/user/update]
in APPPATH\Controllers\Admin\User.php on line 315.
 1 APPPATH\Controllers\Admin\User.php(315): CodeIgniter\Debug\Exceptions->errorHandler(2, 'Undefined variable $data_check_username', 'C:\\wamp64\\www\\e-commerce\\app\\Controllers\\Admin\\User.php', 315)
 2 SYSTEMPATH\CodeIgniter.php(933): App\Controllers\Admin\User->update()
 3 SYSTEMPATH\CodeIgniter.php(509): CodeIgniter\CodeIgniter->runController(Object(App\Controllers\Admin\User))
 4 SYSTEMPATH\CodeIgniter.php(355): CodeIgniter\CodeIgniter->handleRequest(null, Object(Config\Cache), false)
 5 SYSTEMPATH\Boot.php(325): CodeIgniter\CodeIgniter->run()
 6 SYSTEMPATH\Boot.php(67): CodeIgniter\Boot::runCodeIgniter(Object(CodeIgniter\CodeIgniter))
 7 FCPATH\index.php(56): CodeIgniter\Boot::bootWeb(Object(Config\Paths))
CRITICAL - 2024-08-28 07:52:03 --> ErrorException: Undefined variable $data_check_username
[Method: POST, Route: admin/user/update]
in APPPATH\Controllers\Admin\User.php on line 315.
 1 APPPATH\Controllers\Admin\User.php(315): CodeIgniter\Debug\Exceptions->errorHandler(2, 'Undefined variable $data_check_username', 'C:\\wamp64\\www\\e-commerce\\app\\Controllers\\Admin\\User.php', 315)
 2 SYSTEMPATH\CodeIgniter.php(933): App\Controllers\Admin\User->update()
 3 SYSTEMPATH\CodeIgniter.php(509): CodeIgniter\CodeIgniter->runController(Object(App\Controllers\Admin\User))
 4 SYSTEMPATH\CodeIgniter.php(355): CodeIgniter\CodeIgniter->handleRequest(null, Object(Config\Cache), false)
 5 SYSTEMPATH\Boot.php(325): CodeIgniter\CodeIgniter->run()
 6 SYSTEMPATH\Boot.php(67): CodeIgniter\Boot::runCodeIgniter(Object(CodeIgniter\CodeIgniter))
 7 FCPATH\index.php(56): CodeIgniter\Boot::bootWeb(Object(Config\Paths))
CRITICAL - 2024-08-28 07:52:03 --> ErrorException: Undefined variable $data_check_username
[Method: POST, Route: admin/user/update]
in APPPATH\Controllers\Admin\User.php on line 315.
 1 APPPATH\Controllers\Admin\User.php(315): CodeIgniter\Debug\Exceptions->errorHandler(2, 'Undefined variable $data_check_username', 'C:\\wamp64\\www\\e-commerce\\app\\Controllers\\Admin\\User.php', 315)
 2 SYSTEMPATH\CodeIgniter.php(933): App\Controllers\Admin\User->update()
 3 SYSTEMPATH\CodeIgniter.php(509): CodeIgniter\CodeIgniter->runController(Object(App\Controllers\Admin\User))
 4 SYSTEMPATH\CodeIgniter.php(355): CodeIgniter\CodeIgniter->handleRequest(null, Object(Config\Cache), false)
 5 SYSTEMPATH\Boot.php(325): CodeIgniter\CodeIgniter->run()
 6 SYSTEMPATH\Boot.php(67): CodeIgniter\Boot::runCodeIgniter(Object(CodeIgniter\CodeIgniter))
 7 FCPATH\index.php(56): CodeIgniter\Boot::bootWeb(Object(Config\Paths))
CRITICAL - 2024-08-28 07:52:04 --> ErrorException: Undefined variable $data_check_username
[Method: POST, Route: admin/user/update]
in APPPATH\Controllers\Admin\User.php on line 315.
 1 APPPATH\Controllers\Admin\User.php(315): CodeIgniter\Debug\Exceptions->errorHandler(2, 'Undefined variable $data_check_username', 'C:\\wamp64\\www\\e-commerce\\app\\Controllers\\Admin\\User.php', 315)
 2 SYSTEMPATH\CodeIgniter.php(933): App\Controllers\Admin\User->update()
 3 SYSTEMPATH\CodeIgniter.php(509): CodeIgniter\CodeIgniter->runController(Object(App\Controllers\Admin\User))
 4 SYSTEMPATH\CodeIgniter.php(355): CodeIgniter\CodeIgniter->handleRequest(null, Object(Config\Cache), false)
 5 SYSTEMPATH\Boot.php(325): CodeIgniter\CodeIgniter->run()
 6 SYSTEMPATH\Boot.php(67): CodeIgniter\Boot::runCodeIgniter(Object(CodeIgniter\CodeIgniter))
 7 FCPATH\index.php(56): CodeIgniter\Boot::bootWeb(Object(Config\Paths))
CRITICAL - 2024-08-28 07:52:05 --> ErrorException: Undefined variable $data_check_username
[Method: POST, Route: admin/user/update]
in APPPATH\Controllers\Admin\User.php on line 315.
 1 APPPATH\Controllers\Admin\User.php(315): CodeIgniter\Debug\Exceptions->errorHandler(2, 'Undefined variable $data_check_username', 'C:\\wamp64\\www\\e-commerce\\app\\Controllers\\Admin\\User.php', 315)
 2 SYSTEMPATH\CodeIgniter.php(933): App\Controllers\Admin\User->update()
 3 SYSTEMPATH\CodeIgniter.php(509): CodeIgniter\CodeIgniter->runController(Object(App\Controllers\Admin\User))
 4 SYSTEMPATH\CodeIgniter.php(355): CodeIgniter\CodeIgniter->handleRequest(null, Object(Config\Cache), false)
 5 SYSTEMPATH\Boot.php(325): CodeIgniter\CodeIgniter->run()
 6 SYSTEMPATH\Boot.php(67): CodeIgniter\Boot::runCodeIgniter(Object(CodeIgniter\CodeIgniter))
 7 FCPATH\index.php(56): CodeIgniter\Boot::bootWeb(Object(Config\Paths))
CRITICAL - 2024-08-28 07:52:09 --> ErrorException: Undefined variable $data_check_username
[Method: POST, Route: admin/user/update]
in APPPATH\Controllers\Admin\User.php on line 315.
 1 APPPATH\Controllers\Admin\User.php(315): CodeIgniter\Debug\Exceptions->errorHandler(2, 'Undefined variable $data_check_username', 'C:\\wamp64\\www\\e-commerce\\app\\Controllers\\Admin\\User.php', 315)
 2 SYSTEMPATH\CodeIgniter.php(933): App\Controllers\Admin\User->update()
 3 SYSTEMPATH\CodeIgniter.php(509): CodeIgniter\CodeIgniter->runController(Object(App\Controllers\Admin\User))
 4 SYSTEMPATH\CodeIgniter.php(355): CodeIgniter\CodeIgniter->handleRequest(null, Object(Config\Cache), false)
 5 SYSTEMPATH\Boot.php(325): CodeIgniter\CodeIgniter->run()
 6 SYSTEMPATH\Boot.php(67): CodeIgniter\Boot::runCodeIgniter(Object(CodeIgniter\CodeIgniter))
 7 FCPATH\index.php(56): CodeIgniter\Boot::bootWeb(Object(Config\Paths))
CRITICAL - 2024-08-28 07:52:11 --> ErrorException: Undefined variable $data_check_username
[Method: POST, Route: admin/user/update]
in APPPATH\Controllers\Admin\User.php on line 315.
 1 APPPATH\Controllers\Admin\User.php(315): CodeIgniter\Debug\Exceptions->errorHandler(2, 'Undefined variable $data_check_username', 'C:\\wamp64\\www\\e-commerce\\app\\Controllers\\Admin\\User.php', 315)
 2 SYSTEMPATH\CodeIgniter.php(933): App\Controllers\Admin\User->update()
 3 SYSTEMPATH\CodeIgniter.php(509): CodeIgniter\CodeIgniter->runController(Object(App\Controllers\Admin\User))
 4 SYSTEMPATH\CodeIgniter.php(355): CodeIgniter\CodeIgniter->handleRequest(null, Object(Config\Cache), false)
 5 SYSTEMPATH\Boot.php(325): CodeIgniter\CodeIgniter->run()
 6 SYSTEMPATH\Boot.php(67): CodeIgniter\Boot::runCodeIgniter(Object(CodeIgniter\CodeIgniter))
 7 FCPATH\index.php(56): CodeIgniter\Boot::bootWeb(Object(Config\Paths))
CRITICAL - 2024-08-28 07:52:27 --> ErrorException: Undefined variable $data_check_username
[Method: POST, Route: admin/user/update]
in APPPATH\Controllers\Admin\User.php on line 315.
 1 APPPATH\Controllers\Admin\User.php(315): CodeIgniter\Debug\Exceptions->errorHandler(2, 'Undefined variable $data_check_username', 'C:\\wamp64\\www\\e-commerce\\app\\Controllers\\Admin\\User.php', 315)
 2 SYSTEMPATH\CodeIgniter.php(933): App\Controllers\Admin\User->update()
 3 SYSTEMPATH\CodeIgniter.php(509): CodeIgniter\CodeIgniter->runController(Object(App\Controllers\Admin\User))
 4 SYSTEMPATH\CodeIgniter.php(355): CodeIgniter\CodeIgniter->handleRequest(null, Object(Config\Cache), false)
 5 SYSTEMPATH\Boot.php(325): CodeIgniter\CodeIgniter->run()
 6 SYSTEMPATH\Boot.php(67): CodeIgniter\Boot::runCodeIgniter(Object(CodeIgniter\CodeIgniter))
 7 FCPATH\index.php(56): CodeIgniter\Boot::bootWeb(Object(Config\Paths))
CRITICAL - 2024-08-28 07:52:28 --> ErrorException: Undefined variable $data_check_username
[Method: POST, Route: admin/user/update]
in APPPATH\Controllers\Admin\User.php on line 315.
 1 APPPATH\Controllers\Admin\User.php(315): CodeIgniter\Debug\Exceptions->errorHandler(2, 'Undefined variable $data_check_username', 'C:\\wamp64\\www\\e-commerce\\app\\Controllers\\Admin\\User.php', 315)
 2 SYSTEMPATH\CodeIgniter.php(933): App\Controllers\Admin\User->update()
 3 SYSTEMPATH\CodeIgniter.php(509): CodeIgniter\CodeIgniter->runController(Object(App\Controllers\Admin\User))
 4 SYSTEMPATH\CodeIgniter.php(355): CodeIgniter\CodeIgniter->handleRequest(null, Object(Config\Cache), false)
 5 SYSTEMPATH\Boot.php(325): CodeIgniter\CodeIgniter->run()
 6 SYSTEMPATH\Boot.php(67): CodeIgniter\Boot::runCodeIgniter(Object(CodeIgniter\CodeIgniter))
 7 FCPATH\index.php(56): CodeIgniter\Boot::bootWeb(Object(Config\Paths))
CRITICAL - 2024-08-28 08:53:21 --> ErrorException: Undefined array key "Token"
[Method: POST, Route: admin/user/update-admin]
in APPPATH\Controllers\Admin\User.php on line 382.
 1 APPPATH\Controllers\Admin\User.php(382): CodeIgniter\Debug\Exceptions->errorHandler(2, 'Undefined array key "Token"', 'C:\\wamp64\\www\\e-commerce\\app\\Controllers\\Admin\\User.php', 382)
 2 SYSTEMPATH\CodeIgniter.php(933): App\Controllers\Admin\User->update_admin()
 3 SYSTEMPATH\CodeIgniter.php(509): CodeIgniter\CodeIgniter->runController(Object(App\Controllers\Admin\User))
 4 SYSTEMPATH\CodeIgniter.php(355): CodeIgniter\CodeIgniter->handleRequest(null, Object(Config\Cache), false)
 5 SYSTEMPATH\Boot.php(325): CodeIgniter\CodeIgniter->run()
 6 SYSTEMPATH\Boot.php(67): CodeIgniter\Boot::runCodeIgniter(Object(CodeIgniter\CodeIgniter))
 7 FCPATH\index.php(56): CodeIgniter\Boot::bootWeb(Object(Config\Paths))
CRITICAL - 2024-08-28 08:53:22 --> ErrorException: Undefined array key "Token"
[Method: POST, Route: admin/user/update-admin]
in APPPATH\Controllers\Admin\User.php on line 382.
 1 APPPATH\Controllers\Admin\User.php(382): CodeIgniter\Debug\Exceptions->errorHandler(2, 'Undefined array key "Token"', 'C:\\wamp64\\www\\e-commerce\\app\\Controllers\\Admin\\User.php', 382)
 2 SYSTEMPATH\CodeIgniter.php(933): App\Controllers\Admin\User->update_admin()
 3 SYSTEMPATH\CodeIgniter.php(509): CodeIgniter\CodeIgniter->runController(Object(App\Controllers\Admin\User))
 4 SYSTEMPATH\CodeIgniter.php(355): CodeIgniter\CodeIgniter->handleRequest(null, Object(Config\Cache), false)
 5 SYSTEMPATH\Boot.php(325): CodeIgniter\CodeIgniter->run()
 6 SYSTEMPATH\Boot.php(67): CodeIgniter\Boot::runCodeIgniter(Object(CodeIgniter\CodeIgniter))
 7 FCPATH\index.php(56): CodeIgniter\Boot::bootWeb(Object(Config\Paths))
CRITICAL - 2024-08-28 08:53:29 --> ErrorException: Undefined array key "Token"
[Method: POST, Route: admin/user/update-admin]
in APPPATH\Controllers\Admin\User.php on line 382.
 1 APPPATH\Controllers\Admin\User.php(382): CodeIgniter\Debug\Exceptions->errorHandler(2, 'Undefined array key "Token"', 'C:\\wamp64\\www\\e-commerce\\app\\Controllers\\Admin\\User.php', 382)
 2 SYSTEMPATH\CodeIgniter.php(933): App\Controllers\Admin\User->update_admin()
 3 SYSTEMPATH\CodeIgniter.php(509): CodeIgniter\CodeIgniter->runController(Object(App\Controllers\Admin\User))
 4 SYSTEMPATH\CodeIgniter.php(355): CodeIgniter\CodeIgniter->handleRequest(null, Object(Config\Cache), false)
 5 SYSTEMPATH\Boot.php(325): CodeIgniter\CodeIgniter->run()
 6 SYSTEMPATH\Boot.php(67): CodeIgniter\Boot::runCodeIgniter(Object(CodeIgniter\CodeIgniter))
 7 FCPATH\index.php(56): CodeIgniter\Boot::bootWeb(Object(Config\Paths))
CRITICAL - 2024-08-28 08:53:49 --> ErrorException: Undefined array key "Token"
[Method: POST, Route: admin/user/update-admin]
in APPPATH\Controllers\Admin\User.php on line 383.
 1 APPPATH\Controllers\Admin\User.php(383): CodeIgniter\Debug\Exceptions->errorHandler(2, 'Undefined array key "Token"', 'C:\\wamp64\\www\\e-commerce\\app\\Controllers\\Admin\\User.php', 383)
 2 SYSTEMPATH\CodeIgniter.php(933): App\Controllers\Admin\User->update_admin()
 3 SYSTEMPATH\CodeIgniter.php(509): CodeIgniter\CodeIgniter->runController(Object(App\Controllers\Admin\User))
 4 SYSTEMPATH\CodeIgniter.php(355): CodeIgniter\CodeIgniter->handleRequest(null, Object(Config\Cache), false)
 5 SYSTEMPATH\Boot.php(325): CodeIgniter\CodeIgniter->run()
 6 SYSTEMPATH\Boot.php(67): CodeIgniter\Boot::runCodeIgniter(Object(CodeIgniter\CodeIgniter))
 7 FCPATH\index.php(56): CodeIgniter\Boot::bootWeb(Object(Config\Paths))
CRITICAL - 2024-08-28 08:53:50 --> ErrorException: Undefined array key "Token"
[Method: POST, Route: admin/user/update-admin]
in APPPATH\Controllers\Admin\User.php on line 383.
 1 APPPATH\Controllers\Admin\User.php(383): CodeIgniter\Debug\Exceptions->errorHandler(2, 'Undefined array key "Token"', 'C:\\wamp64\\www\\e-commerce\\app\\Controllers\\Admin\\User.php', 383)
 2 SYSTEMPATH\CodeIgniter.php(933): App\Controllers\Admin\User->update_admin()
 3 SYSTEMPATH\CodeIgniter.php(509): CodeIgniter\CodeIgniter->runController(Object(App\Controllers\Admin\User))
 4 SYSTEMPATH\CodeIgniter.php(355): CodeIgniter\CodeIgniter->handleRequest(null, Object(Config\Cache), false)
 5 SYSTEMPATH\Boot.php(325): CodeIgniter\CodeIgniter->run()
 6 SYSTEMPATH\Boot.php(67): CodeIgniter\Boot::runCodeIgniter(Object(CodeIgniter\CodeIgniter))
 7 FCPATH\index.php(56): CodeIgniter\Boot::bootWeb(Object(Config\Paths))
CRITICAL - 2024-08-28 08:53:50 --> ErrorException: Undefined array key "Token"
[Method: POST, Route: admin/user/update-admin]
in APPPATH\Controllers\Admin\User.php on line 383.
 1 APPPATH\Controllers\Admin\User.php(383): CodeIgniter\Debug\Exceptions->errorHandler(2, 'Undefined array key "Token"', 'C:\\wamp64\\www\\e-commerce\\app\\Controllers\\Admin\\User.php', 383)
 2 SYSTEMPATH\CodeIgniter.php(933): App\Controllers\Admin\User->update_admin()
 3 SYSTEMPATH\CodeIgniter.php(509): CodeIgniter\CodeIgniter->runController(Object(App\Controllers\Admin\User))
 4 SYSTEMPATH\CodeIgniter.php(355): CodeIgniter\CodeIgniter->handleRequest(null, Object(Config\Cache), false)
 5 SYSTEMPATH\Boot.php(325): CodeIgniter\CodeIgniter->run()
 6 SYSTEMPATH\Boot.php(67): CodeIgniter\Boot::runCodeIgniter(Object(CodeIgniter\CodeIgniter))
 7 FCPATH\index.php(56): CodeIgniter\Boot::bootWeb(Object(Config\Paths))
CRITICAL - 2024-08-28 08:53:51 --> ErrorException: Undefined array key "Token"
[Method: POST, Route: admin/user/update-admin]
in APPPATH\Controllers\Admin\User.php on line 383.
 1 APPPATH\Controllers\Admin\User.php(383): CodeIgniter\Debug\Exceptions->errorHandler(2, 'Undefined array key "Token"', 'C:\\wamp64\\www\\e-commerce\\app\\Controllers\\Admin\\User.php', 383)
 2 SYSTEMPATH\CodeIgniter.php(933): App\Controllers\Admin\User->update_admin()
 3 SYSTEMPATH\CodeIgniter.php(509): CodeIgniter\CodeIgniter->runController(Object(App\Controllers\Admin\User))
 4 SYSTEMPATH\CodeIgniter.php(355): CodeIgniter\CodeIgniter->handleRequest(null, Object(Config\Cache), false)
 5 SYSTEMPATH\Boot.php(325): CodeIgniter\CodeIgniter->run()
 6 SYSTEMPATH\Boot.php(67): CodeIgniter\Boot::runCodeIgniter(Object(CodeIgniter\CodeIgniter))
 7 FCPATH\index.php(56): CodeIgniter\Boot::bootWeb(Object(Config\Paths))
CRITICAL - 2024-08-28 08:54:35 --> ParseError: syntax error, unexpected token "}"
[Method: GET, Route: admin/user/list-user]
in APPPATH\Controllers\Admin\User.php on line 387.
 1 SYSTEMPATH\Router\Router.php(562): CodeIgniter\Router\AutoRouter->getRoute('admin/user/list-user', 'GET')
 2 SYSTEMPATH\Router\Router.php(227): CodeIgniter\Router\Router->autoRoute('admin/user/list-user')
 3 SYSTEMPATH\CodeIgniter.php(834): CodeIgniter\Router\Router->handle('admin/user/list-user')
 4 SYSTEMPATH\CodeIgniter.php(457): CodeIgniter\CodeIgniter->tryToRouteIt(Object(CodeIgniter\Router\RouteCollection))
 5 SYSTEMPATH\CodeIgniter.php(355): CodeIgniter\CodeIgniter->handleRequest(null, Object(Config\Cache), false)
 6 SYSTEMPATH\Boot.php(325): CodeIgniter\CodeIgniter->run()
 7 SYSTEMPATH\Boot.php(67): CodeIgniter\Boot::runCodeIgniter(Object(CodeIgniter\CodeIgniter))
 8 FCPATH\index.php(56): CodeIgniter\Boot::bootWeb(Object(Config\Paths))
CRITICAL - 2024-08-28 08:54:36 --> ParseError: syntax error, unexpected token "}"
[Method: GET, Route: admin/user/list-user]
in APPPATH\Controllers\Admin\User.php on line 387.
 1 SYSTEMPATH\Router\Router.php(562): CodeIgniter\Router\AutoRouter->getRoute('admin/user/list-user', 'GET')
 2 SYSTEMPATH\Router\Router.php(227): CodeIgniter\Router\Router->autoRoute('admin/user/list-user')
 3 SYSTEMPATH\CodeIgniter.php(834): CodeIgniter\Router\Router->handle('admin/user/list-user')
 4 SYSTEMPATH\CodeIgniter.php(457): CodeIgniter\CodeIgniter->tryToRouteIt(Object(CodeIgniter\Router\RouteCollection))
 5 SYSTEMPATH\CodeIgniter.php(355): CodeIgniter\CodeIgniter->handleRequest(null, Object(Config\Cache), false)
 6 SYSTEMPATH\Boot.php(325): CodeIgniter\CodeIgniter->run()
 7 SYSTEMPATH\Boot.php(67): CodeIgniter\Boot::runCodeIgniter(Object(CodeIgniter\CodeIgniter))
 8 FCPATH\index.php(56): CodeIgniter\Boot::bootWeb(Object(Config\Paths))
CRITICAL - 2024-08-28 08:54:36 --> ParseError: syntax error, unexpected token "}"
[Method: GET, Route: admin/user/list-user]
in APPPATH\Controllers\Admin\User.php on line 387.
 1 SYSTEMPATH\Router\Router.php(562): CodeIgniter\Router\AutoRouter->getRoute('admin/user/list-user', 'GET')
 2 SYSTEMPATH\Router\Router.php(227): CodeIgniter\Router\Router->autoRoute('admin/user/list-user')
 3 SYSTEMPATH\CodeIgniter.php(834): CodeIgniter\Router\Router->handle('admin/user/list-user')
 4 SYSTEMPATH\CodeIgniter.php(457): CodeIgniter\CodeIgniter->tryToRouteIt(Object(CodeIgniter\Router\RouteCollection))
 5 SYSTEMPATH\CodeIgniter.php(355): CodeIgniter\CodeIgniter->handleRequest(null, Object(Config\Cache), false)
 6 SYSTEMPATH\Boot.php(325): CodeIgniter\CodeIgniter->run()
 7 SYSTEMPATH\Boot.php(67): CodeIgniter\Boot::runCodeIgniter(Object(CodeIgniter\CodeIgniter))
 8 FCPATH\index.php(56): CodeIgniter\Boot::bootWeb(Object(Config\Paths))
CRITICAL - 2024-08-28 08:54:38 --> ParseError: syntax error, unexpected token "}"
[Method: GET, Route: admin/user/list-user]
in APPPATH\Controllers\Admin\User.php on line 387.
 1 SYSTEMPATH\Router\Router.php(562): CodeIgniter\Router\AutoRouter->getRoute('admin/user/list-user', 'GET')
 2 SYSTEMPATH\Router\Router.php(227): CodeIgniter\Router\Router->autoRoute('admin/user/list-user')
 3 SYSTEMPATH\CodeIgniter.php(834): CodeIgniter\Router\Router->handle('admin/user/list-user')
 4 SYSTEMPATH\CodeIgniter.php(457): CodeIgniter\CodeIgniter->tryToRouteIt(Object(CodeIgniter\Router\RouteCollection))
 5 SYSTEMPATH\CodeIgniter.php(355): CodeIgniter\CodeIgniter->handleRequest(null, Object(Config\Cache), false)
 6 SYSTEMPATH\Boot.php(325): CodeIgniter\CodeIgniter->run()
 7 SYSTEMPATH\Boot.php(67): CodeIgniter\Boot::runCodeIgniter(Object(CodeIgniter\CodeIgniter))
 8 FCPATH\index.php(56): CodeIgniter\Boot::bootWeb(Object(Config\Paths))
CRITICAL - 2024-08-28 08:54:39 --> ParseError: syntax error, unexpected token "}"
[Method: GET, Route: admin/user/list-user]
in APPPATH\Controllers\Admin\User.php on line 387.
 1 SYSTEMPATH\Router\Router.php(562): CodeIgniter\Router\AutoRouter->getRoute('admin/user/list-user', 'GET')
 2 SYSTEMPATH\Router\Router.php(227): CodeIgniter\Router\Router->autoRoute('admin/user/list-user')
 3 SYSTEMPATH\CodeIgniter.php(834): CodeIgniter\Router\Router->handle('admin/user/list-user')
 4 SYSTEMPATH\CodeIgniter.php(457): CodeIgniter\CodeIgniter->tryToRouteIt(Object(CodeIgniter\Router\RouteCollection))
 5 SYSTEMPATH\CodeIgniter.php(355): CodeIgniter\CodeIgniter->handleRequest(null, Object(Config\Cache), false)
 6 SYSTEMPATH\Boot.php(325): CodeIgniter\CodeIgniter->run()
 7 SYSTEMPATH\Boot.php(67): CodeIgniter\Boot::runCodeIgniter(Object(CodeIgniter\CodeIgniter))
 8 FCPATH\index.php(56): CodeIgniter\Boot::bootWeb(Object(Config\Paths))
CRITICAL - 2024-08-28 08:54:41 --> ParseError: syntax error, unexpected token "}"
[Method: POST, Route: admin/user/logout]
in APPPATH\Controllers\Admin\User.php on line 387.
 1 SYSTEMPATH\Router\Router.php(562): CodeIgniter\Router\AutoRouter->getRoute('admin/user/logout', 'POST')
 2 SYSTEMPATH\Router\Router.php(227): CodeIgniter\Router\Router->autoRoute('admin/user/logout')
 3 SYSTEMPATH\CodeIgniter.php(834): CodeIgniter\Router\Router->handle('admin/user/logout')
 4 SYSTEMPATH\CodeIgniter.php(457): CodeIgniter\CodeIgniter->tryToRouteIt(Object(CodeIgniter\Router\RouteCollection))
 5 SYSTEMPATH\CodeIgniter.php(355): CodeIgniter\CodeIgniter->handleRequest(null, Object(Config\Cache), false)
 6 SYSTEMPATH\Boot.php(325): CodeIgniter\CodeIgniter->run()
 7 SYSTEMPATH\Boot.php(67): CodeIgniter\Boot::runCodeIgniter(Object(CodeIgniter\CodeIgniter))
 8 FCPATH\index.php(56): CodeIgniter\Boot::bootWeb(Object(Config\Paths))
CRITICAL - 2024-08-28 08:54:45 --> ParseError: syntax error, unexpected token "}"
[Method: POST, Route: admin/user/logout]
in APPPATH\Controllers\Admin\User.php on line 387.
 1 SYSTEMPATH\Router\Router.php(562): CodeIgniter\Router\AutoRouter->getRoute('admin/user/logout', 'POST')
 2 SYSTEMPATH\Router\Router.php(227): CodeIgniter\Router\Router->autoRoute('admin/user/logout')
 3 SYSTEMPATH\CodeIgniter.php(834): CodeIgniter\Router\Router->handle('admin/user/logout')
 4 SYSTEMPATH\CodeIgniter.php(457): CodeIgniter\CodeIgniter->tryToRouteIt(Object(CodeIgniter\Router\RouteCollection))
 5 SYSTEMPATH\CodeIgniter.php(355): CodeIgniter\CodeIgniter->handleRequest(null, Object(Config\Cache), false)
 6 SYSTEMPATH\Boot.php(325): CodeIgniter\CodeIgniter->run()
 7 SYSTEMPATH\Boot.php(67): CodeIgniter\Boot::runCodeIgniter(Object(CodeIgniter\CodeIgniter))
 8 FCPATH\index.php(56): CodeIgniter\Boot::bootWeb(Object(Config\Paths))
CRITICAL - 2024-08-28 08:54:48 --> ParseError: syntax error, unexpected token "}"
[Method: GET, Route: admin/user/list-user]
in APPPATH\Controllers\Admin\User.php on line 387.
 1 SYSTEMPATH\Router\Router.php(562): CodeIgniter\Router\AutoRouter->getRoute('admin/user/list-user', 'GET')
 2 SYSTEMPATH\Router\Router.php(227): CodeIgniter\Router\Router->autoRoute('admin/user/list-user')
 3 SYSTEMPATH\CodeIgniter.php(834): CodeIgniter\Router\Router->handle('admin/user/list-user')
 4 SYSTEMPATH\CodeIgniter.php(457): CodeIgniter\CodeIgniter->tryToRouteIt(Object(CodeIgniter\Router\RouteCollection))
 5 SYSTEMPATH\CodeIgniter.php(355): CodeIgniter\CodeIgniter->handleRequest(null, Object(Config\Cache), false)
 6 SYSTEMPATH\Boot.php(325): CodeIgniter\CodeIgniter->run()
 7 SYSTEMPATH\Boot.php(67): CodeIgniter\Boot::runCodeIgniter(Object(CodeIgniter\CodeIgniter))
 8 FCPATH\index.php(56): CodeIgniter\Boot::bootWeb(Object(Config\Paths))
CRITICAL - 2024-08-28 08:54:49 --> ParseError: syntax error, unexpected token "}"
[Method: GET, Route: admin/user/list-user]
in APPPATH\Controllers\Admin\User.php on line 387.
 1 SYSTEMPATH\Router\Router.php(562): CodeIgniter\Router\AutoRouter->getRoute('admin/user/list-user', 'GET')
 2 SYSTEMPATH\Router\Router.php(227): CodeIgniter\Router\Router->autoRoute('admin/user/list-user')
 3 SYSTEMPATH\CodeIgniter.php(834): CodeIgniter\Router\Router->handle('admin/user/list-user')
 4 SYSTEMPATH\CodeIgniter.php(457): CodeIgniter\CodeIgniter->tryToRouteIt(Object(CodeIgniter\Router\RouteCollection))
 5 SYSTEMPATH\CodeIgniter.php(355): CodeIgniter\CodeIgniter->handleRequest(null, Object(Config\Cache), false)
 6 SYSTEMPATH\Boot.php(325): CodeIgniter\CodeIgniter->run()
 7 SYSTEMPATH\Boot.php(67): CodeIgniter\Boot::runCodeIgniter(Object(CodeIgniter\CodeIgniter))
 8 FCPATH\index.php(56): CodeIgniter\Boot::bootWeb(Object(Config\Paths))
CRITICAL - 2024-08-28 08:54:51 --> ParseError: syntax error, unexpected token "}"
[Method: POST, Route: admin/user/logout]
in APPPATH\Controllers\Admin\User.php on line 387.
 1 SYSTEMPATH\Router\Router.php(562): CodeIgniter\Router\AutoRouter->getRoute('admin/user/logout', 'POST')
 2 SYSTEMPATH\Router\Router.php(227): CodeIgniter\Router\Router->autoRoute('admin/user/logout')
 3 SYSTEMPATH\CodeIgniter.php(834): CodeIgniter\Router\Router->handle('admin/user/logout')
 4 SYSTEMPATH\CodeIgniter.php(457): CodeIgniter\CodeIgniter->tryToRouteIt(Object(CodeIgniter\Router\RouteCollection))
 5 SYSTEMPATH\CodeIgniter.php(355): CodeIgniter\CodeIgniter->handleRequest(null, Object(Config\Cache), false)
 6 SYSTEMPATH\Boot.php(325): CodeIgniter\CodeIgniter->run()
 7 SYSTEMPATH\Boot.php(67): CodeIgniter\Boot::runCodeIgniter(Object(CodeIgniter\CodeIgniter))
 8 FCPATH\index.php(56): CodeIgniter\Boot::bootWeb(Object(Config\Paths))
CRITICAL - 2024-08-28 08:58:07 --> Error: Cannot use object of type stdClass as array
[Method: POST, Route: admin/user/update-admin]
in APPPATH\Controllers\Admin\User.php on line 400.
 1 SYSTEMPATH\CodeIgniter.php(933): App\Controllers\Admin\User->update_admin()
 2 SYSTEMPATH\CodeIgniter.php(509): CodeIgniter\CodeIgniter->runController(Object(App\Controllers\Admin\User))
 3 SYSTEMPATH\CodeIgniter.php(355): CodeIgniter\CodeIgniter->handleRequest(null, Object(Config\Cache), false)
 4 SYSTEMPATH\Boot.php(325): CodeIgniter\CodeIgniter->run()
 5 SYSTEMPATH\Boot.php(67): CodeIgniter\Boot::runCodeIgniter(Object(CodeIgniter\CodeIgniter))
 6 FCPATH\index.php(56): CodeIgniter\Boot::bootWeb(Object(Config\Paths))
CRITICAL - 2024-08-28 08:58:08 --> Error: Cannot use object of type stdClass as array
[Method: POST, Route: admin/user/update-admin]
in APPPATH\Controllers\Admin\User.php on line 400.
 1 SYSTEMPATH\CodeIgniter.php(933): App\Controllers\Admin\User->update_admin()
 2 SYSTEMPATH\CodeIgniter.php(509): CodeIgniter\CodeIgniter->runController(Object(App\Controllers\Admin\User))
 3 SYSTEMPATH\CodeIgniter.php(355): CodeIgniter\CodeIgniter->handleRequest(null, Object(Config\Cache), false)
 4 SYSTEMPATH\Boot.php(325): CodeIgniter\CodeIgniter->run()
 5 SYSTEMPATH\Boot.php(67): CodeIgniter\Boot::runCodeIgniter(Object(CodeIgniter\CodeIgniter))
 6 FCPATH\index.php(56): CodeIgniter\Boot::bootWeb(Object(Config\Paths))
CRITICAL - 2024-08-28 08:58:08 --> Error: Cannot use object of type stdClass as array
[Method: POST, Route: admin/user/update-admin]
in APPPATH\Controllers\Admin\User.php on line 400.
 1 SYSTEMPATH\CodeIgniter.php(933): App\Controllers\Admin\User->update_admin()
 2 SYSTEMPATH\CodeIgniter.php(509): CodeIgniter\CodeIgniter->runController(Object(App\Controllers\Admin\User))
 3 SYSTEMPATH\CodeIgniter.php(355): CodeIgniter\CodeIgniter->handleRequest(null, Object(Config\Cache), false)
 4 SYSTEMPATH\Boot.php(325): CodeIgniter\CodeIgniter->run()
 5 SYSTEMPATH\Boot.php(67): CodeIgniter\Boot::runCodeIgniter(Object(CodeIgniter\CodeIgniter))
 6 FCPATH\index.php(56): CodeIgniter\Boot::bootWeb(Object(Config\Paths))
CRITICAL - 2024-08-28 08:58:09 --> Error: Cannot use object of type stdClass as array
[Method: POST, Route: admin/user/update-admin]
in APPPATH\Controllers\Admin\User.php on line 400.
 1 SYSTEMPATH\CodeIgniter.php(933): App\Controllers\Admin\User->update_admin()
 2 SYSTEMPATH\CodeIgniter.php(509): CodeIgniter\CodeIgniter->runController(Object(App\Controllers\Admin\User))
 3 SYSTEMPATH\CodeIgniter.php(355): CodeIgniter\CodeIgniter->handleRequest(null, Object(Config\Cache), false)
 4 SYSTEMPATH\Boot.php(325): CodeIgniter\CodeIgniter->run()
 5 SYSTEMPATH\Boot.php(67): CodeIgniter\Boot::runCodeIgniter(Object(CodeIgniter\CodeIgniter))
 6 FCPATH\index.php(56): CodeIgniter\Boot::bootWeb(Object(Config\Paths))
CRITICAL - 2024-08-28 09:05:32 --> ParseError: syntax error, unexpected token "}"
[Method: GET, Route: admin/user/list-user]
in APPPATH\Controllers\Admin\User.php on line 419.
 1 SYSTEMPATH\Router\Router.php(562): CodeIgniter\Router\AutoRouter->getRoute('admin/user/list-user', 'GET')
 2 SYSTEMPATH\Router\Router.php(227): CodeIgniter\Router\Router->autoRoute('admin/user/list-user')
 3 SYSTEMPATH\CodeIgniter.php(834): CodeIgniter\Router\Router->handle('admin/user/list-user')
 4 SYSTEMPATH\CodeIgniter.php(457): CodeIgniter\CodeIgniter->tryToRouteIt(Object(CodeIgniter\Router\RouteCollection))
 5 SYSTEMPATH\CodeIgniter.php(355): CodeIgniter\CodeIgniter->handleRequest(null, Object(Config\Cache), false)
 6 SYSTEMPATH\Boot.php(325): CodeIgniter\CodeIgniter->run()
 7 SYSTEMPATH\Boot.php(67): CodeIgniter\Boot::runCodeIgniter(Object(CodeIgniter\CodeIgniter))
 8 FCPATH\index.php(56): CodeIgniter\Boot::bootWeb(Object(Config\Paths))
CRITICAL - 2024-08-28 09:05:33 --> ParseError: syntax error, unexpected token "}"
[Method: GET, Route: admin/user/list-user]
in APPPATH\Controllers\Admin\User.php on line 419.
 1 SYSTEMPATH\Router\Router.php(562): CodeIgniter\Router\AutoRouter->getRoute('admin/user/list-user', 'GET')
 2 SYSTEMPATH\Router\Router.php(227): CodeIgniter\Router\Router->autoRoute('admin/user/list-user')
 3 SYSTEMPATH\CodeIgniter.php(834): CodeIgniter\Router\Router->handle('admin/user/list-user')
 4 SYSTEMPATH\CodeIgniter.php(457): CodeIgniter\CodeIgniter->tryToRouteIt(Object(CodeIgniter\Router\RouteCollection))
 5 SYSTEMPATH\CodeIgniter.php(355): CodeIgniter\CodeIgniter->handleRequest(null, Object(Config\Cache), false)
 6 SYSTEMPATH\Boot.php(325): CodeIgniter\CodeIgniter->run()
 7 SYSTEMPATH\Boot.php(67): CodeIgniter\Boot::runCodeIgniter(Object(CodeIgniter\CodeIgniter))
 8 FCPATH\index.php(56): CodeIgniter\Boot::bootWeb(Object(Config\Paths))
CRITICAL - 2024-08-28 09:05:34 --> ParseError: syntax error, unexpected token "}"
[Method: GET, Route: admin/user/list-user]
in APPPATH\Controllers\Admin\User.php on line 419.
 1 SYSTEMPATH\Router\Router.php(562): CodeIgniter\Router\AutoRouter->getRoute('admin/user/list-user', 'GET')
 2 SYSTEMPATH\Router\Router.php(227): CodeIgniter\Router\Router->autoRoute('admin/user/list-user')
 3 SYSTEMPATH\CodeIgniter.php(834): CodeIgniter\Router\Router->handle('admin/user/list-user')
 4 SYSTEMPATH\CodeIgniter.php(457): CodeIgniter\CodeIgniter->tryToRouteIt(Object(CodeIgniter\Router\RouteCollection))
 5 SYSTEMPATH\CodeIgniter.php(355): CodeIgniter\CodeIgniter->handleRequest(null, Object(Config\Cache), false)
 6 SYSTEMPATH\Boot.php(325): CodeIgniter\CodeIgniter->run()
 7 SYSTEMPATH\Boot.php(67): CodeIgniter\Boot::runCodeIgniter(Object(CodeIgniter\CodeIgniter))
 8 FCPATH\index.php(56): CodeIgniter\Boot::bootWeb(Object(Config\Paths))
CRITICAL - 2024-08-28 09:05:36 --> ParseError: syntax error, unexpected token "}"
[Method: GET, Route: admin/user/detail]
in APPPATH\Controllers\Admin\User.php on line 419.
 1 SYSTEMPATH\Router\Router.php(562): CodeIgniter\Router\AutoRouter->getRoute('admin/user/detail', 'GET')
 2 SYSTEMPATH\Router\Router.php(227): CodeIgniter\Router\Router->autoRoute('admin/user/detail')
 3 SYSTEMPATH\CodeIgniter.php(834): CodeIgniter\Router\Router->handle('admin/user/detail')
 4 SYSTEMPATH\CodeIgniter.php(457): CodeIgniter\CodeIgniter->tryToRouteIt(Object(CodeIgniter\Router\RouteCollection))
 5 SYSTEMPATH\CodeIgniter.php(355): CodeIgniter\CodeIgniter->handleRequest(null, Object(Config\Cache), false)
 6 SYSTEMPATH\Boot.php(325): CodeIgniter\CodeIgniter->run()
 7 SYSTEMPATH\Boot.php(67): CodeIgniter\Boot::runCodeIgniter(Object(CodeIgniter\CodeIgniter))
 8 FCPATH\index.php(56): CodeIgniter\Boot::bootWeb(Object(Config\Paths))
CRITICAL - 2024-08-28 09:05:41 --> ParseError: syntax error, unexpected token "}"
[Method: GET, Route: admin/user/detail]
in APPPATH\Controllers\Admin\User.php on line 419.
 1 SYSTEMPATH\Router\Router.php(562): CodeIgniter\Router\AutoRouter->getRoute('admin/user/detail', 'GET')
 2 SYSTEMPATH\Router\Router.php(227): CodeIgniter\Router\Router->autoRoute('admin/user/detail')
 3 SYSTEMPATH\CodeIgniter.php(834): CodeIgniter\Router\Router->handle('admin/user/detail')
 4 SYSTEMPATH\CodeIgniter.php(457): CodeIgniter\CodeIgniter->tryToRouteIt(Object(CodeIgniter\Router\RouteCollection))
 5 SYSTEMPATH\CodeIgniter.php(355): CodeIgniter\CodeIgniter->handleRequest(null, Object(Config\Cache), false)
 6 SYSTEMPATH\Boot.php(325): CodeIgniter\CodeIgniter->run()
 7 SYSTEMPATH\Boot.php(67): CodeIgniter\Boot::runCodeIgniter(Object(CodeIgniter\CodeIgniter))
 8 FCPATH\index.php(56): CodeIgniter\Boot::bootWeb(Object(Config\Paths))
ERROR - 2024-08-28 09:13:24 --> mysqli_sql_exception: You have an error in your SQL syntax; check the manual that corresponds to your MySQL server version for the right syntax to use near 'WHERE auth_user_user_id = '2'' at line 3 in C:\wamp64\www\e-commerce\system\Database\MySQLi\Connection.php:310
Stack trace:
#0 C:\wamp64\www\e-commerce\system\Database\MySQLi\Connection.php(310): mysqli->query('UPDATE auth_use...', 0)
#1 C:\wamp64\www\e-commerce\system\Database\BaseConnection.php(732): CodeIgniter\Database\MySQLi\Connection->execute('UPDATE auth_use...')
#2 C:\wamp64\www\e-commerce\system\Database\BaseConnection.php(646): CodeIgniter\Database\BaseConnection->simpleQuery('UPDATE auth_use...')
#3 C:\wamp64\www\e-commerce\app\Controllers\Admin\User.php(446): CodeIgniter\Database\BaseConnection->query('UPDATE auth_use...')
#4 C:\wamp64\www\e-commerce\system\CodeIgniter.php(933): App\Controllers\Admin\User->update_admin()
#5 C:\wamp64\www\e-commerce\system\CodeIgniter.php(509): CodeIgniter\CodeIgniter->runController(Object(App\Controllers\Admin\User))
#6 C:\wamp64\www\e-commerce\system\CodeIgniter.php(355): CodeIgniter\CodeIgniter->handleRequest(NULL, Object(Config\Cache), false)
#7 C:\wamp64\www\e-commerce\system\Boot.php(325): CodeIgniter\CodeIgniter->run()
#8 C:\wamp64\www\e-commerce\system\Boot.php(67): CodeIgniter\Boot::runCodeIgniter(Object(CodeIgniter\CodeIgniter))
#9 C:\wamp64\www\e-commerce\public\index.php(56): CodeIgniter\Boot::bootWeb(Object(Config\Paths))
#10 {main}
CRITICAL - 2024-08-28 09:13:24 --> CodeIgniter\Database\Exceptions\DatabaseException: You have an error in your SQL syntax; check the manual that corresponds to your MySQL server version for the right syntax to use near 'WHERE auth_user_user_id = '2'' at line 3
[Method: POST, Route: admin/user/update-admin]
in SYSTEMPATH\Database\BaseConnection.php on line 686.
 1 APPPATH\Controllers\Admin\User.php(446): CodeIgniter\Database\BaseConnection->query('UPDATE auth_user 
            SET auth_user_username = \'tes\',
            WHERE auth_user_user_id = \'2\'')
 2 SYSTEMPATH\CodeIgniter.php(933): App\Controllers\Admin\User->update_admin()
 3 SYSTEMPATH\CodeIgniter.php(509): CodeIgniter\CodeIgniter->runController(Object(App\Controllers\Admin\User))
 4 SYSTEMPATH\CodeIgniter.php(355): CodeIgniter\CodeIgniter->handleRequest(null, Object(Config\Cache), false)
 5 SYSTEMPATH\Boot.php(325): CodeIgniter\CodeIgniter->run()
 6 SYSTEMPATH\Boot.php(67): CodeIgniter\Boot::runCodeIgniter(Object(CodeIgniter\CodeIgniter))
 7 FCPATH\index.php(56): CodeIgniter\Boot::bootWeb(Object(Config\Paths))
CRITICAL - 2024-08-28 09:13:24 --> [Caused by] CodeIgniter\Database\Exceptions\DatabaseException: You have an error in your SQL syntax; check the manual that corresponds to your MySQL server version for the right syntax to use near 'WHERE auth_user_user_id = '2'' at line 3
in SYSTEMPATH\Database\MySQLi\Connection.php on line 315.
 1 SYSTEMPATH\Database\BaseConnection.php(732): CodeIgniter\Database\MySQLi\Connection->execute('UPDATE auth_user 
            SET auth_user_username = \'tes\',
            WHERE auth_user_user_id = \'2\'')
 2 SYSTEMPATH\Database\BaseConnection.php(646): CodeIgniter\Database\BaseConnection->simpleQuery('UPDATE auth_user 
            SET auth_user_username = \'tes\',
            WHERE auth_user_user_id = \'2\'')
 3 APPPATH\Controllers\Admin\User.php(446): CodeIgniter\Database\BaseConnection->query('UPDATE auth_user 
            SET auth_user_username = \'tes\',
            WHERE auth_user_user_id = \'2\'')
 4 SYSTEMPATH\CodeIgniter.php(933): App\Controllers\Admin\User->update_admin()
 5 SYSTEMPATH\CodeIgniter.php(509): CodeIgniter\CodeIgniter->runController(Object(App\Controllers\Admin\User))
 6 SYSTEMPATH\CodeIgniter.php(355): CodeIgniter\CodeIgniter->handleRequest(null, Object(Config\Cache), false)
 7 SYSTEMPATH\Boot.php(325): CodeIgniter\CodeIgniter->run()
 8 SYSTEMPATH\Boot.php(67): CodeIgniter\Boot::runCodeIgniter(Object(CodeIgniter\CodeIgniter))
 9 FCPATH\index.php(56): CodeIgniter\Boot::bootWeb(Object(Config\Paths))
CRITICAL - 2024-08-28 09:13:24 --> [Caused by] mysqli_sql_exception: You have an error in your SQL syntax; check the manual that corresponds to your MySQL server version for the right syntax to use near 'WHERE auth_user_user_id = '2'' at line 3
in SYSTEMPATH\Database\MySQLi\Connection.php on line 310.
 1 SYSTEMPATH\Database\MySQLi\Connection.php(310): mysqli->query('UPDATE auth_user 
            SET auth_user_username = \'tes\',
            WHERE auth_user_user_id = \'2\'', 0)
 2 SYSTEMPATH\Database\BaseConnection.php(732): CodeIgniter\Database\MySQLi\Connection->execute('UPDATE auth_user 
            SET auth_user_username = \'tes\',
            WHERE auth_user_user_id = \'2\'')
 3 SYSTEMPATH\Database\BaseConnection.php(646): CodeIgniter\Database\BaseConnection->simpleQuery('UPDATE auth_user 
            SET auth_user_username = \'tes\',
            WHERE auth_user_user_id = \'2\'')
 4 APPPATH\Controllers\Admin\User.php(446): CodeIgniter\Database\BaseConnection->query('UPDATE auth_user 
            SET auth_user_username = \'tes\',
            WHERE auth_user_user_id = \'2\'')
 5 SYSTEMPATH\CodeIgniter.php(933): App\Controllers\Admin\User->update_admin()
 6 SYSTEMPATH\CodeIgniter.php(509): CodeIgniter\CodeIgniter->runController(Object(App\Controllers\Admin\User))
 7 SYSTEMPATH\CodeIgniter.php(355): CodeIgniter\CodeIgniter->handleRequest(null, Object(Config\Cache), false)
 8 SYSTEMPATH\Boot.php(325): CodeIgniter\CodeIgniter->run()
 9 SYSTEMPATH\Boot.php(67): CodeIgniter\Boot::runCodeIgniter(Object(CodeIgniter\CodeIgniter))
10 FCPATH\index.php(56): CodeIgniter\Boot::bootWeb(Object(Config\Paths))
ERROR - 2024-08-28 09:13:24 --> mysqli_sql_exception: You have an error in your SQL syntax; check the manual that corresponds to your MySQL server version for the right syntax to use near 'WHERE auth_user_user_id = '2'' at line 3 in C:\wamp64\www\e-commerce\system\Database\MySQLi\Connection.php:310
Stack trace:
#0 C:\wamp64\www\e-commerce\system\Database\MySQLi\Connection.php(310): mysqli->query('UPDATE auth_use...', 0)
#1 C:\wamp64\www\e-commerce\system\Database\BaseConnection.php(732): CodeIgniter\Database\MySQLi\Connection->execute('UPDATE auth_use...')
#2 C:\wamp64\www\e-commerce\system\Database\BaseConnection.php(646): CodeIgniter\Database\BaseConnection->simpleQuery('UPDATE auth_use...')
#3 C:\wamp64\www\e-commerce\app\Controllers\Admin\User.php(446): CodeIgniter\Database\BaseConnection->query('UPDATE auth_use...')
#4 C:\wamp64\www\e-commerce\system\CodeIgniter.php(933): App\Controllers\Admin\User->update_admin()
#5 C:\wamp64\www\e-commerce\system\CodeIgniter.php(509): CodeIgniter\CodeIgniter->runController(Object(App\Controllers\Admin\User))
#6 C:\wamp64\www\e-commerce\system\CodeIgniter.php(355): CodeIgniter\CodeIgniter->handleRequest(NULL, Object(Config\Cache), false)
#7 C:\wamp64\www\e-commerce\system\Boot.php(325): CodeIgniter\CodeIgniter->run()
#8 C:\wamp64\www\e-commerce\system\Boot.php(67): CodeIgniter\Boot::runCodeIgniter(Object(CodeIgniter\CodeIgniter))
#9 C:\wamp64\www\e-commerce\public\index.php(56): CodeIgniter\Boot::bootWeb(Object(Config\Paths))
#10 {main}
CRITICAL - 2024-08-28 09:13:24 --> CodeIgniter\Database\Exceptions\DatabaseException: You have an error in your SQL syntax; check the manual that corresponds to your MySQL server version for the right syntax to use near 'WHERE auth_user_user_id = '2'' at line 3
[Method: POST, Route: admin/user/update-admin]
in SYSTEMPATH\Database\BaseConnection.php on line 686.
 1 APPPATH\Controllers\Admin\User.php(446): CodeIgniter\Database\BaseConnection->query('UPDATE auth_user 
            SET auth_user_username = \'tes\',
            WHERE auth_user_user_id = \'2\'')
 2 SYSTEMPATH\CodeIgniter.php(933): App\Controllers\Admin\User->update_admin()
 3 SYSTEMPATH\CodeIgniter.php(509): CodeIgniter\CodeIgniter->runController(Object(App\Controllers\Admin\User))
 4 SYSTEMPATH\CodeIgniter.php(355): CodeIgniter\CodeIgniter->handleRequest(null, Object(Config\Cache), false)
 5 SYSTEMPATH\Boot.php(325): CodeIgniter\CodeIgniter->run()
 6 SYSTEMPATH\Boot.php(67): CodeIgniter\Boot::runCodeIgniter(Object(CodeIgniter\CodeIgniter))
 7 FCPATH\index.php(56): CodeIgniter\Boot::bootWeb(Object(Config\Paths))
CRITICAL - 2024-08-28 09:13:24 --> [Caused by] CodeIgniter\Database\Exceptions\DatabaseException: You have an error in your SQL syntax; check the manual that corresponds to your MySQL server version for the right syntax to use near 'WHERE auth_user_user_id = '2'' at line 3
in SYSTEMPATH\Database\MySQLi\Connection.php on line 315.
 1 SYSTEMPATH\Database\BaseConnection.php(732): CodeIgniter\Database\MySQLi\Connection->execute('UPDATE auth_user 
            SET auth_user_username = \'tes\',
            WHERE auth_user_user_id = \'2\'')
 2 SYSTEMPATH\Database\BaseConnection.php(646): CodeIgniter\Database\BaseConnection->simpleQuery('UPDATE auth_user 
            SET auth_user_username = \'tes\',
            WHERE auth_user_user_id = \'2\'')
 3 APPPATH\Controllers\Admin\User.php(446): CodeIgniter\Database\BaseConnection->query('UPDATE auth_user 
            SET auth_user_username = \'tes\',
            WHERE auth_user_user_id = \'2\'')
 4 SYSTEMPATH\CodeIgniter.php(933): App\Controllers\Admin\User->update_admin()
 5 SYSTEMPATH\CodeIgniter.php(509): CodeIgniter\CodeIgniter->runController(Object(App\Controllers\Admin\User))
 6 SYSTEMPATH\CodeIgniter.php(355): CodeIgniter\CodeIgniter->handleRequest(null, Object(Config\Cache), false)
 7 SYSTEMPATH\Boot.php(325): CodeIgniter\CodeIgniter->run()
 8 SYSTEMPATH\Boot.php(67): CodeIgniter\Boot::runCodeIgniter(Object(CodeIgniter\CodeIgniter))
 9 FCPATH\index.php(56): CodeIgniter\Boot::bootWeb(Object(Config\Paths))
CRITICAL - 2024-08-28 09:13:24 --> [Caused by] mysqli_sql_exception: You have an error in your SQL syntax; check the manual that corresponds to your MySQL server version for the right syntax to use near 'WHERE auth_user_user_id = '2'' at line 3
in SYSTEMPATH\Database\MySQLi\Connection.php on line 310.
 1 SYSTEMPATH\Database\MySQLi\Connection.php(310): mysqli->query('UPDATE auth_user 
            SET auth_user_username = \'tes\',
            WHERE auth_user_user_id = \'2\'', 0)
 2 SYSTEMPATH\Database\BaseConnection.php(732): CodeIgniter\Database\MySQLi\Connection->execute('UPDATE auth_user 
            SET auth_user_username = \'tes\',
            WHERE auth_user_user_id = \'2\'')
 3 SYSTEMPATH\Database\BaseConnection.php(646): CodeIgniter\Database\BaseConnection->simpleQuery('UPDATE auth_user 
            SET auth_user_username = \'tes\',
            WHERE auth_user_user_id = \'2\'')
 4 APPPATH\Controllers\Admin\User.php(446): CodeIgniter\Database\BaseConnection->query('UPDATE auth_user 
            SET auth_user_username = \'tes\',
            WHERE auth_user_user_id = \'2\'')
 5 SYSTEMPATH\CodeIgniter.php(933): App\Controllers\Admin\User->update_admin()
 6 SYSTEMPATH\CodeIgniter.php(509): CodeIgniter\CodeIgniter->runController(Object(App\Controllers\Admin\User))
 7 SYSTEMPATH\CodeIgniter.php(355): CodeIgniter\CodeIgniter->handleRequest(null, Object(Config\Cache), false)
 8 SYSTEMPATH\Boot.php(325): CodeIgniter\CodeIgniter->run()
 9 SYSTEMPATH\Boot.php(67): CodeIgniter\Boot::runCodeIgniter(Object(CodeIgniter\CodeIgniter))
10 FCPATH\index.php(56): CodeIgniter\Boot::bootWeb(Object(Config\Paths))
ERROR - 2024-08-28 09:13:25 --> mysqli_sql_exception: You have an error in your SQL syntax; check the manual that corresponds to your MySQL server version for the right syntax to use near 'WHERE auth_user_user_id = '2'' at line 3 in C:\wamp64\www\e-commerce\system\Database\MySQLi\Connection.php:310
Stack trace:
#0 C:\wamp64\www\e-commerce\system\Database\MySQLi\Connection.php(310): mysqli->query('UPDATE auth_use...', 0)
#1 C:\wamp64\www\e-commerce\system\Database\BaseConnection.php(732): CodeIgniter\Database\MySQLi\Connection->execute('UPDATE auth_use...')
#2 C:\wamp64\www\e-commerce\system\Database\BaseConnection.php(646): CodeIgniter\Database\BaseConnection->simpleQuery('UPDATE auth_use...')
#3 C:\wamp64\www\e-commerce\app\Controllers\Admin\User.php(446): CodeIgniter\Database\BaseConnection->query('UPDATE auth_use...')
#4 C:\wamp64\www\e-commerce\system\CodeIgniter.php(933): App\Controllers\Admin\User->update_admin()
#5 C:\wamp64\www\e-commerce\system\CodeIgniter.php(509): CodeIgniter\CodeIgniter->runController(Object(App\Controllers\Admin\User))
#6 C:\wamp64\www\e-commerce\system\CodeIgniter.php(355): CodeIgniter\CodeIgniter->handleRequest(NULL, Object(Config\Cache), false)
#7 C:\wamp64\www\e-commerce\system\Boot.php(325): CodeIgniter\CodeIgniter->run()
#8 C:\wamp64\www\e-commerce\system\Boot.php(67): CodeIgniter\Boot::runCodeIgniter(Object(CodeIgniter\CodeIgniter))
#9 C:\wamp64\www\e-commerce\public\index.php(56): CodeIgniter\Boot::bootWeb(Object(Config\Paths))
#10 {main}
CRITICAL - 2024-08-28 09:13:25 --> CodeIgniter\Database\Exceptions\DatabaseException: You have an error in your SQL syntax; check the manual that corresponds to your MySQL server version for the right syntax to use near 'WHERE auth_user_user_id = '2'' at line 3
[Method: POST, Route: admin/user/update-admin]
in SYSTEMPATH\Database\BaseConnection.php on line 686.
 1 APPPATH\Controllers\Admin\User.php(446): CodeIgniter\Database\BaseConnection->query('UPDATE auth_user 
            SET auth_user_username = \'tes\',
            WHERE auth_user_user_id = \'2\'')
 2 SYSTEMPATH\CodeIgniter.php(933): App\Controllers\Admin\User->update_admin()
 3 SYSTEMPATH\CodeIgniter.php(509): CodeIgniter\CodeIgniter->runController(Object(App\Controllers\Admin\User))
 4 SYSTEMPATH\CodeIgniter.php(355): CodeIgniter\CodeIgniter->handleRequest(null, Object(Config\Cache), false)
 5 SYSTEMPATH\Boot.php(325): CodeIgniter\CodeIgniter->run()
 6 SYSTEMPATH\Boot.php(67): CodeIgniter\Boot::runCodeIgniter(Object(CodeIgniter\CodeIgniter))
 7 FCPATH\index.php(56): CodeIgniter\Boot::bootWeb(Object(Config\Paths))
CRITICAL - 2024-08-28 09:13:25 --> [Caused by] CodeIgniter\Database\Exceptions\DatabaseException: You have an error in your SQL syntax; check the manual that corresponds to your MySQL server version for the right syntax to use near 'WHERE auth_user_user_id = '2'' at line 3
in SYSTEMPATH\Database\MySQLi\Connection.php on line 315.
 1 SYSTEMPATH\Database\BaseConnection.php(732): CodeIgniter\Database\MySQLi\Connection->execute('UPDATE auth_user 
            SET auth_user_username = \'tes\',
            WHERE auth_user_user_id = \'2\'')
 2 SYSTEMPATH\Database\BaseConnection.php(646): CodeIgniter\Database\BaseConnection->simpleQuery('UPDATE auth_user 
            SET auth_user_username = \'tes\',
            WHERE auth_user_user_id = \'2\'')
 3 APPPATH\Controllers\Admin\User.php(446): CodeIgniter\Database\BaseConnection->query('UPDATE auth_user 
            SET auth_user_username = \'tes\',
            WHERE auth_user_user_id = \'2\'')
 4 SYSTEMPATH\CodeIgniter.php(933): App\Controllers\Admin\User->update_admin()
 5 SYSTEMPATH\CodeIgniter.php(509): CodeIgniter\CodeIgniter->runController(Object(App\Controllers\Admin\User))
 6 SYSTEMPATH\CodeIgniter.php(355): CodeIgniter\CodeIgniter->handleRequest(null, Object(Config\Cache), false)
 7 SYSTEMPATH\Boot.php(325): CodeIgniter\CodeIgniter->run()
 8 SYSTEMPATH\Boot.php(67): CodeIgniter\Boot::runCodeIgniter(Object(CodeIgniter\CodeIgniter))
 9 FCPATH\index.php(56): CodeIgniter\Boot::bootWeb(Object(Config\Paths))
CRITICAL - 2024-08-28 09:13:25 --> [Caused by] mysqli_sql_exception: You have an error in your SQL syntax; check the manual that corresponds to your MySQL server version for the right syntax to use near 'WHERE auth_user_user_id = '2'' at line 3
in SYSTEMPATH\Database\MySQLi\Connection.php on line 310.
 1 SYSTEMPATH\Database\MySQLi\Connection.php(310): mysqli->query('UPDATE auth_user 
            SET auth_user_username = \'tes\',
            WHERE auth_user_user_id = \'2\'', 0)
 2 SYSTEMPATH\Database\BaseConnection.php(732): CodeIgniter\Database\MySQLi\Connection->execute('UPDATE auth_user 
            SET auth_user_username = \'tes\',
            WHERE auth_user_user_id = \'2\'')
 3 SYSTEMPATH\Database\BaseConnection.php(646): CodeIgniter\Database\BaseConnection->simpleQuery('UPDATE auth_user 
            SET auth_user_username = \'tes\',
            WHERE auth_user_user_id = \'2\'')
 4 APPPATH\Controllers\Admin\User.php(446): CodeIgniter\Database\BaseConnection->query('UPDATE auth_user 
            SET auth_user_username = \'tes\',
            WHERE auth_user_user_id = \'2\'')
 5 SYSTEMPATH\CodeIgniter.php(933): App\Controllers\Admin\User->update_admin()
 6 SYSTEMPATH\CodeIgniter.php(509): CodeIgniter\CodeIgniter->runController(Object(App\Controllers\Admin\User))
 7 SYSTEMPATH\CodeIgniter.php(355): CodeIgniter\CodeIgniter->handleRequest(null, Object(Config\Cache), false)
 8 SYSTEMPATH\Boot.php(325): CodeIgniter\CodeIgniter->run()
 9 SYSTEMPATH\Boot.php(67): CodeIgniter\Boot::runCodeIgniter(Object(CodeIgniter\CodeIgniter))
10 FCPATH\index.php(56): CodeIgniter\Boot::bootWeb(Object(Config\Paths))
ERROR - 2024-08-28 09:13:26 --> mysqli_sql_exception: You have an error in your SQL syntax; check the manual that corresponds to your MySQL server version for the right syntax to use near 'WHERE auth_user_user_id = '2'' at line 3 in C:\wamp64\www\e-commerce\system\Database\MySQLi\Connection.php:310
Stack trace:
#0 C:\wamp64\www\e-commerce\system\Database\MySQLi\Connection.php(310): mysqli->query('UPDATE auth_use...', 0)
#1 C:\wamp64\www\e-commerce\system\Database\BaseConnection.php(732): CodeIgniter\Database\MySQLi\Connection->execute('UPDATE auth_use...')
#2 C:\wamp64\www\e-commerce\system\Database\BaseConnection.php(646): CodeIgniter\Database\BaseConnection->simpleQuery('UPDATE auth_use...')
#3 C:\wamp64\www\e-commerce\app\Controllers\Admin\User.php(446): CodeIgniter\Database\BaseConnection->query('UPDATE auth_use...')
#4 C:\wamp64\www\e-commerce\system\CodeIgniter.php(933): App\Controllers\Admin\User->update_admin()
#5 C:\wamp64\www\e-commerce\system\CodeIgniter.php(509): CodeIgniter\CodeIgniter->runController(Object(App\Controllers\Admin\User))
#6 C:\wamp64\www\e-commerce\system\CodeIgniter.php(355): CodeIgniter\CodeIgniter->handleRequest(NULL, Object(Config\Cache), false)
#7 C:\wamp64\www\e-commerce\system\Boot.php(325): CodeIgniter\CodeIgniter->run()
#8 C:\wamp64\www\e-commerce\system\Boot.php(67): CodeIgniter\Boot::runCodeIgniter(Object(CodeIgniter\CodeIgniter))
#9 C:\wamp64\www\e-commerce\public\index.php(56): CodeIgniter\Boot::bootWeb(Object(Config\Paths))
#10 {main}
CRITICAL - 2024-08-28 09:13:26 --> CodeIgniter\Database\Exceptions\DatabaseException: You have an error in your SQL syntax; check the manual that corresponds to your MySQL server version for the right syntax to use near 'WHERE auth_user_user_id = '2'' at line 3
[Method: POST, Route: admin/user/update-admin]
in SYSTEMPATH\Database\BaseConnection.php on line 686.
 1 APPPATH\Controllers\Admin\User.php(446): CodeIgniter\Database\BaseConnection->query('UPDATE auth_user 
            SET auth_user_username = \'tes\',
            WHERE auth_user_user_id = \'2\'')
 2 SYSTEMPATH\CodeIgniter.php(933): App\Controllers\Admin\User->update_admin()
 3 SYSTEMPATH\CodeIgniter.php(509): CodeIgniter\CodeIgniter->runController(Object(App\Controllers\Admin\User))
 4 SYSTEMPATH\CodeIgniter.php(355): CodeIgniter\CodeIgniter->handleRequest(null, Object(Config\Cache), false)
 5 SYSTEMPATH\Boot.php(325): CodeIgniter\CodeIgniter->run()
 6 SYSTEMPATH\Boot.php(67): CodeIgniter\Boot::runCodeIgniter(Object(CodeIgniter\CodeIgniter))
 7 FCPATH\index.php(56): CodeIgniter\Boot::bootWeb(Object(Config\Paths))
CRITICAL - 2024-08-28 09:13:26 --> [Caused by] CodeIgniter\Database\Exceptions\DatabaseException: You have an error in your SQL syntax; check the manual that corresponds to your MySQL server version for the right syntax to use near 'WHERE auth_user_user_id = '2'' at line 3
in SYSTEMPATH\Database\MySQLi\Connection.php on line 315.
 1 SYSTEMPATH\Database\BaseConnection.php(732): CodeIgniter\Database\MySQLi\Connection->execute('UPDATE auth_user 
            SET auth_user_username = \'tes\',
            WHERE auth_user_user_id = \'2\'')
 2 SYSTEMPATH\Database\BaseConnection.php(646): CodeIgniter\Database\BaseConnection->simpleQuery('UPDATE auth_user 
            SET auth_user_username = \'tes\',
            WHERE auth_user_user_id = \'2\'')
 3 APPPATH\Controllers\Admin\User.php(446): CodeIgniter\Database\BaseConnection->query('UPDATE auth_user 
            SET auth_user_username = \'tes\',
            WHERE auth_user_user_id = \'2\'')
 4 SYSTEMPATH\CodeIgniter.php(933): App\Controllers\Admin\User->update_admin()
 5 SYSTEMPATH\CodeIgniter.php(509): CodeIgniter\CodeIgniter->runController(Object(App\Controllers\Admin\User))
 6 SYSTEMPATH\CodeIgniter.php(355): CodeIgniter\CodeIgniter->handleRequest(null, Object(Config\Cache), false)
 7 SYSTEMPATH\Boot.php(325): CodeIgniter\CodeIgniter->run()
 8 SYSTEMPATH\Boot.php(67): CodeIgniter\Boot::runCodeIgniter(Object(CodeIgniter\CodeIgniter))
 9 FCPATH\index.php(56): CodeIgniter\Boot::bootWeb(Object(Config\Paths))
CRITICAL - 2024-08-28 09:13:26 --> [Caused by] mysqli_sql_exception: You have an error in your SQL syntax; check the manual that corresponds to your MySQL server version for the right syntax to use near 'WHERE auth_user_user_id = '2'' at line 3
in SYSTEMPATH\Database\MySQLi\Connection.php on line 310.
 1 SYSTEMPATH\Database\MySQLi\Connection.php(310): mysqli->query('UPDATE auth_user 
            SET auth_user_username = \'tes\',
            WHERE auth_user_user_id = \'2\'', 0)
 2 SYSTEMPATH\Database\BaseConnection.php(732): CodeIgniter\Database\MySQLi\Connection->execute('UPDATE auth_user 
            SET auth_user_username = \'tes\',
            WHERE auth_user_user_id = \'2\'')
 3 SYSTEMPATH\Database\BaseConnection.php(646): CodeIgniter\Database\BaseConnection->simpleQuery('UPDATE auth_user 
            SET auth_user_username = \'tes\',
            WHERE auth_user_user_id = \'2\'')
 4 APPPATH\Controllers\Admin\User.php(446): CodeIgniter\Database\BaseConnection->query('UPDATE auth_user 
            SET auth_user_username = \'tes\',
            WHERE auth_user_user_id = \'2\'')
 5 SYSTEMPATH\CodeIgniter.php(933): App\Controllers\Admin\User->update_admin()
 6 SYSTEMPATH\CodeIgniter.php(509): CodeIgniter\CodeIgniter->runController(Object(App\Controllers\Admin\User))
 7 SYSTEMPATH\CodeIgniter.php(355): CodeIgniter\CodeIgniter->handleRequest(null, Object(Config\Cache), false)
 8 SYSTEMPATH\Boot.php(325): CodeIgniter\CodeIgniter->run()
 9 SYSTEMPATH\Boot.php(67): CodeIgniter\Boot::runCodeIgniter(Object(CodeIgniter\CodeIgniter))
10 FCPATH\index.php(56): CodeIgniter\Boot::bootWeb(Object(Config\Paths))
ERROR - 2024-08-28 09:13:30 --> mysqli_sql_exception: You have an error in your SQL syntax; check the manual that corresponds to your MySQL server version for the right syntax to use near 'WHERE auth_user_user_id = '2'' at line 3 in C:\wamp64\www\e-commerce\system\Database\MySQLi\Connection.php:310
Stack trace:
#0 C:\wamp64\www\e-commerce\system\Database\MySQLi\Connection.php(310): mysqli->query('UPDATE auth_use...', 0)
#1 C:\wamp64\www\e-commerce\system\Database\BaseConnection.php(732): CodeIgniter\Database\MySQLi\Connection->execute('UPDATE auth_use...')
#2 C:\wamp64\www\e-commerce\system\Database\BaseConnection.php(646): CodeIgniter\Database\BaseConnection->simpleQuery('UPDATE auth_use...')
#3 C:\wamp64\www\e-commerce\app\Controllers\Admin\User.php(446): CodeIgniter\Database\BaseConnection->query('UPDATE auth_use...')
#4 C:\wamp64\www\e-commerce\system\CodeIgniter.php(933): App\Controllers\Admin\User->update_admin()
#5 C:\wamp64\www\e-commerce\system\CodeIgniter.php(509): CodeIgniter\CodeIgniter->runController(Object(App\Controllers\Admin\User))
#6 C:\wamp64\www\e-commerce\system\CodeIgniter.php(355): CodeIgniter\CodeIgniter->handleRequest(NULL, Object(Config\Cache), false)
#7 C:\wamp64\www\e-commerce\system\Boot.php(325): CodeIgniter\CodeIgniter->run()
#8 C:\wamp64\www\e-commerce\system\Boot.php(67): CodeIgniter\Boot::runCodeIgniter(Object(CodeIgniter\CodeIgniter))
#9 C:\wamp64\www\e-commerce\public\index.php(56): CodeIgniter\Boot::bootWeb(Object(Config\Paths))
#10 {main}
CRITICAL - 2024-08-28 09:13:30 --> CodeIgniter\Database\Exceptions\DatabaseException: You have an error in your SQL syntax; check the manual that corresponds to your MySQL server version for the right syntax to use near 'WHERE auth_user_user_id = '2'' at line 3
[Method: POST, Route: admin/user/update-admin]
in SYSTEMPATH\Database\BaseConnection.php on line 686.
 1 APPPATH\Controllers\Admin\User.php(446): CodeIgniter\Database\BaseConnection->query('UPDATE auth_user 
            SET auth_user_username = \'tes\',
            WHERE auth_user_user_id = \'2\'')
 2 SYSTEMPATH\CodeIgniter.php(933): App\Controllers\Admin\User->update_admin()
 3 SYSTEMPATH\CodeIgniter.php(509): CodeIgniter\CodeIgniter->runController(Object(App\Controllers\Admin\User))
 4 SYSTEMPATH\CodeIgniter.php(355): CodeIgniter\CodeIgniter->handleRequest(null, Object(Config\Cache), false)
 5 SYSTEMPATH\Boot.php(325): CodeIgniter\CodeIgniter->run()
 6 SYSTEMPATH\Boot.php(67): CodeIgniter\Boot::runCodeIgniter(Object(CodeIgniter\CodeIgniter))
 7 FCPATH\index.php(56): CodeIgniter\Boot::bootWeb(Object(Config\Paths))
CRITICAL - 2024-08-28 09:13:30 --> [Caused by] CodeIgniter\Database\Exceptions\DatabaseException: You have an error in your SQL syntax; check the manual that corresponds to your MySQL server version for the right syntax to use near 'WHERE auth_user_user_id = '2'' at line 3
in SYSTEMPATH\Database\MySQLi\Connection.php on line 315.
 1 SYSTEMPATH\Database\BaseConnection.php(732): CodeIgniter\Database\MySQLi\Connection->execute('UPDATE auth_user 
            SET auth_user_username = \'tes\',
            WHERE auth_user_user_id = \'2\'')
 2 SYSTEMPATH\Database\BaseConnection.php(646): CodeIgniter\Database\BaseConnection->simpleQuery('UPDATE auth_user 
            SET auth_user_username = \'tes\',
            WHERE auth_user_user_id = \'2\'')
 3 APPPATH\Controllers\Admin\User.php(446): CodeIgniter\Database\BaseConnection->query('UPDATE auth_user 
            SET auth_user_username = \'tes\',
            WHERE auth_user_user_id = \'2\'')
 4 SYSTEMPATH\CodeIgniter.php(933): App\Controllers\Admin\User->update_admin()
 5 SYSTEMPATH\CodeIgniter.php(509): CodeIgniter\CodeIgniter->runController(Object(App\Controllers\Admin\User))
 6 SYSTEMPATH\CodeIgniter.php(355): CodeIgniter\CodeIgniter->handleRequest(null, Object(Config\Cache), false)
 7 SYSTEMPATH\Boot.php(325): CodeIgniter\CodeIgniter->run()
 8 SYSTEMPATH\Boot.php(67): CodeIgniter\Boot::runCodeIgniter(Object(CodeIgniter\CodeIgniter))
 9 FCPATH\index.php(56): CodeIgniter\Boot::bootWeb(Object(Config\Paths))
CRITICAL - 2024-08-28 09:13:30 --> [Caused by] mysqli_sql_exception: You have an error in your SQL syntax; check the manual that corresponds to your MySQL server version for the right syntax to use near 'WHERE auth_user_user_id = '2'' at line 3
in SYSTEMPATH\Database\MySQLi\Connection.php on line 310.
 1 SYSTEMPATH\Database\MySQLi\Connection.php(310): mysqli->query('UPDATE auth_user 
            SET auth_user_username = \'tes\',
            WHERE auth_user_user_id = \'2\'', 0)
 2 SYSTEMPATH\Database\BaseConnection.php(732): CodeIgniter\Database\MySQLi\Connection->execute('UPDATE auth_user 
            SET auth_user_username = \'tes\',
            WHERE auth_user_user_id = \'2\'')
 3 SYSTEMPATH\Database\BaseConnection.php(646): CodeIgniter\Database\BaseConnection->simpleQuery('UPDATE auth_user 
            SET auth_user_username = \'tes\',
            WHERE auth_user_user_id = \'2\'')
 4 APPPATH\Controllers\Admin\User.php(446): CodeIgniter\Database\BaseConnection->query('UPDATE auth_user 
            SET auth_user_username = \'tes\',
            WHERE auth_user_user_id = \'2\'')
 5 SYSTEMPATH\CodeIgniter.php(933): App\Controllers\Admin\User->update_admin()
 6 SYSTEMPATH\CodeIgniter.php(509): CodeIgniter\CodeIgniter->runController(Object(App\Controllers\Admin\User))
 7 SYSTEMPATH\CodeIgniter.php(355): CodeIgniter\CodeIgniter->handleRequest(null, Object(Config\Cache), false)
 8 SYSTEMPATH\Boot.php(325): CodeIgniter\CodeIgniter->run()
 9 SYSTEMPATH\Boot.php(67): CodeIgniter\Boot::runCodeIgniter(Object(CodeIgniter\CodeIgniter))
10 FCPATH\index.php(56): CodeIgniter\Boot::bootWeb(Object(Config\Paths))
ERROR - 2024-08-28 09:13:31 --> mysqli_sql_exception: You have an error in your SQL syntax; check the manual that corresponds to your MySQL server version for the right syntax to use near 'WHERE auth_user_user_id = '2'' at line 3 in C:\wamp64\www\e-commerce\system\Database\MySQLi\Connection.php:310
Stack trace:
#0 C:\wamp64\www\e-commerce\system\Database\MySQLi\Connection.php(310): mysqli->query('UPDATE auth_use...', 0)
#1 C:\wamp64\www\e-commerce\system\Database\BaseConnection.php(732): CodeIgniter\Database\MySQLi\Connection->execute('UPDATE auth_use...')
#2 C:\wamp64\www\e-commerce\system\Database\BaseConnection.php(646): CodeIgniter\Database\BaseConnection->simpleQuery('UPDATE auth_use...')
#3 C:\wamp64\www\e-commerce\app\Controllers\Admin\User.php(446): CodeIgniter\Database\BaseConnection->query('UPDATE auth_use...')
#4 C:\wamp64\www\e-commerce\system\CodeIgniter.php(933): App\Controllers\Admin\User->update_admin()
#5 C:\wamp64\www\e-commerce\system\CodeIgniter.php(509): CodeIgniter\CodeIgniter->runController(Object(App\Controllers\Admin\User))
#6 C:\wamp64\www\e-commerce\system\CodeIgniter.php(355): CodeIgniter\CodeIgniter->handleRequest(NULL, Object(Config\Cache), false)
#7 C:\wamp64\www\e-commerce\system\Boot.php(325): CodeIgniter\CodeIgniter->run()
#8 C:\wamp64\www\e-commerce\system\Boot.php(67): CodeIgniter\Boot::runCodeIgniter(Object(CodeIgniter\CodeIgniter))
#9 C:\wamp64\www\e-commerce\public\index.php(56): CodeIgniter\Boot::bootWeb(Object(Config\Paths))
#10 {main}
CRITICAL - 2024-08-28 09:13:31 --> CodeIgniter\Database\Exceptions\DatabaseException: You have an error in your SQL syntax; check the manual that corresponds to your MySQL server version for the right syntax to use near 'WHERE auth_user_user_id = '2'' at line 3
[Method: POST, Route: admin/user/update-admin]
in SYSTEMPATH\Database\BaseConnection.php on line 686.
 1 APPPATH\Controllers\Admin\User.php(446): CodeIgniter\Database\BaseConnection->query('UPDATE auth_user 
            SET auth_user_username = \'tes\',
            WHERE auth_user_user_id = \'2\'')
 2 SYSTEMPATH\CodeIgniter.php(933): App\Controllers\Admin\User->update_admin()
 3 SYSTEMPATH\CodeIgniter.php(509): CodeIgniter\CodeIgniter->runController(Object(App\Controllers\Admin\User))
 4 SYSTEMPATH\CodeIgniter.php(355): CodeIgniter\CodeIgniter->handleRequest(null, Object(Config\Cache), false)
 5 SYSTEMPATH\Boot.php(325): CodeIgniter\CodeIgniter->run()
 6 SYSTEMPATH\Boot.php(67): CodeIgniter\Boot::runCodeIgniter(Object(CodeIgniter\CodeIgniter))
 7 FCPATH\index.php(56): CodeIgniter\Boot::bootWeb(Object(Config\Paths))
CRITICAL - 2024-08-28 09:13:31 --> [Caused by] CodeIgniter\Database\Exceptions\DatabaseException: You have an error in your SQL syntax; check the manual that corresponds to your MySQL server version for the right syntax to use near 'WHERE auth_user_user_id = '2'' at line 3
in SYSTEMPATH\Database\MySQLi\Connection.php on line 315.
 1 SYSTEMPATH\Database\BaseConnection.php(732): CodeIgniter\Database\MySQLi\Connection->execute('UPDATE auth_user 
            SET auth_user_username = \'tes\',
            WHERE auth_user_user_id = \'2\'')
 2 SYSTEMPATH\Database\BaseConnection.php(646): CodeIgniter\Database\BaseConnection->simpleQuery('UPDATE auth_user 
            SET auth_user_username = \'tes\',
            WHERE auth_user_user_id = \'2\'')
 3 APPPATH\Controllers\Admin\User.php(446): CodeIgniter\Database\BaseConnection->query('UPDATE auth_user 
            SET auth_user_username = \'tes\',
            WHERE auth_user_user_id = \'2\'')
 4 SYSTEMPATH\CodeIgniter.php(933): App\Controllers\Admin\User->update_admin()
 5 SYSTEMPATH\CodeIgniter.php(509): CodeIgniter\CodeIgniter->runController(Object(App\Controllers\Admin\User))
 6 SYSTEMPATH\CodeIgniter.php(355): CodeIgniter\CodeIgniter->handleRequest(null, Object(Config\Cache), false)
 7 SYSTEMPATH\Boot.php(325): CodeIgniter\CodeIgniter->run()
 8 SYSTEMPATH\Boot.php(67): CodeIgniter\Boot::runCodeIgniter(Object(CodeIgniter\CodeIgniter))
 9 FCPATH\index.php(56): CodeIgniter\Boot::bootWeb(Object(Config\Paths))
CRITICAL - 2024-08-28 09:13:31 --> [Caused by] mysqli_sql_exception: You have an error in your SQL syntax; check the manual that corresponds to your MySQL server version for the right syntax to use near 'WHERE auth_user_user_id = '2'' at line 3
in SYSTEMPATH\Database\MySQLi\Connection.php on line 310.
 1 SYSTEMPATH\Database\MySQLi\Connection.php(310): mysqli->query('UPDATE auth_user 
            SET auth_user_username = \'tes\',
            WHERE auth_user_user_id = \'2\'', 0)
 2 SYSTEMPATH\Database\BaseConnection.php(732): CodeIgniter\Database\MySQLi\Connection->execute('UPDATE auth_user 
            SET auth_user_username = \'tes\',
            WHERE auth_user_user_id = \'2\'')
 3 SYSTEMPATH\Database\BaseConnection.php(646): CodeIgniter\Database\BaseConnection->simpleQuery('UPDATE auth_user 
            SET auth_user_username = \'tes\',
            WHERE auth_user_user_id = \'2\'')
 4 APPPATH\Controllers\Admin\User.php(446): CodeIgniter\Database\BaseConnection->query('UPDATE auth_user 
            SET auth_user_username = \'tes\',
            WHERE auth_user_user_id = \'2\'')
 5 SYSTEMPATH\CodeIgniter.php(933): App\Controllers\Admin\User->update_admin()
 6 SYSTEMPATH\CodeIgniter.php(509): CodeIgniter\CodeIgniter->runController(Object(App\Controllers\Admin\User))
 7 SYSTEMPATH\CodeIgniter.php(355): CodeIgniter\CodeIgniter->handleRequest(null, Object(Config\Cache), false)
 8 SYSTEMPATH\Boot.php(325): CodeIgniter\CodeIgniter->run()
 9 SYSTEMPATH\Boot.php(67): CodeIgniter\Boot::runCodeIgniter(Object(CodeIgniter\CodeIgniter))
10 FCPATH\index.php(56): CodeIgniter\Boot::bootWeb(Object(Config\Paths))
ERROR - 2024-08-28 09:13:32 --> mysqli_sql_exception: You have an error in your SQL syntax; check the manual that corresponds to your MySQL server version for the right syntax to use near 'WHERE auth_user_user_id = '2'' at line 3 in C:\wamp64\www\e-commerce\system\Database\MySQLi\Connection.php:310
Stack trace:
#0 C:\wamp64\www\e-commerce\system\Database\MySQLi\Connection.php(310): mysqli->query('UPDATE auth_use...', 0)
#1 C:\wamp64\www\e-commerce\system\Database\BaseConnection.php(732): CodeIgniter\Database\MySQLi\Connection->execute('UPDATE auth_use...')
#2 C:\wamp64\www\e-commerce\system\Database\BaseConnection.php(646): CodeIgniter\Database\BaseConnection->simpleQuery('UPDATE auth_use...')
#3 C:\wamp64\www\e-commerce\app\Controllers\Admin\User.php(446): CodeIgniter\Database\BaseConnection->query('UPDATE auth_use...')
#4 C:\wamp64\www\e-commerce\system\CodeIgniter.php(933): App\Controllers\Admin\User->update_admin()
#5 C:\wamp64\www\e-commerce\system\CodeIgniter.php(509): CodeIgniter\CodeIgniter->runController(Object(App\Controllers\Admin\User))
#6 C:\wamp64\www\e-commerce\system\CodeIgniter.php(355): CodeIgniter\CodeIgniter->handleRequest(NULL, Object(Config\Cache), false)
#7 C:\wamp64\www\e-commerce\system\Boot.php(325): CodeIgniter\CodeIgniter->run()
#8 C:\wamp64\www\e-commerce\system\Boot.php(67): CodeIgniter\Boot::runCodeIgniter(Object(CodeIgniter\CodeIgniter))
#9 C:\wamp64\www\e-commerce\public\index.php(56): CodeIgniter\Boot::bootWeb(Object(Config\Paths))
#10 {main}
CRITICAL - 2024-08-28 09:13:32 --> CodeIgniter\Database\Exceptions\DatabaseException: You have an error in your SQL syntax; check the manual that corresponds to your MySQL server version for the right syntax to use near 'WHERE auth_user_user_id = '2'' at line 3
[Method: POST, Route: admin/user/update-admin]
in SYSTEMPATH\Database\BaseConnection.php on line 686.
 1 APPPATH\Controllers\Admin\User.php(446): CodeIgniter\Database\BaseConnection->query('UPDATE auth_user 
            SET auth_user_username = \'tes\',
            WHERE auth_user_user_id = \'2\'')
 2 SYSTEMPATH\CodeIgniter.php(933): App\Controllers\Admin\User->update_admin()
 3 SYSTEMPATH\CodeIgniter.php(509): CodeIgniter\CodeIgniter->runController(Object(App\Controllers\Admin\User))
 4 SYSTEMPATH\CodeIgniter.php(355): CodeIgniter\CodeIgniter->handleRequest(null, Object(Config\Cache), false)
 5 SYSTEMPATH\Boot.php(325): CodeIgniter\CodeIgniter->run()
 6 SYSTEMPATH\Boot.php(67): CodeIgniter\Boot::runCodeIgniter(Object(CodeIgniter\CodeIgniter))
 7 FCPATH\index.php(56): CodeIgniter\Boot::bootWeb(Object(Config\Paths))
CRITICAL - 2024-08-28 09:13:32 --> [Caused by] CodeIgniter\Database\Exceptions\DatabaseException: You have an error in your SQL syntax; check the manual that corresponds to your MySQL server version for the right syntax to use near 'WHERE auth_user_user_id = '2'' at line 3
in SYSTEMPATH\Database\MySQLi\Connection.php on line 315.
 1 SYSTEMPATH\Database\BaseConnection.php(732): CodeIgniter\Database\MySQLi\Connection->execute('UPDATE auth_user 
            SET auth_user_username = \'tes\',
            WHERE auth_user_user_id = \'2\'')
 2 SYSTEMPATH\Database\BaseConnection.php(646): CodeIgniter\Database\BaseConnection->simpleQuery('UPDATE auth_user 
            SET auth_user_username = \'tes\',
            WHERE auth_user_user_id = \'2\'')
 3 APPPATH\Controllers\Admin\User.php(446): CodeIgniter\Database\BaseConnection->query('UPDATE auth_user 
            SET auth_user_username = \'tes\',
            WHERE auth_user_user_id = \'2\'')
 4 SYSTEMPATH\CodeIgniter.php(933): App\Controllers\Admin\User->update_admin()
 5 SYSTEMPATH\CodeIgniter.php(509): CodeIgniter\CodeIgniter->runController(Object(App\Controllers\Admin\User))
 6 SYSTEMPATH\CodeIgniter.php(355): CodeIgniter\CodeIgniter->handleRequest(null, Object(Config\Cache), false)
 7 SYSTEMPATH\Boot.php(325): CodeIgniter\CodeIgniter->run()
 8 SYSTEMPATH\Boot.php(67): CodeIgniter\Boot::runCodeIgniter(Object(CodeIgniter\CodeIgniter))
 9 FCPATH\index.php(56): CodeIgniter\Boot::bootWeb(Object(Config\Paths))
CRITICAL - 2024-08-28 09:13:32 --> [Caused by] mysqli_sql_exception: You have an error in your SQL syntax; check the manual that corresponds to your MySQL server version for the right syntax to use near 'WHERE auth_user_user_id = '2'' at line 3
in SYSTEMPATH\Database\MySQLi\Connection.php on line 310.
 1 SYSTEMPATH\Database\MySQLi\Connection.php(310): mysqli->query('UPDATE auth_user 
            SET auth_user_username = \'tes\',
            WHERE auth_user_user_id = \'2\'', 0)
 2 SYSTEMPATH\Database\BaseConnection.php(732): CodeIgniter\Database\MySQLi\Connection->execute('UPDATE auth_user 
            SET auth_user_username = \'tes\',
            WHERE auth_user_user_id = \'2\'')
 3 SYSTEMPATH\Database\BaseConnection.php(646): CodeIgniter\Database\BaseConnection->simpleQuery('UPDATE auth_user 
            SET auth_user_username = \'tes\',
            WHERE auth_user_user_id = \'2\'')
 4 APPPATH\Controllers\Admin\User.php(446): CodeIgniter\Database\BaseConnection->query('UPDATE auth_user 
            SET auth_user_username = \'tes\',
            WHERE auth_user_user_id = \'2\'')
 5 SYSTEMPATH\CodeIgniter.php(933): App\Controllers\Admin\User->update_admin()
 6 SYSTEMPATH\CodeIgniter.php(509): CodeIgniter\CodeIgniter->runController(Object(App\Controllers\Admin\User))
 7 SYSTEMPATH\CodeIgniter.php(355): CodeIgniter\CodeIgniter->handleRequest(null, Object(Config\Cache), false)
 8 SYSTEMPATH\Boot.php(325): CodeIgniter\CodeIgniter->run()
 9 SYSTEMPATH\Boot.php(67): CodeIgniter\Boot::runCodeIgniter(Object(CodeIgniter\CodeIgniter))
10 FCPATH\index.php(56): CodeIgniter\Boot::bootWeb(Object(Config\Paths))
ERROR - 2024-08-28 09:13:32 --> mysqli_sql_exception: You have an error in your SQL syntax; check the manual that corresponds to your MySQL server version for the right syntax to use near 'WHERE auth_user_user_id = '2'' at line 3 in C:\wamp64\www\e-commerce\system\Database\MySQLi\Connection.php:310
Stack trace:
#0 C:\wamp64\www\e-commerce\system\Database\MySQLi\Connection.php(310): mysqli->query('UPDATE auth_use...', 0)
#1 C:\wamp64\www\e-commerce\system\Database\BaseConnection.php(732): CodeIgniter\Database\MySQLi\Connection->execute('UPDATE auth_use...')
#2 C:\wamp64\www\e-commerce\system\Database\BaseConnection.php(646): CodeIgniter\Database\BaseConnection->simpleQuery('UPDATE auth_use...')
#3 C:\wamp64\www\e-commerce\app\Controllers\Admin\User.php(446): CodeIgniter\Database\BaseConnection->query('UPDATE auth_use...')
#4 C:\wamp64\www\e-commerce\system\CodeIgniter.php(933): App\Controllers\Admin\User->update_admin()
#5 C:\wamp64\www\e-commerce\system\CodeIgniter.php(509): CodeIgniter\CodeIgniter->runController(Object(App\Controllers\Admin\User))
#6 C:\wamp64\www\e-commerce\system\CodeIgniter.php(355): CodeIgniter\CodeIgniter->handleRequest(NULL, Object(Config\Cache), false)
#7 C:\wamp64\www\e-commerce\system\Boot.php(325): CodeIgniter\CodeIgniter->run()
#8 C:\wamp64\www\e-commerce\system\Boot.php(67): CodeIgniter\Boot::runCodeIgniter(Object(CodeIgniter\CodeIgniter))
#9 C:\wamp64\www\e-commerce\public\index.php(56): CodeIgniter\Boot::bootWeb(Object(Config\Paths))
#10 {main}
CRITICAL - 2024-08-28 09:13:32 --> CodeIgniter\Database\Exceptions\DatabaseException: You have an error in your SQL syntax; check the manual that corresponds to your MySQL server version for the right syntax to use near 'WHERE auth_user_user_id = '2'' at line 3
[Method: POST, Route: admin/user/update-admin]
in SYSTEMPATH\Database\BaseConnection.php on line 686.
 1 APPPATH\Controllers\Admin\User.php(446): CodeIgniter\Database\BaseConnection->query('UPDATE auth_user 
            SET auth_user_username = \'tes\',
            WHERE auth_user_user_id = \'2\'')
 2 SYSTEMPATH\CodeIgniter.php(933): App\Controllers\Admin\User->update_admin()
 3 SYSTEMPATH\CodeIgniter.php(509): CodeIgniter\CodeIgniter->runController(Object(App\Controllers\Admin\User))
 4 SYSTEMPATH\CodeIgniter.php(355): CodeIgniter\CodeIgniter->handleRequest(null, Object(Config\Cache), false)
 5 SYSTEMPATH\Boot.php(325): CodeIgniter\CodeIgniter->run()
 6 SYSTEMPATH\Boot.php(67): CodeIgniter\Boot::runCodeIgniter(Object(CodeIgniter\CodeIgniter))
 7 FCPATH\index.php(56): CodeIgniter\Boot::bootWeb(Object(Config\Paths))
CRITICAL - 2024-08-28 09:13:32 --> [Caused by] CodeIgniter\Database\Exceptions\DatabaseException: You have an error in your SQL syntax; check the manual that corresponds to your MySQL server version for the right syntax to use near 'WHERE auth_user_user_id = '2'' at line 3
in SYSTEMPATH\Database\MySQLi\Connection.php on line 315.
 1 SYSTEMPATH\Database\BaseConnection.php(732): CodeIgniter\Database\MySQLi\Connection->execute('UPDATE auth_user 
            SET auth_user_username = \'tes\',
            WHERE auth_user_user_id = \'2\'')
 2 SYSTEMPATH\Database\BaseConnection.php(646): CodeIgniter\Database\BaseConnection->simpleQuery('UPDATE auth_user 
            SET auth_user_username = \'tes\',
            WHERE auth_user_user_id = \'2\'')
 3 APPPATH\Controllers\Admin\User.php(446): CodeIgniter\Database\BaseConnection->query('UPDATE auth_user 
            SET auth_user_username = \'tes\',
            WHERE auth_user_user_id = \'2\'')
 4 SYSTEMPATH\CodeIgniter.php(933): App\Controllers\Admin\User->update_admin()
 5 SYSTEMPATH\CodeIgniter.php(509): CodeIgniter\CodeIgniter->runController(Object(App\Controllers\Admin\User))
 6 SYSTEMPATH\CodeIgniter.php(355): CodeIgniter\CodeIgniter->handleRequest(null, Object(Config\Cache), false)
 7 SYSTEMPATH\Boot.php(325): CodeIgniter\CodeIgniter->run()
 8 SYSTEMPATH\Boot.php(67): CodeIgniter\Boot::runCodeIgniter(Object(CodeIgniter\CodeIgniter))
 9 FCPATH\index.php(56): CodeIgniter\Boot::bootWeb(Object(Config\Paths))
CRITICAL - 2024-08-28 09:13:32 --> [Caused by] mysqli_sql_exception: You have an error in your SQL syntax; check the manual that corresponds to your MySQL server version for the right syntax to use near 'WHERE auth_user_user_id = '2'' at line 3
in SYSTEMPATH\Database\MySQLi\Connection.php on line 310.
 1 SYSTEMPATH\Database\MySQLi\Connection.php(310): mysqli->query('UPDATE auth_user 
            SET auth_user_username = \'tes\',
            WHERE auth_user_user_id = \'2\'', 0)
 2 SYSTEMPATH\Database\BaseConnection.php(732): CodeIgniter\Database\MySQLi\Connection->execute('UPDATE auth_user 
            SET auth_user_username = \'tes\',
            WHERE auth_user_user_id = \'2\'')
 3 SYSTEMPATH\Database\BaseConnection.php(646): CodeIgniter\Database\BaseConnection->simpleQuery('UPDATE auth_user 
            SET auth_user_username = \'tes\',
            WHERE auth_user_user_id = \'2\'')
 4 APPPATH\Controllers\Admin\User.php(446): CodeIgniter\Database\BaseConnection->query('UPDATE auth_user 
            SET auth_user_username = \'tes\',
            WHERE auth_user_user_id = \'2\'')
 5 SYSTEMPATH\CodeIgniter.php(933): App\Controllers\Admin\User->update_admin()
 6 SYSTEMPATH\CodeIgniter.php(509): CodeIgniter\CodeIgniter->runController(Object(App\Controllers\Admin\User))
 7 SYSTEMPATH\CodeIgniter.php(355): CodeIgniter\CodeIgniter->handleRequest(null, Object(Config\Cache), false)
 8 SYSTEMPATH\Boot.php(325): CodeIgniter\CodeIgniter->run()
 9 SYSTEMPATH\Boot.php(67): CodeIgniter\Boot::runCodeIgniter(Object(CodeIgniter\CodeIgniter))
10 FCPATH\index.php(56): CodeIgniter\Boot::bootWeb(Object(Config\Paths))
