CRITICAL - 2024-08-19 02:07:28 --> ErrorException: Undefined array key "Token"
[Method: GET, Route: admin/user/list-user]
in APPPATH\Controllers\Core\AuthController.php on line 26.
 1 APPPATH\Controllers\Core\AuthController.php(26): CodeIgniter\Debug\Exceptions->errorHandler(2, 'Undefined array key "Token"', 'C:\\wamp64\\www\\e-commerce\\app\\Controllers\\Core\\AuthController.php', 26)
 2 APPPATH\Controllers\Admin\User.php(13): App\Controllers\Core\AuthController->before([...])
 3 SYSTEMPATH\CodeIgniter.php(933): App\Controllers\Admin\User->list_user()
 4 SYSTEMPATH\CodeIgniter.php(509): CodeIgniter\CodeIgniter->runController(Object(App\Controllers\Admin\User))
 5 SYSTEMPATH\CodeIgniter.php(355): CodeIgniter\CodeIgniter->handleRequest(null, Object(Config\Cache), false)
 6 SYSTEMPATH\Boot.php(325): CodeIgniter\CodeIgniter->run()
 7 SYSTEMPATH\Boot.php(67): CodeIgniter\Boot::runCodeIgniter(Object(CodeIgniter\CodeIgniter))
 8 FCPATH\index.php(56): CodeIgniter\Boot::bootWeb(Object(Config\Paths))
CRITICAL - 2024-08-19 02:07:40 --> ErrorException: Undefined array key "Token"
[Method: GET, Route: admin/user/list-user]
in APPPATH\Controllers\Core\AuthController.php on line 26.
 1 APPPATH\Controllers\Core\AuthController.php(26): CodeIgniter\Debug\Exceptions->errorHandler(2, 'Undefined array key "Token"', 'C:\\wamp64\\www\\e-commerce\\app\\Controllers\\Core\\AuthController.php', 26)
 2 APPPATH\Controllers\Admin\User.php(13): App\Controllers\Core\AuthController->before([...])
 3 SYSTEMPATH\CodeIgniter.php(933): App\Controllers\Admin\User->list_user()
 4 SYSTEMPATH\CodeIgniter.php(509): CodeIgniter\CodeIgniter->runController(Object(App\Controllers\Admin\User))
 5 SYSTEMPATH\CodeIgniter.php(355): CodeIgniter\CodeIgniter->handleRequest(null, Object(Config\Cache), false)
 6 SYSTEMPATH\Boot.php(325): CodeIgniter\CodeIgniter->run()
 7 SYSTEMPATH\Boot.php(67): CodeIgniter\Boot::runCodeIgniter(Object(CodeIgniter\CodeIgniter))
 8 FCPATH\index.php(56): CodeIgniter\Boot::bootWeb(Object(Config\Paths))
CRITICAL - 2024-08-19 02:08:52 --> ErrorException: Undefined array key "Token"
[Method: GET, Route: admin/user/list-user]
in APPPATH\Controllers\Core\AuthController.php on line 26.
 1 APPPATH\Controllers\Core\AuthController.php(26): CodeIgniter\Debug\Exceptions->errorHandler(2, 'Undefined array key "Token"', 'C:\\wamp64\\www\\e-commerce\\app\\Controllers\\Core\\AuthController.php', 26)
 2 APPPATH\Controllers\Admin\User.php(13): App\Controllers\Core\AuthController->before([...])
 3 SYSTEMPATH\CodeIgniter.php(933): App\Controllers\Admin\User->list_user()
 4 SYSTEMPATH\CodeIgniter.php(509): CodeIgniter\CodeIgniter->runController(Object(App\Controllers\Admin\User))
 5 SYSTEMPATH\CodeIgniter.php(355): CodeIgniter\CodeIgniter->handleRequest(null, Object(Config\Cache), false)
 6 SYSTEMPATH\Boot.php(325): CodeIgniter\CodeIgniter->run()
 7 SYSTEMPATH\Boot.php(67): CodeIgniter\Boot::runCodeIgniter(Object(CodeIgniter\CodeIgniter))
 8 FCPATH\index.php(56): CodeIgniter\Boot::bootWeb(Object(Config\Paths))
CRITICAL - 2024-08-19 02:32:22 --> ErrorException: Undefined array key "id"
[Method: GET, Route: admin/confirmation/detail]
in APPPATH\Controllers\Admin\Confirmation.php on line 122.
 1 APPPATH\Controllers\Admin\Confirmation.php(122): CodeIgniter\Debug\Exceptions->errorHandler(2, 'Undefined array key "id"', 'C:\\wamp64\\www\\e-commerce\\app\\Controllers\\Admin\\Confirmation.php', 122)
 2 SYSTEMPATH\CodeIgniter.php(933): App\Controllers\Admin\Confirmation->detail()
 3 SYSTEMPATH\CodeIgniter.php(509): CodeIgniter\CodeIgniter->runController(Object(App\Controllers\Admin\Confirmation))
 4 SYSTEMPATH\CodeIgniter.php(355): CodeIgniter\CodeIgniter->handleRequest(null, Object(Config\Cache), false)
 5 SYSTEMPATH\Boot.php(325): CodeIgniter\CodeIgniter->run()
 6 SYSTEMPATH\Boot.php(67): CodeIgniter\Boot::runCodeIgniter(Object(CodeIgniter\CodeIgniter))
 7 FCPATH\index.php(56): CodeIgniter\Boot::bootWeb(Object(Config\Paths))
CRITICAL - 2024-08-19 02:32:24 --> ErrorException: Undefined array key "id"
[Method: GET, Route: admin/confirmation/detail]
in APPPATH\Controllers\Admin\Confirmation.php on line 122.
 1 APPPATH\Controllers\Admin\Confirmation.php(122): CodeIgniter\Debug\Exceptions->errorHandler(2, 'Undefined array key "id"', 'C:\\wamp64\\www\\e-commerce\\app\\Controllers\\Admin\\Confirmation.php', 122)
 2 SYSTEMPATH\CodeIgniter.php(933): App\Controllers\Admin\Confirmation->detail()
 3 SYSTEMPATH\CodeIgniter.php(509): CodeIgniter\CodeIgniter->runController(Object(App\Controllers\Admin\Confirmation))
 4 SYSTEMPATH\CodeIgniter.php(355): CodeIgniter\CodeIgniter->handleRequest(null, Object(Config\Cache), false)
 5 SYSTEMPATH\Boot.php(325): CodeIgniter\CodeIgniter->run()
 6 SYSTEMPATH\Boot.php(67): CodeIgniter\Boot::runCodeIgniter(Object(CodeIgniter\CodeIgniter))
 7 FCPATH\index.php(56): CodeIgniter\Boot::bootWeb(Object(Config\Paths))
CRITICAL - 2024-08-19 02:32:28 --> ErrorException: Undefined array key "id"
[Method: GET, Route: admin/confirmation/detail]
in APPPATH\Controllers\Admin\Confirmation.php on line 122.
 1 APPPATH\Controllers\Admin\Confirmation.php(122): CodeIgniter\Debug\Exceptions->errorHandler(2, 'Undefined array key "id"', 'C:\\wamp64\\www\\e-commerce\\app\\Controllers\\Admin\\Confirmation.php', 122)
 2 SYSTEMPATH\CodeIgniter.php(933): App\Controllers\Admin\Confirmation->detail()
 3 SYSTEMPATH\CodeIgniter.php(509): CodeIgniter\CodeIgniter->runController(Object(App\Controllers\Admin\Confirmation))
 4 SYSTEMPATH\CodeIgniter.php(355): CodeIgniter\CodeIgniter->handleRequest(null, Object(Config\Cache), false)
 5 SYSTEMPATH\Boot.php(325): CodeIgniter\CodeIgniter->run()
 6 SYSTEMPATH\Boot.php(67): CodeIgniter\Boot::runCodeIgniter(Object(CodeIgniter\CodeIgniter))
 7 FCPATH\index.php(56): CodeIgniter\Boot::bootWeb(Object(Config\Paths))
CRITICAL - 2024-08-19 02:32:28 --> ErrorException: Undefined array key "id"
[Method: GET, Route: admin/confirmation/detail]
in APPPATH\Controllers\Admin\Confirmation.php on line 122.
 1 APPPATH\Controllers\Admin\Confirmation.php(122): CodeIgniter\Debug\Exceptions->errorHandler(2, 'Undefined array key "id"', 'C:\\wamp64\\www\\e-commerce\\app\\Controllers\\Admin\\Confirmation.php', 122)
 2 SYSTEMPATH\CodeIgniter.php(933): App\Controllers\Admin\Confirmation->detail()
 3 SYSTEMPATH\CodeIgniter.php(509): CodeIgniter\CodeIgniter->runController(Object(App\Controllers\Admin\Confirmation))
 4 SYSTEMPATH\CodeIgniter.php(355): CodeIgniter\CodeIgniter->handleRequest(null, Object(Config\Cache), false)
 5 SYSTEMPATH\Boot.php(325): CodeIgniter\CodeIgniter->run()
 6 SYSTEMPATH\Boot.php(67): CodeIgniter\Boot::runCodeIgniter(Object(CodeIgniter\CodeIgniter))
 7 FCPATH\index.php(56): CodeIgniter\Boot::bootWeb(Object(Config\Paths))
CRITICAL - 2024-08-19 02:32:28 --> ErrorException: Undefined array key "id"
[Method: GET, Route: admin/confirmation/detail]
in APPPATH\Controllers\Admin\Confirmation.php on line 122.
 1 APPPATH\Controllers\Admin\Confirmation.php(122): CodeIgniter\Debug\Exceptions->errorHandler(2, 'Undefined array key "id"', 'C:\\wamp64\\www\\e-commerce\\app\\Controllers\\Admin\\Confirmation.php', 122)
 2 SYSTEMPATH\CodeIgniter.php(933): App\Controllers\Admin\Confirmation->detail()
 3 SYSTEMPATH\CodeIgniter.php(509): CodeIgniter\CodeIgniter->runController(Object(App\Controllers\Admin\Confirmation))
 4 SYSTEMPATH\CodeIgniter.php(355): CodeIgniter\CodeIgniter->handleRequest(null, Object(Config\Cache), false)
 5 SYSTEMPATH\Boot.php(325): CodeIgniter\CodeIgniter->run()
 6 SYSTEMPATH\Boot.php(67): CodeIgniter\Boot::runCodeIgniter(Object(CodeIgniter\CodeIgniter))
 7 FCPATH\index.php(56): CodeIgniter\Boot::bootWeb(Object(Config\Paths))
CRITICAL - 2024-08-19 06:44:17 --> ErrorException: Undefined array key "Token"
[Method: GET, Route: admin/confirmation/history]
in APPPATH\Controllers\Core\AuthController.php on line 26.
 1 APPPATH\Controllers\Core\AuthController.php(26): CodeIgniter\Debug\Exceptions->errorHandler(2, 'Undefined array key "Token"', 'C:\\wamp64\\www\\e-commerce\\app\\Controllers\\Core\\AuthController.php', 26)
 2 APPPATH\Controllers\Admin\Confirmation.php(204): App\Controllers\Core\AuthController->before([...])
 3 SYSTEMPATH\CodeIgniter.php(933): App\Controllers\Admin\Confirmation->history()
 4 SYSTEMPATH\CodeIgniter.php(509): CodeIgniter\CodeIgniter->runController(Object(App\Controllers\Admin\Confirmation))
 5 SYSTEMPATH\CodeIgniter.php(355): CodeIgniter\CodeIgniter->handleRequest(null, Object(Config\Cache), false)
 6 SYSTEMPATH\Boot.php(325): CodeIgniter\CodeIgniter->run()
 7 SYSTEMPATH\Boot.php(67): CodeIgniter\Boot::runCodeIgniter(Object(CodeIgniter\CodeIgniter))
 8 FCPATH\index.php(56): CodeIgniter\Boot::bootWeb(Object(Config\Paths))
CRITICAL - 2024-08-19 06:44:19 --> ErrorException: Undefined array key "Token"
[Method: GET, Route: admin/confirmation/history]
in APPPATH\Controllers\Core\AuthController.php on line 26.
 1 APPPATH\Controllers\Core\AuthController.php(26): CodeIgniter\Debug\Exceptions->errorHandler(2, 'Undefined array key "Token"', 'C:\\wamp64\\www\\e-commerce\\app\\Controllers\\Core\\AuthController.php', 26)
 2 APPPATH\Controllers\Admin\Confirmation.php(204): App\Controllers\Core\AuthController->before([...])
 3 SYSTEMPATH\CodeIgniter.php(933): App\Controllers\Admin\Confirmation->history()
 4 SYSTEMPATH\CodeIgniter.php(509): CodeIgniter\CodeIgniter->runController(Object(App\Controllers\Admin\Confirmation))
 5 SYSTEMPATH\CodeIgniter.php(355): CodeIgniter\CodeIgniter->handleRequest(null, Object(Config\Cache), false)
 6 SYSTEMPATH\Boot.php(325): CodeIgniter\CodeIgniter->run()
 7 SYSTEMPATH\Boot.php(67): CodeIgniter\Boot::runCodeIgniter(Object(CodeIgniter\CodeIgniter))
 8 FCPATH\index.php(56): CodeIgniter\Boot::bootWeb(Object(Config\Paths))
CRITICAL - 2024-08-19 06:44:20 --> ErrorException: Undefined array key "Token"
[Method: GET, Route: admin/confirmation/history]
in APPPATH\Controllers\Core\AuthController.php on line 26.
 1 APPPATH\Controllers\Core\AuthController.php(26): CodeIgniter\Debug\Exceptions->errorHandler(2, 'Undefined array key "Token"', 'C:\\wamp64\\www\\e-commerce\\app\\Controllers\\Core\\AuthController.php', 26)
 2 APPPATH\Controllers\Admin\Confirmation.php(204): App\Controllers\Core\AuthController->before([...])
 3 SYSTEMPATH\CodeIgniter.php(933): App\Controllers\Admin\Confirmation->history()
 4 SYSTEMPATH\CodeIgniter.php(509): CodeIgniter\CodeIgniter->runController(Object(App\Controllers\Admin\Confirmation))
 5 SYSTEMPATH\CodeIgniter.php(355): CodeIgniter\CodeIgniter->handleRequest(null, Object(Config\Cache), false)
 6 SYSTEMPATH\Boot.php(325): CodeIgniter\CodeIgniter->run()
 7 SYSTEMPATH\Boot.php(67): CodeIgniter\Boot::runCodeIgniter(Object(CodeIgniter\CodeIgniter))
 8 FCPATH\index.php(56): CodeIgniter\Boot::bootWeb(Object(Config\Paths))
CRITICAL - 2024-08-19 09:26:59 --> Error: Call to undefined function App\Controllers\Admin\prtint_r()
[Method: POST, Route: admin/user/update]
in APPPATH\Controllers\Admin\User.php on line 170.
 1 SYSTEMPATH\CodeIgniter.php(933): App\Controllers\Admin\User->update()
 2 SYSTEMPATH\CodeIgniter.php(509): CodeIgniter\CodeIgniter->runController(Object(App\Controllers\Admin\User))
 3 SYSTEMPATH\CodeIgniter.php(355): CodeIgniter\CodeIgniter->handleRequest(null, Object(Config\Cache), false)
 4 SYSTEMPATH\Boot.php(325): CodeIgniter\CodeIgniter->run()
 5 SYSTEMPATH\Boot.php(67): CodeIgniter\Boot::runCodeIgniter(Object(CodeIgniter\CodeIgniter))
 6 FCPATH\index.php(56): CodeIgniter\Boot::bootWeb(Object(Config\Paths))
